0 info it worked if it ends with ok
1 verbose cli [ 'node', '/usr/local/bin/npm', 'install' ]
2 info using npm@2.1.8
3 info using node@v0.10.25
4 verbose node symlink /usr/bin/node
5 warn package.json pupino@0.0.0 No repository field.
6 verbose install where, deps [ '/home/raphael/workspace/minium-pupino/minium-pupino-webapp',
6 verbose install   [ 'grunt',
6 verbose install     'grunt-autoprefixer',
6 verbose install     'grunt-build-control',
6 verbose install     'grunt-wiredep',
6 verbose install     'grunt-cli',
6 verbose install     'grunt-contrib-copy',
6 verbose install     'grunt-concurrent',
6 verbose install     'grunt-connect-proxy',
6 verbose install     'grunt-contrib-clean',
6 verbose install     'grunt-contrib-concat',
6 verbose install     'grunt-contrib-connect',
6 verbose install     'grunt-contrib-cssmin',
6 verbose install     'grunt-contrib-htmlmin',
6 verbose install     'grunt-contrib-imagemin',
6 verbose install     'grunt-contrib-jshint',
6 verbose install     'grunt-contrib-uglify',
6 verbose install     'grunt-contrib-watch',
6 verbose install     'grunt-modernizr',
6 verbose install     'grunt-ng-annotate',
6 verbose install     'grunt-rev',
6 verbose install     'grunt-svgmin',
6 verbose install     'grunt-text-replace',
6 verbose install     'grunt-usemin',
6 verbose install     'load-grunt-tasks',
6 verbose install     'grunt-karma',
6 verbose install     'time-grunt',
6 verbose install     'event-stream',
6 verbose install     'karma-script-launcher',
6 verbose install     'karma-chrome-launcher',
6 verbose install     'karma-html2js-preprocessor',
6 verbose install     'karma-jasmine',
6 verbose install     'karma-requirejs',
6 verbose install     'karma-phantomjs-launcher',
6 verbose install     'karma',
6 verbose install     'bower',
6 verbose install     'generator-jhipster',
6 verbose install     'lodash',
6 verbose install     'zeparser' ] ]
7 verbose install where, peers [ '/home/raphael/workspace/minium-pupino/minium-pupino-webapp',
7 verbose install   [] ]
8 info preinstall pupino@0.0.0
9 verbose already installed skipping grunt-contrib-copy@0.5.0 /home/raphael/workspace/minium-pupino/minium-pupino-webapp
10 verbose already installed skipping grunt-concurrent@0.5.0 /home/raphael/workspace/minium-pupino/minium-pupino-webapp
11 verbose already installed skipping grunt-connect-proxy@0.1.10 /home/raphael/workspace/minium-pupino/minium-pupino-webapp
12 verbose already installed skipping grunt-contrib-concat@0.4.0 /home/raphael/workspace/minium-pupino/minium-pupino-webapp
13 verbose already installed skipping grunt-contrib-clean@0.5.0 /home/raphael/workspace/minium-pupino/minium-pupino-webapp
14 verbose already installed skipping grunt-contrib-connect@0.8.0 /home/raphael/workspace/minium-pupino/minium-pupino-webapp
15 verbose already installed skipping grunt-contrib-cssmin@0.9.0 /home/raphael/workspace/minium-pupino/minium-pupino-webapp
16 verbose already installed skipping grunt-contrib-htmlmin@0.3.0 /home/raphael/workspace/minium-pupino/minium-pupino-webapp
17 verbose already installed skipping grunt-contrib-jshint@0.10.0 /home/raphael/workspace/minium-pupino/minium-pupino-webapp
18 verbose already installed skipping grunt-contrib-imagemin@0.7.1 /home/raphael/workspace/minium-pupino/minium-pupino-webapp
19 verbose already installed skipping grunt-contrib-uglify@0.4.0 /home/raphael/workspace/minium-pupino/minium-pupino-webapp
20 verbose already installed skipping grunt-contrib-watch@0.6.1 /home/raphael/workspace/minium-pupino/minium-pupino-webapp
21 verbose already installed skipping grunt-modernizr@0.5.2 /home/raphael/workspace/minium-pupino/minium-pupino-webapp
22 verbose already installed skipping grunt-rev@0.1.0 /home/raphael/workspace/minium-pupino/minium-pupino-webapp
23 verbose already installed skipping grunt-ng-annotate@0.3.2 /home/raphael/workspace/minium-pupino/minium-pupino-webapp
24 verbose already installed skipping grunt-svgmin@0.4.0 /home/raphael/workspace/minium-pupino/minium-pupino-webapp
25 verbose already installed skipping grunt-text-replace@0.3.12 /home/raphael/workspace/minium-pupino/minium-pupino-webapp
26 verbose already installed skipping grunt-usemin@2.2.0 /home/raphael/workspace/minium-pupino/minium-pupino-webapp
27 verbose already installed skipping load-grunt-tasks@0.5.0 /home/raphael/workspace/minium-pupino/minium-pupino-webapp
28 verbose already installed skipping grunt-karma@0.8.3 /home/raphael/workspace/minium-pupino/minium-pupino-webapp
29 verbose already installed skipping event-stream@3.1.5 /home/raphael/workspace/minium-pupino/minium-pupino-webapp
30 verbose already installed skipping time-grunt@0.3.2 /home/raphael/workspace/minium-pupino/minium-pupino-webapp
31 verbose already installed skipping karma-script-launcher@0.1.0 /home/raphael/workspace/minium-pupino/minium-pupino-webapp
32 verbose already installed skipping karma-chrome-launcher@0.1.4 /home/raphael/workspace/minium-pupino/minium-pupino-webapp
33 verbose already installed skipping karma-html2js-preprocessor@0.1.0 /home/raphael/workspace/minium-pupino/minium-pupino-webapp
34 verbose already installed skipping karma-requirejs@0.2.2 /home/raphael/workspace/minium-pupino/minium-pupino-webapp
35 verbose already installed skipping karma-jasmine@0.2.2 /home/raphael/workspace/minium-pupino/minium-pupino-webapp
36 verbose already installed skipping karma@0.12.16 /home/raphael/workspace/minium-pupino/minium-pupino-webapp
37 verbose already installed skipping karma-phantomjs-launcher@0.1.4 /home/raphael/workspace/minium-pupino/minium-pupino-webapp
38 verbose already installed skipping bower@1.3.5 /home/raphael/workspace/minium-pupino/minium-pupino-webapp
39 silly cache add args [ 'generator-jhipster@1.6.0', null ]
40 verbose cache add spec generator-jhipster@1.6.0
41 silly cache add parsed spec { raw: 'generator-jhipster@1.6.0',
41 silly cache add   scope: null,
41 silly cache add   name: 'generator-jhipster',
41 silly cache add   rawSpec: '1.6.0',
41 silly cache add   spec: '1.6.0',
41 silly cache add   type: 'version' }
42 verbose addNamed generator-jhipster@1.6.0
43 silly addNamed semver.valid 1.6.0
44 silly addNamed semver.validRange 1.6.0
45 silly mapToRegistry name generator-jhipster
46 silly mapToRegistry using default registry
47 silly mapToRegistry registry https://registry.npmjs.org/
48 silly mapToRegistry uri https://registry.npmjs.org/generator-jhipster
49 verbose addNameVersion registry:https://registry.npmjs.org/generator-jhipster not in flight; fetching
50 verbose already installed skipping zeparser@0.0.7 /home/raphael/workspace/minium-pupino/minium-pupino-webapp
51 verbose already installed skipping lodash@2.4.1 /home/raphael/workspace/minium-pupino/minium-pupino-webapp
52 verbose already installed skipping grunt-build-control@0.1.3 /home/raphael/workspace/minium-pupino/minium-pupino-webapp
53 verbose already installed skipping grunt@0.4.5 /home/raphael/workspace/minium-pupino/minium-pupino-webapp
54 verbose already installed skipping grunt-autoprefixer@0.7.5 /home/raphael/workspace/minium-pupino/minium-pupino-webapp
55 verbose already installed skipping grunt-wiredep@1.8.0 /home/raphael/workspace/minium-pupino/minium-pupino-webapp
56 verbose already installed skipping grunt-cli@0.1.13 /home/raphael/workspace/minium-pupino/minium-pupino-webapp
57 verbose request uri https://registry.npmjs.org/generator-jhipster
58 verbose request no auth needed
59 info attempt registry request try #1 at 12:40:05
60 verbose request id 2913075869a65cfc
61 verbose etag "7C2W7HVJ124LZ2ZR2WMEUCZ8D"
62 http request GET https://registry.npmjs.org/generator-jhipster
63 http 304 https://registry.npmjs.org/generator-jhipster
64 silly get cb [ 304,
64 silly get   { date: 'Wed, 26 Nov 2014 12:40:08 GMT',
64 silly get     server: 'Apache',
64 silly get     via: '1.1 varnish',
64 silly get     'last-modified': 'Wed, 26 Nov 2014 12:40:08 GMT',
64 silly get     'cache-control': 'max-age=60',
64 silly get     etag: '"7C2W7HVJ124LZ2ZR2WMEUCZ8D"',
64 silly get     age: '0',
64 silly get     'x-served-by': 'cache-lcy1125-LCY',
64 silly get     'x-cache': 'MISS',
64 silly get     'x-cache-hits': '0',
64 silly get     'x-timer': 'S1417005608.296767,VS0,VE152',
64 silly get     vary: 'Accept',
64 silly get     'content-length': '0',
64 silly get     'keep-alive': 'timeout=10, max=50',
64 silly get     connection: 'Keep-Alive' } ]
65 verbose etag https://registry.npmjs.org/generator-jhipster from cache
66 silly cache afterAdd generator-jhipster@1.6.0
67 verbose afterAdd /home/raphael/.npm/generator-jhipster/1.6.0/package/package.json not in flight; writing
68 verbose afterAdd /home/raphael/.npm/generator-jhipster/1.6.0/package/package.json written
69 silly install resolved [ { name: 'generator-jhipster',
69 silly install resolved     version: '1.6.0',
69 silly install resolved     description: 'Java + Spring + JPA + AngularJS complete dev stack',
69 silly install resolved     keywords:
69 silly install resolved      [ 'yeoman-generator',
69 silly install resolved        'Java',
69 silly install resolved        'Spring',
69 silly install resolved        'Spring Security',
69 silly install resolved        'JPA',
69 silly install resolved        'Hibernate',
69 silly install resolved        'AngularJS',
69 silly install resolved        'Twitter Bootstrap' ],
69 silly install resolved     homepage: 'http://jhipster.github.io/',
69 silly install resolved     bugs: { url: 'https://github.com/jhipster/generator-jhipster/issues' },
69 silly install resolved     author: { name: 'Julien Dubois', url: 'https://github.com/jdubois' },
69 silly install resolved     main: 'app/index.js',
69 silly install resolved     repository:
69 silly install resolved      { type: 'git',
69 silly install resolved        url: 'git://github.com/jhipster/generator-jhipster.git' },
69 silly install resolved     scripts: { test: 'mocha --reporter spec' },
69 silly install resolved     dependencies:
69 silly install resolved      { 'yeoman-generator': '0.17.6',
69 silly install resolved        cheerio: '0.17.0',
69 silly install resolved        'underscore.string': '2.3.3',
69 silly install resolved        shelljs: '0.3.0',
69 silly install resolved        chalk: '0.5.1',
69 silly install resolved        grunt: '0.4.5' },
69 silly install resolved     devDependencies: { grunt: '0.4.5', mocha: '1.21.5' },
69 silly install resolved     peerDependencies: { yo: '>=1.3.0' },
69 silly install resolved     engines: { node: '>=0.10.0', npm: '>=1.4.0' },
69 silly install resolved     licenses: [ [Object] ],
69 silly install resolved     readme: '[![Build Status](https://travis-ci.org/jhipster/generator-jhipster.svg?branch=master)](https://travis-ci.org/jhipster/generator-jhipster)\n\nFull documentation and information is available on our website at [http://jhipster.github.io/](http://jhipster.github.io/)\n',
69 silly install resolved     readmeFilename: 'README.md',
69 silly install resolved     _id: 'generator-jhipster@1.6.0',
69 silly install resolved     _from: 'generator-jhipster@1.6.0' } ]
70 info install generator-jhipster@1.6.0 into /home/raphael/workspace/minium-pupino/minium-pupino-webapp
71 info installOne generator-jhipster@1.6.0
72 verbose installOne of generator-jhipster to /home/raphael/workspace/minium-pupino/minium-pupino-webapp not in flight; installing
73 warn locking Error: EACCES, open '/home/raphael/.npm/_locks/generator-jhipster-df3c6fd1187abdd4.lock'
73 warn locking  /home/raphael/.npm/_locks/generator-jhipster-df3c6fd1187abdd4.lock failed { [Error: EACCES, open '/home/raphael/.npm/_locks/generator-jhipster-df3c6fd1187abdd4.lock']
73 warn locking   errno: 3,
73 warn locking   code: 'EACCES',
73 warn locking   path: '/home/raphael/.npm/_locks/generator-jhipster-df3c6fd1187abdd4.lock' }
74 verbose stack Error: Attempt to unlock /home/raphael/workspace/minium-pupino/minium-pupino-webapp/node_modules/generator-jhipster, which hasn't been locked
74 verbose stack     at unlock (/usr/local/lib/node_modules/npm/lib/utils/locker.js:66:11)
74 verbose stack     at cb (/usr/local/lib/node_modules/npm/lib/install.js:929:5)
74 verbose stack     at /usr/local/lib/node_modules/npm/lib/install.js:933:20
74 verbose stack     at /usr/local/lib/node_modules/npm/lib/utils/locker.js:40:9
74 verbose stack     at cb (/usr/local/lib/node_modules/npm/node_modules/lockfile/lockfile.js:149:38)
74 verbose stack     at /usr/local/lib/node_modules/npm/node_modules/lockfile/lockfile.js:177:38
74 verbose stack     at Object.oncomplete (fs.js:107:15)
75 verbose cwd /home/raphael/workspace/minium-pupino/minium-pupino-webapp
76 error Linux 3.13.0-39-generic
77 error argv "node" "/usr/local/bin/npm" "install"
78 error node v0.10.25
79 error npm  v2.1.8
80 error Attempt to unlock /home/raphael/workspace/minium-pupino/minium-pupino-webapp/node_modules/generator-jhipster, which hasn't been locked
81 error If you need help, you may report this error at:
81 error     <http://github.com/npm/npm/issues>
82 verbose exit [ 1, true ]
