#
# A fatal error has been detected by the Java Runtime Environment:
#
#  SIGSEGV (0xb) at pc=0x00007f6e61156055, pid=25078, tid=140111846786816
#
# JRE version: Java(TM) SE Runtime Environment (7.0_76-b13) (build 1.7.0_76-b13)
# Java VM: Java HotSpot(TM) 64-Bit Server VM (24.76-b04 mixed mode linux-amd64 compressed oops)
# Problematic frame:
# V  [libjvm.so+0x559055]  GCTimer::register_gc_phase_end(Ticks const&)+0x35
#
# Failed to write core dump. Core dumps have been disabled. To enable core dumping, try "ulimit -c unlimited" before starting Java again
#
# If you would like to submit a bug report, please visit:
#   http://bugreport.java.com/bugreport/crash.jsp
#

---------------  T H R E A D  ---------------

Current thread (0x00007f6e5c071000):  VMThread [stack: 0x00007f6e54cb4000,0x00007f6e54db5000] [id=25089]

siginfo:si_signo=SIGSEGV: si_errno=0, si_code=1 (SEGV_MAPERR), si_addr=0x0000000000000018

Registers:
RAX=0x0000000073feb26e, RBX=0x00007f6e61a4c580, RCX=0x0000000000000000, RDX=0x0000000000000008
RSP=0x00007f6e54db34e0, RBP=0x00007f6e54db3540, RSI=0x00007f6e54db3570, RDI=0x0000000000000038
R8 =0x0000000000000000, R9 =0x0000000000000001, R10=0x00000000550b043b, R11=0x0000000000000000
R12=0x00007f6e54db3570, R13=0x00007f6e5c02eee0, R14=0x0000000000000004, R15=0x00007f6e54db38f0
RIP=0x00007f6e61156055, EFLAGS=0x0000000000010212, CSGSFS=0x0000000000000033, ERR=0x0000000000000004
  TRAPNO=0x000000000000000e

Top of Stack: (sp=0x00007f6e54db34e0)
0x00007f6e54db34e0:   00007f6e54db3570 00007f6e5c02eee0
0x00007f6e54db34f0:   0000000000000004 00007f6e54db38f0
0x00007f6e54db3500:   00007f6e54db3520 00007f6e61418473
0x00007f6e54db3510:   00000000550b043b 00000000000499a1
0x00007f6e54db3520:   00007f6e54db3540 00007f6e61563221
0x00007f6e54db3530:   00007f6e54db3550 00007f6e54db3890
0x00007f6e54db3540:   00007f6e54db3590 00007f6e6115d718
0x00007f6e54db3550:   0000000000000004 00007f6e5c02eee0
0x00007f6e54db3560:   0000000000000004 00007f6e54db38f0
0x00007f6e54db3570:   0000000073feb26e 0000000000000000
0x00007f6e54db3580:   00007f6e54db3860 0000000000000004
0x00007f6e54db3590:   00007f6e54db39d0 00007f6e61487c44
0x00007f6e54db35a0:   00007f6e00000001 0000000000000001
0x00007f6e54db35b0:   0000005b00000001 0000000000000001
0x00007f6e54db35c0:   0000000000000000 000000770000006e
0x00007f6e54db35d0:   0000000000000000 00007f6e54db37f0
0x00007f6e54db35e0:   00007f6e54db37b0 00007f6e54db38c0
0x00007f6e54db35f0:   00007f6e61a4ad70 00007f6e61a3e8d9
0x00007f6e54db3600:   00007f6e54db3890 00007f6e54db3960
0x00007f6e54db3610:   07007f6e38000d00 00007f6e54db3950
0x00007f6e54db3620:   00007f6e5c01f710 00007f6e0000000a
0x00007f6e54db3630:   00007f6e5c022410 00007f6e5c0224a0
0x00007f6e54db3640:   00007f6e5c0243b0 00007f6e5c023dd0
0x00007f6e54db3650:   000000000a57c4d0 0000000008a7b238
0x00007f6e54db3660:   00000000dae71e40 00007f6e5c06f2c0
0x00007f6e54db3670:   0700000000000010 00007f6e5c02eeb0
0x00007f6e54db3680:   00007f6e5c02eec0 00007f6e5c02f298
0x00007f6e54db3690:   00007f6e5c0705a0 00000000000003d8
0x00007f6e54db36a0:   0000000000360253 00007f6e54db36e0
0x00007f6e54db36b0:   0000000000000000 00007f6e57dd3350
0x00007f6e54db36c0:   00007f6e54db37d0 00007f6e57dd3350
0x00007f6e54db36d0:   0000000073fe5f5d 0000000000000000 

Instructions: (pc=0x00007f6e61156055)
0x00007f6e61156035:   01 89 47 44 48 98 48 63 44 87 30 48 8d 14 c5 00
0x00007f6e61156045:   00 00 00 48 89 c7 48 8b 06 48 c1 e7 06 48 29 d7
0x00007f6e61156055:   48 03 79 18 48 89 47 28 48 8b 46 08 48 89 47 30
0x00007f6e61156065:   8b 47 10 85 c0 75 77 48 8b 57 18 48 8b 47 20 48 

Register to memory mapping:

RAX=0x0000000073feb26e is an unknown value
RBX=0x00007f6e61a4c580: <offset 0xe4f580> in /usr/lib/jvm/java-7-oracle/jre/lib/amd64/server/libjvm.so at 0x00007f6e60bfd000
RCX=0x0000000000000000 is an unknown value
RDX=0x0000000000000008 is an unknown value
RSP=0x00007f6e54db34e0 is an unknown value
RBP=0x00007f6e54db3540 is an unknown value
RSI=0x00007f6e54db3570 is an unknown value
RDI=0x0000000000000038 is an unknown value
R8 =0x0000000000000000 is an unknown value
R9 =0x0000000000000001 is an unknown value
R10=0x00000000550b043b is an unknown value
R11=0x0000000000000000 is an unknown value
R12=0x00007f6e54db3570 is an unknown value
R13=0x00007f6e5c02eee0 is an unknown value
R14=0x0000000000000004 is an unknown value
R15=0x00007f6e54db38f0 is an unknown value


Stack: [0x00007f6e54cb4000,0x00007f6e54db5000],  sp=0x00007f6e54db34e0,  free space=1021k
Native frames: (J=compiled Java code, j=interpreted, Vv=VM code, C=native code)
V  [libjvm.so+0x559055]  GCTimer::register_gc_phase_end(Ticks const&)+0x35
V  [libjvm.so+0x560718]  GCTraceTime::~GCTraceTime()+0x48
V  [libjvm.so+0x88ac44]  PSScavenge::invoke_no_policy()+0xa44
V  [libjvm.so+0x88b981]  PSScavenge::invoke()+0x41
V  [libjvm.so+0x842300]  ParallelScavengeHeap::failed_mem_allocate(unsigned long)+0x70
V  [libjvm.so+0x9a4b47]  VM_ParallelGCFailedAllocation::doit()+0x97
V  [libjvm.so+0x9abfe5]  VM_Operation::evaluate()+0x55
V  [libjvm.so+0x9aa3aa]  VMThread::evaluate_operation(VM_Operation*)+0xba
V  [libjvm.so+0x9aa72e]  VMThread::loop()+0x1ce
V  [libjvm.so+0x9aaba0]  VMThread::run()+0x70
V  [libjvm.so+0x821ca8]  java_start(Thread*)+0x108

VM_Operation (0x00007f6e545a92c0): ParallelGCFailedAllocation, mode: safepoint, requested by thread 0x00007f6e3400e800


---------------  P R O C E S S  ---------------

Java Threads: ( => current thread )
  0x00007f6e3400e800 JavaThread "SIGTERM handler" daemon [_thread_blocked, id=26441, stack(0x00007f6e544aa000,0x00007f6e545ab000)]
  0x00007f6dd4025800 JavaThread "jsengine-thread-4" daemon [_thread_blocked, id=25324, stack(0x00007f6de1b03000,0x00007f6de1c04000)]
  0x00007f6e3400c800 JavaThread "Thread-7" daemon [_thread_in_native, id=25228, stack(0x00007f6de1c04000,0x00007f6de1d05000)]
  0x00007f6e34009800 JavaThread "Thread-6" daemon [_thread_in_native, id=25227, stack(0x00007f6de1d05000,0x00007f6de1e06000)]
  0x00007f6e34008800 JavaThread "process reaper" daemon [_thread_in_native, id=25226, stack(0x00007f6e4c014000,0x00007f6e4c04d000)]
  0x00007f6dcc15f000 JavaThread "Thread-5" daemon [_thread_blocked, id=25223, stack(0x00007f6de1f07000,0x00007f6de2008000)]
  0x00007f6de8164000 JavaThread "WebSocket background processing" daemon [_thread_blocked, id=25203, stack(0x00007f6de2d6e000,0x00007f6de2e6f000)]
  0x00007f6de8161800 JavaThread "MessageBrokerSockJS-4" [_thread_blocked, id=25202, stack(0x00007f6de2e6f000,0x00007f6de2f70000)]
  0x00007f6de8160800 JavaThread "WebSocketServer-localhost-ROOT-1" daemon [_thread_blocked, id=25201, stack(0x00007f6de2f70000,0x00007f6de3071000)]
  0x00007f6e04001000 JavaThread "MessageBrokerSockJS-3" [_thread_blocked, id=25200, stack(0x00007f6e4f720000,0x00007f6e4f821000)]
  0x00007f6de8006000 JavaThread "MessageBrokerSockJS-2" [_thread_blocked, id=25199, stack(0x00007f6e4f61f000,0x00007f6e4f720000)]
  0x00007f6dcc004800 JavaThread "jsengine-thread-3" daemon [_thread_blocked, id=25198, stack(0x00007f6de3071000,0x00007f6de3172000)]
  0x00007f6dcc007000 JavaThread "jsengine-thread-2" daemon [_thread_blocked, id=25195, stack(0x00007f6de3172000,0x00007f6de3273000)]
  0x00007f6dd8174000 JavaThread "jsengine-thread-1" daemon [_thread_blocked, id=25194, stack(0x00007f6de3273000,0x00007f6de3374000)]
  0x00007f6dd8122000 JavaThread "jsengine-thread-0" daemon [_thread_blocked, id=25193, stack(0x00007f6de3374000,0x00007f6de3475000)]
  0x00007f6dfc004800 JavaThread "http-nio-8081-exec-8" daemon [_thread_blocked, id=25191, stack(0x00007f6de3475000,0x00007f6de3576000)]
  0x00007f6df000d000 JavaThread "http-nio-8081-exec-10" daemon [_thread_blocked, id=25190, stack(0x00007f6de3576000,0x00007f6de3677000)]
  0x00007f6df000b000 JavaThread "http-nio-8081-exec-9" daemon [_thread_blocked, id=25189, stack(0x00007f6de3677000,0x00007f6de3778000)]
  0x00007f6df0009800 JavaThread "http-nio-8081-exec-7" daemon [_thread_blocked, id=25188, stack(0x00007f6de3778000,0x00007f6de3879000)]
  0x00007f6df0008000 JavaThread "http-nio-8081-exec-6" daemon [_thread_blocked, id=25186, stack(0x00007f6de3879000,0x00007f6de397a000)]
  0x00007f6dfc003000 JavaThread "http-nio-8081-exec-5" daemon [_thread_blocked, id=25184, stack(0x00007f6de397a000,0x00007f6de3a7b000)]
  0x00007f6df0006800 JavaThread "http-nio-8081-exec-4" daemon [_thread_blocked, id=25183, stack(0x00007f6de3a7b000,0x00007f6de3b7c000)]
  0x00007f6df0004800 JavaThread "http-nio-8081-exec-3" daemon [_thread_blocked, id=25179, stack(0x00007f6de3b7c000,0x00007f6de3c7d000)]
  0x00007f6dfc001000 JavaThread "http-nio-8081-exec-2" daemon [_thread_blocked, id=25178, stack(0x00007f6de3c7d000,0x00007f6de3d7e000)]
  0x00007f6df0003800 JavaThread "http-nio-8081-exec-1" daemon [_thread_blocked, id=25177, stack(0x00007f6e4c04d000,0x00007f6e4c14e000)]
  0x00007f6e5c011800 JavaThread "DestroyJavaVM" [_thread_blocked, id=25083, stack(0x00007f6e607f6000,0x00007f6e608f7000)]
  0x00007f6e5cd30800 JavaThread "AWT-XAWT" daemon [_thread_in_native, id=25116, stack(0x00007f6e4d20c000,0x00007f6e4d30d000)]
  0x00007f6e5cd14000 JavaThread "Java2D Disposer" daemon [_thread_blocked, id=25115, stack(0x00007f6e4d739000,0x00007f6e4d83a000)]
  0x00007f6e5cccf000 JavaThread "http-nio-8081-Acceptor-0" daemon [_thread_in_native, id=25114, stack(0x00007f6e4ef0d000,0x00007f6e4f00e000)]
  0x00007f6e5cccb800 JavaThread "http-nio-8081-ClientPoller-1" daemon [_thread_in_native, id=25113, stack(0x00007f6e4f00e000,0x00007f6e4f10f000)]
  0x00007f6e5ccbc800 JavaThread "http-nio-8081-ClientPoller-0" daemon [_thread_in_native, id=25112, stack(0x00007f6e4f10f000,0x00007f6e4f210000)]
  0x00007f6e5ccad000 JavaThread "NioBlockingSelector.BlockPoller-1" daemon [_thread_in_native, id=25111, stack(0x00007f6e4f210000,0x00007f6e4f311000)]
  0x00007f6e5c57c800 JavaThread "MessageBrokerSockJS-1" [_thread_blocked, id=25110, stack(0x00007f6e4f311000,0x00007f6e4f412000)]
  0x00007f6e5ca1c800 JavaThread "container-0" [_thread_blocked, id=25109, stack(0x00007f6e4f412000,0x00007f6e4f513000)]
  0x00007f6e081e8000 JavaThread "ContainerBackgroundProcessor[StandardEngine[Tomcat].StandardHost[localhost].StandardContext[]]" daemon [_thread_blocked, id=25108, stack(0x00007f6e4f513000,0x00007f6e4f614000)]
  0x00007f6e5c0b2000 JavaThread "Service Thread" daemon [_thread_blocked, id=25104, stack(0x00007f6e541a7000,0x00007f6e542a8000)]
  0x00007f6e5c0b0000 JavaThread "C2 CompilerThread1" daemon [_thread_blocked, id=25103, stack(0x00007f6e542a8000,0x00007f6e543a9000)]
  0x00007f6e5c0ad000 JavaThread "C2 CompilerThread0" daemon [_thread_blocked, id=25102, stack(0x00007f6e543a9000,0x00007f6e544aa000)]
  0x00007f6e5c0aa800 JavaThread "JDWP Event Helper Thread" daemon [_thread_blocked, id=25097, stack(0x00007f6e545ab000,0x00007f6e546ac000)]
  0x00007f6e5c0a7000 JavaThread "JDWP Transport Listener: dt_socket" daemon [_thread_in_native, id=25096, stack(0x00007f6e546ac000,0x00007f6e547ad000)]
  0x00007f6e5c098000 JavaThread "Signal Dispatcher" daemon [_thread_blocked, id=25092, stack(0x00007f6e549b1000,0x00007f6e54ab2000)]
  0x00007f6e5c077800 JavaThread "Finalizer" daemon [_thread_blocked, id=25091, stack(0x00007f6e54ab2000,0x00007f6e54bb3000)]
  0x00007f6e5c075800 JavaThread "Reference Handler" daemon [_thread_blocked, id=25090, stack(0x00007f6e54bb3000,0x00007f6e54cb4000)]

Other Threads:
=>0x00007f6e5c071000 VMThread [stack: 0x00007f6e54cb4000,0x00007f6e54db5000] [id=25089]
  0x00007f6e5c0bd000 WatcherThread [stack: 0x00007f6e540a6000,0x00007f6e541a7000] [id=25105]

VM state:at safepoint (normal execution)

VM Mutex/Monitor currently owned by a thread:  ([mutex/lock_event])
[0x00007f6e5c00d940] Threads_lock - owner thread: 0x00007f6e5c071000
[0x00007f6e5c00de40] Heap_lock - owner thread: 0x00007f6e3400e800

Heap
 PSYoungGen      total 141824K, used 141804K [0x00000000f5500000, 0x0000000100000000, 0x0000000100000000)
  eden space 128000K, 100% used [0x00000000f5500000,0x00000000fd200000,0x00000000fd200000)
  from space 13824K, 99% used [0x00000000ff280000,0x00000000ffffb238,0x0000000100000000)
  to   space 23552K, 3% used [0x00000000fd200000,0x00000000fd2beff8,0x00000000fe900000)
 ParOldGen       total 83968K, used 38835K [0x00000000e0000000, 0x00000000e5200000, 0x00000000f5500000)
  object space 83968K, 46% used [0x00000000e0000000,0x00000000e25ecc20,0x00000000e5200000)
 PSPermGen       total 47616K, used 47559K [0x00000000d8000000, 0x00000000dae80000, 0x00000000e0000000)
  object space 47616K, 99% used [0x00000000d8000000,0x00000000dae71e40,0x00000000dae80000)

Card table byte_map: [0x00007f6e57946000,0x00007f6e57a87000] byte_map_base: 0x00007f6e57286000

Polling page: 0x00007f6e62693000

Code Cache  [0x00007f6e57a87000, 0x00007f6e57e47000, 0x00007f6e5aa87000)
 total_blobs=1588 nmethods=1072 adapters=476 free_code_cache=45584Kb largest_free_block=46419776

Compilation events (10 events):
Event: 755,330 Thread 0x00007f6e5c0b0000 1234             java.util.concurrent.locks.ReentrantLock$Sync::nonfairTryAcquire (67 bytes)
Event: 755,331 Thread 0x00007f6e5c0b0000 nmethod 1234 0x00007f6e57cb2c90 code [0x00007f6e57cb2dc0, 0x00007f6e57cb2e98]
Event: 1361,308 Thread 0x00007f6e5c0ad000 1236             java.nio.channels.spi.AbstractInterruptibleChannel::blockedOn (13 bytes)
Event: 1361,318 Thread 0x00007f6e5c0ad000 nmethod 1236 0x00007f6e57cb2290 code [0x00007f6e57cb23e0, 0x00007f6e57cb2718]
Event: 1615,924 Thread 0x00007f6e5c0b0000 1238             java.nio.channels.spi.AbstractSelector::cancelledKeys (5 bytes)
Event: 1615,925 Thread 0x00007f6e5c0b0000 nmethod 1238 0x00007f6e57cb3150 code [0x00007f6e57cb3280, 0x00007f6e57cb32d8]
Event: 1772,445 Thread 0x00007f6e5c0ad000 1239             java.util.concurrent.locks.AbstractQueuedSynchronizer::release (33 bytes)
Event: 1772,451 Thread 0x00007f6e5c0ad000 nmethod 1239 0x00007f6e57c7a090 code [0x00007f6e57c7a1e0, 0x00007f6e57c7a428]
Event: 1835,211 Thread 0x00007f6e5c0b0000 1240             java.util.concurrent.ConcurrentHashMap$HashIterator::hasNext (13 bytes)
Event: 1835,212 Thread 0x00007f6e5c0b0000 nmethod 1240 0x00007f6e57c79e90 code [0x00007f6e57c79fc0, 0x00007f6e57c7a018]

GC Heap History (10 events):
Event: 3,276 GC heap after
Heap after GC invocations=6 (full 0):
 PSYoungGen      total 133120K, used 5112K [0x00000000f5500000, 0x00000000fdf00000, 0x0000000100000000)
  eden space 128000K, 0% used [0x00000000f5500000,0x00000000f5500000,0x00000000fd200000)
  from space 5120K, 99% used [0x00000000fd800000,0x00000000fdcfe048,0x00000000fdd00000)
  to   space 6144K, 0% used [0x00000000fd200000,0x00000000fd200000,0x00000000fd800000)
 ParOldGen       total 83968K, used 1091K [0x00000000e0000000, 0x00000000e5200000, 0x00000000f5500000)
  object space 83968K, 1% used [0x00000000e0000000,0x00000000e0110ce0,0x00000000e5200000)
 PSPermGen       total 21504K, used 14511K [0x00000000d8000000, 0x00000000d9500000, 0x00000000e0000000)
  object space 21504K, 67% used [0x00000000d8000000,0x00000000d8e2bd68,0x00000000d9500000)
}
Event: 4,718 GC heap before
{Heap before GC invocations=7 (full 0):
 PSYoungGen      total 133120K, used 133112K [0x00000000f5500000, 0x00000000fdf00000, 0x0000000100000000)
  eden space 128000K, 100% used [0x00000000f5500000,0x00000000fd200000,0x00000000fd200000)
  from space 5120K, 99% used [0x00000000fd800000,0x00000000fdcfe048,0x00000000fdd00000)
  to   space 6144K, 0% used [0x00000000fd200000,0x00000000fd200000,0x00000000fd800000)
 ParOldGen       total 83968K, used 1091K [0x00000000e0000000, 0x00000000e5200000, 0x00000000f5500000)
  object space 83968K, 1% used [0x00000000e0000000,0x00000000e0110ce0,0x00000000e5200000)
 PSPermGen       total 22016K, used 21714K [0x00000000d8000000, 0x00000000d9580000, 0x00000000e0000000)
  object space 22016K, 98% used [0x00000000d8000000,0x00000000d9534a88,0x00000000d9580000)
Event: 4,748 GC heap after
Heap after GC invocations=7 (full 0):
 PSYoungGen      total 134144K, used 6128K [0x00000000f5500000, 0x0000000100000000, 0x0000000100000000)
  eden space 128000K, 0% used [0x00000000f5500000,0x00000000f5500000,0x00000000fd200000)
  from space 6144K, 99% used [0x00000000fd200000,0x00000000fd7fc010,0x00000000fd800000)
  to   space 10752K, 0% used [0x00000000ff580000,0x00000000ff580000,0x0000000100000000)
 ParOldGen       total 83968K, used 8411K [0x00000000e0000000, 0x00000000e5200000, 0x00000000f5500000)
  object space 83968K, 10% used [0x00000000e0000000,0x00000000e0836ed8,0x00000000e5200000)
 PSPermGen       total 22016K, used 21714K [0x00000000d8000000, 0x00000000d9580000, 0x00000000e0000000)
  object space 22016K, 98% used [0x00000000d8000000,0x00000000d9534a88,0x00000000d9580000)
}
Event: 5,742 GC heap before
{Heap before GC invocations=8 (full 0):
 PSYoungGen      total 134144K, used 134128K [0x00000000f5500000, 0x0000000100000000, 0x0000000100000000)
  eden space 128000K, 100% used [0x00000000f5500000,0x00000000fd200000,0x00000000fd200000)
  from space 6144K, 99% used [0x00000000fd200000,0x00000000fd7fc010,0x00000000fd800000)
  to   space 10752K, 0% used [0x00000000ff580000,0x00000000ff580000,0x0000000100000000)
 ParOldGen       total 83968K, used 8411K [0x00000000e0000000, 0x00000000e5200000, 0x00000000f5500000)
  object space 83968K, 10% used [0x00000000e0000000,0x00000000e0836ed8,0x00000000e5200000)
 PSPermGen       total 27136K, used 26946K [0x00000000d8000000, 0x00000000d9a80000, 0x00000000e0000000)
  object space 27136K, 99% used [0x00000000d8000000,0x00000000d9a50a50,0x00000000d9a80000)
Event: 5,786 GC heap after
Heap after GC invocations=8 (full 0):
 PSYoungGen      total 158208K, used 10721K [0x00000000f5500000, 0x0000000100000000, 0x0000000100000000)
  eden space 147456K, 0% used [0x00000000f5500000,0x00000000f5500000,0x00000000fe500000)
  from space 10752K, 99% used [0x00000000ff580000,0x00000000ffff84c0,0x0000000100000000)
  to   space 13824K, 0% used [0x00000000fe500000,0x00000000fe500000,0x00000000ff280000)
 ParOldGen       total 83968K, used 11256K [0x00000000e0000000, 0x00000000e5200000, 0x00000000f5500000)
  object space 83968K, 13% used [0x00000000e0000000,0x00000000e0afe2e0,0x00000000e5200000)
 PSPermGen       total 27136K, used 26946K [0x00000000d8000000, 0x00000000d9a80000, 0x00000000e0000000)
  object space 27136K, 99% used [0x00000000d8000000,0x00000000d9a50a50,0x00000000d9a80000)
}
Event: 11,227 GC heap before
{Heap before GC invocations=9 (full 0):
 PSYoungGen      total 158208K, used 158177K [0x00000000f5500000, 0x0000000100000000, 0x0000000100000000)
  eden space 147456K, 100% used [0x00000000f5500000,0x00000000fe500000,0x00000000fe500000)
  from space 10752K, 99% used [0x00000000ff580000,0x00000000ffff84c0,0x0000000100000000)
  to   space 13824K, 0% used [0x00000000fe500000,0x00000000fe500000,0x00000000ff280000)
 ParOldGen       total 83968K, used 11256K [0x00000000e0000000, 0x00000000e5200000, 0x00000000f5500000)
  object space 83968K, 13% used [0x00000000e0000000,0x00000000e0afe2e0,0x00000000e5200000)
 PSPermGen       total 35328K, used 35277K [0x00000000d8000000, 0x00000000da280000, 0x00000000e0000000)
  object space 35328K, 99% used [0x00000000d8000000,0x00000000da273618,0x00000000da280000)
Event: 11,260 GC heap after
Heap after GC invocations=9 (full 0):
 PSYoungGen      total 161280K, used 13817K [0x00000000f5500000, 0x0000000100000000, 0x0000000100000000)
  eden space 147456K, 0% used [0x00000000f5500000,0x00000000f5500000,0x00000000fe500000)
  from space 13824K, 99% used [0x00000000fe500000,0x00000000ff27e680,0x00000000ff280000)
  to   space 13824K, 0% used [0x00000000ff280000,0x00000000ff280000,0x0000000100000000)
 ParOldGen       total 83968K, used 16552K [0x00000000e0000000, 0x00000000e5200000, 0x00000000f5500000)
  object space 83968K, 19% used [0x00000000e0000000,0x00000000e102a1a8,0x00000000e5200000)
 PSPermGen       total 35328K, used 35277K [0x00000000d8000000, 0x00000000da280000, 0x00000000e0000000)
  object space 35328K, 99% used [0x00000000d8000000,0x00000000da273618,0x00000000da280000)
}
Event: 34,427 GC heap before
{Heap before GC invocations=10 (full 0):
 PSYoungGen      total 161280K, used 161273K [0x00000000f5500000, 0x0000000100000000, 0x0000000100000000)
  eden space 147456K, 100% used [0x00000000f5500000,0x00000000fe500000,0x00000000fe500000)
  from space 13824K, 99% used [0x00000000fe500000,0x00000000ff27e680,0x00000000ff280000)
  to   space 13824K, 0% used [0x00000000ff280000,0x00000000ff280000,0x0000000100000000)
 ParOldGen       total 83968K, used 16552K [0x00000000e0000000, 0x00000000e5200000, 0x00000000f5500000)
  object space 83968K, 19% used [0x00000000e0000000,0x00000000e102a1a8,0x00000000e5200000)
 PSPermGen       total 46592K, used 46158K [0x00000000d8000000, 0x00000000dad80000, 0x00000000e0000000)
  object space 46592K, 99% used [0x00000000d8000000,0x00000000dad13a40,0x00000000dad80000)
Event: 34,455 GC heap after
Heap after GC invocations=10 (full 0):
 PSYoungGen      total 141824K, used 13804K [0x00000000f5500000, 0x0000000100000000, 0x0000000100000000)
  eden space 128000K, 0% used [0x00000000f5500000,0x00000000f5500000,0x00000000fd200000)
  from space 13824K, 99% used [0x00000000ff280000,0x00000000ffffb238,0x0000000100000000)
  to   space 23552K, 0% used [0x00000000fd200000,0x00000000fd200000,0x00000000fe900000)
 ParOldGen       total 83968K, used 27652K [0x00000000e0000000, 0x00000000e5200000, 0x00000000f5500000)
  object space 83968K, 32% used [0x00000000e0000000,0x00000000e1b01298,0x00000000e5200000)
 PSPermGen       total 46592K, used 46158K [0x00000000d8000000, 0x00000000dad80000, 0x00000000e0000000)
  object space 46592K, 99% used [0x00000000d8000000,0x00000000dad13a40,0x00000000dad80000)
}
Event: 1946,050 GC heap before
{Heap before GC invocations=11 (full 0):
 PSYoungGen      total 141824K, used 141804K [0x00000000f5500000, 0x0000000100000000, 0x0000000100000000)
  eden space 128000K, 100% used [0x00000000f5500000,0x00000000fd200000,0x00000000fd200000)
  from space 13824K, 99% used [0x00000000ff280000,0x00000000ffffb238,0x0000000100000000)
  to   space 23552K, 0% used [0x00000000fd200000,0x00000000fd200000,0x00000000fe900000)
 ParOldGen       total 83968K, used 27652K [0x00000000e0000000, 0x00000000e5200000, 0x00000000f5500000)
  object space 83968K, 32% used [0x00000000e0000000,0x00000000e1b01298,0x00000000e5200000)
 PSPermGen       total 47616K, used 47559K [0x00000000d8000000, 0x00000000dae80000, 0x00000000e0000000)
  object space 47616K, 99% used [0x00000000d8000000,0x00000000dae71e40,0x00000000dae80000)

Deoptimization events (10 events):
Event: 79,051 Thread 0x00007f6df0008000 Uncommon trap: reason=class_check action=maybe_recompile pc=0x00007f6e57c89bd4 method=org.springframework.web.util.UrlPathHelper.determineEncoding(Ljavax/servlet/http/HttpServletRequest;)Ljava/lang/String; @ 1
Event: 79,051 Thread 0x00007f6df0008000 Uncommon trap: reason=class_check action=maybe_recompile pc=0x00007f6e57d5a658 method=org.springframework.web.util.UrlPathHelper.getContextPath(Ljavax/servlet/http/HttpServletRequest;)Ljava/lang/String; @ 3
Event: 79,051 Thread 0x00007f6df0008000 Uncommon trap: reason=class_check action=maybe_recompile pc=0x00007f6e57d3cf48 method=org.springframework.web.util.UrlPathHelper.determineEncoding(Ljavax/servlet/http/HttpServletRequest;)Ljava/lang/String; @ 1
Event: 79,051 Thread 0x00007f6df0008000 Uncommon trap: reason=class_check action=maybe_recompile pc=0x00007f6e57b5a6bc method=org.springframework.web.util.UrlPathHelper.getRequestUri(Ljavax/servlet/http/HttpServletRequest;)Ljava/lang/String; @ 3
Event: 79,051 Thread 0x00007f6df0008000 Uncommon trap: reason=class_check action=maybe_recompile pc=0x00007f6e57c89bd4 method=org.springframework.web.util.UrlPathHelper.determineEncoding(Ljavax/servlet/http/HttpServletRequest;)Ljava/lang/String; @ 1
Event: 79,051 Thread 0x00007f6df0008000 Uncommon trap: reason=class_check action=maybe_recompile pc=0x00007f6e57d5a658 method=org.springframework.web.util.UrlPathHelper.getContextPath(Ljavax/servlet/http/HttpServletRequest;)Ljava/lang/String; @ 3
Event: 79,051 Thread 0x00007f6df0008000 Uncommon trap: reason=class_check action=maybe_recompile pc=0x00007f6e57d3cf48 method=org.springframework.web.util.UrlPathHelper.determineEncoding(Ljavax/servlet/http/HttpServletRequest;)Ljava/lang/String; @ 1
Event: 79,051 Thread 0x00007f6df0008000 Uncommon trap: reason=class_check action=maybe_recompile pc=0x00007f6e57b5a6bc method=org.springframework.web.util.UrlPathHelper.getRequestUri(Ljavax/servlet/http/HttpServletRequest;)Ljava/lang/String; @ 3
Event: 79,051 Thread 0x00007f6df0008000 Uncommon trap: reason=class_check action=maybe_recompile pc=0x00007f6e57d5a658 method=org.springframework.web.util.UrlPathHelper.getContextPath(Ljavax/servlet/http/HttpServletRequest;)Ljava/lang/String; @ 3
Event: 79,051 Thread 0x00007f6df0008000 Uncommon trap: reason=class_check action=maybe_recompile pc=0x00007f6e57b5a6bc method=org.springframework.web.util.UrlPathHelper.getRequestUri(Ljavax/servlet/http/HttpServletRequest;)Ljava/lang/String; @ 3

Internal exceptions (10 events):
Event: 59,763 Thread 0x00007f6df0008000 Threw 0x00000000fc8e0778 at /HUDSON/workspace/7u-2-build-linux-amd64/jdk7u76/1941/hotspot/src/share/vm/prims/jvm.cpp:1304
Event: 59,766 Thread 0x00007f6df0008000 Threw 0x00000000fc8f42e8 at /HUDSON/workspace/7u-2-build-linux-amd64/jdk7u76/1941/hotspot/src/share/vm/prims/jvm.cpp:1304
Event: 59,770 Thread 0x00007f6df0008000 Threw 0x00000000fc908418 at /HUDSON/workspace/7u-2-build-linux-amd64/jdk7u76/1941/hotspot/src/share/vm/prims/jvm.cpp:1304
Event: 59,773 Thread 0x00007f6df0008000 Threw 0x00000000fc91c168 at /HUDSON/workspace/7u-2-build-linux-amd64/jdk7u76/1941/hotspot/src/share/vm/prims/jvm.cpp:1304
Event: 59,775 Thread 0x00007f6df0008000 Threw 0x00000000fc92fec0 at /HUDSON/workspace/7u-2-build-linux-amd64/jdk7u76/1941/hotspot/src/share/vm/prims/jvm.cpp:1304
Event: 59,778 Thread 0x00007f6df0008000 Threw 0x00000000fc943e30 at /HUDSON/workspace/7u-2-build-linux-amd64/jdk7u76/1941/hotspot/src/share/vm/prims/jvm.cpp:1304
Event: 59,781 Thread 0x00007f6df0008000 Threw 0x00000000fc957e70 at /HUDSON/workspace/7u-2-build-linux-amd64/jdk7u76/1941/hotspot/src/share/vm/prims/jvm.cpp:1304
Event: 59,784 Thread 0x00007f6df0008000 Threw 0x00000000fc96d168 at /HUDSON/workspace/7u-2-build-linux-amd64/jdk7u76/1941/hotspot/src/share/vm/interpreter/interpreterRuntime.cpp:347
Event: 59,799 Thread 0x00007f6df0008000 Threw 0x00000000fc977400 at /HUDSON/workspace/7u-2-build-linux-amd64/jdk7u76/1941/hotspot/src/share/vm/prims/jvm.cpp:1304
Event: 59,804 Thread 0x00007f6df0008000 Threw 0x00000000fc994f00 at /HUDSON/workspace/7u-2-build-linux-amd64/jdk7u76/1941/hotspot/src/share/vm/runtime/reflection.cpp:1030

Events (10 events):
Event: 1926,282 Executing VM operation: ChangeBreakpoints done
Event: 1926,284 Executing VM operation: ChangeBreakpoints
Event: 1926,284 Executing VM operation: ChangeBreakpoints done
Event: 1926,286 Executing VM operation: ChangeBreakpoints
Event: 1926,286 Executing VM operation: ChangeBreakpoints done
Event: 1946,047 Thread 0x00007f6e28001000 Thread exited: 0x00007f6e28001000
Event: 1946,048 loading class 0x00007f6e55fef080
Event: 1946,048 loading class 0x00007f6e55fef080 done
Event: 1946,049 Thread 0x00007f6e3400e800 Thread added: 0x00007f6e3400e800
Event: 1946,050 Executing VM operation: ParallelGCFailedAllocation


Dynamic libraries:
00400000-00401000 r-xp 00000000 08:01 8397514                            /usr/lib/jvm/java-7-oracle/bin/java
00600000-00601000 rw-p 00000000 08:01 8397514                            /usr/lib/jvm/java-7-oracle/bin/java
02274000-022d2000 rw-p 00000000 00:00 0                                  [heap]
d8000000-dae80000 rw-p 00000000 00:00 0 
dae80000-e0000000 rw-p 00000000 00:00 0 
e0000000-e5200000 rw-p 00000000 00:00 0 
e5200000-f5500000 rw-p 00000000 00:00 0 
f5500000-100000000 rw-p 00000000 00:00 0 
7f6dcc000000-7f6dcc1f6000 rw-p 00000000 00:00 0 
7f6dcc1f6000-7f6dd0000000 ---p 00000000 00:00 0 
7f6dd4000000-7f6dd4066000 rw-p 00000000 00:00 0 
7f6dd4066000-7f6dd8000000 ---p 00000000 00:00 0 
7f6dd8000000-7f6dd81a7000 rw-p 00000000 00:00 0 
7f6dd81a7000-7f6ddc000000 ---p 00000000 00:00 0 
7f6ddc000000-7f6ddc03e000 rw-p 00000000 00:00 0 
7f6ddc03e000-7f6de0000000 ---p 00000000 00:00 0 
7f6de13fc000-7f6de13ff000 ---p 00000000 00:00 0 
7f6de13ff000-7f6de14fd000 rw-p 00000000 00:00 0 
7f6de14fd000-7f6de1500000 ---p 00000000 00:00 0 
7f6de1500000-7f6de15fe000 rw-p 00000000 00:00 0 
7f6de15fe000-7f6de1601000 ---p 00000000 00:00 0 
7f6de1601000-7f6de16ff000 rw-p 00000000 00:00 0 
7f6de16ff000-7f6de1702000 ---p 00000000 00:00 0 
7f6de1702000-7f6de1800000 rw-p 00000000 00:00 0 
7f6de1800000-7f6de1803000 ---p 00000000 00:00 0 
7f6de1803000-7f6de1901000 rw-p 00000000 00:00 0 
7f6de1901000-7f6de1904000 ---p 00000000 00:00 0 
7f6de1904000-7f6de1a02000 rw-p 00000000 00:00 0 
7f6de1a02000-7f6de1a05000 ---p 00000000 00:00 0 
7f6de1a05000-7f6de1b03000 rw-p 00000000 00:00 0 
7f6de1b03000-7f6de1b06000 ---p 00000000 00:00 0 
7f6de1b06000-7f6de1c04000 rw-p 00000000 00:00 0                          [stack:25324]
7f6de1c04000-7f6de1c07000 ---p 00000000 00:00 0 
7f6de1c07000-7f6de1d05000 rw-p 00000000 00:00 0                          [stack:25228]
7f6de1d05000-7f6de1d08000 ---p 00000000 00:00 0 
7f6de1d08000-7f6de1e06000 rw-p 00000000 00:00 0                          [stack:25227]
7f6de1e06000-7f6de1e09000 ---p 00000000 00:00 0 
7f6de1e09000-7f6de1f07000 rw-p 00000000 00:00 0 
7f6de1f07000-7f6de1f0a000 ---p 00000000 00:00 0 
7f6de1f0a000-7f6de2008000 rw-p 00000000 00:00 0                          [stack:25223]
7f6de2008000-7f6de201e000 r-xp 00000000 08:01 6030288                    /lib/x86_64-linux-gnu/libgcc_s.so.1
7f6de201e000-7f6de221d000 ---p 00016000 08:01 6030288                    /lib/x86_64-linux-gnu/libgcc_s.so.1
7f6de221d000-7f6de221e000 rw-p 00015000 08:01 6030288                    /lib/x86_64-linux-gnu/libgcc_s.so.1
7f6de221e000-7f6de2250000 r-xp 00000000 08:01 8265651                    /usr/lib/jvm/java-7-oracle/jre/lib/amd64/libsunec.so
7f6de2250000-7f6de244f000 ---p 00032000 08:01 8265651                    /usr/lib/jvm/java-7-oracle/jre/lib/amd64/libsunec.so
7f6de244f000-7f6de2455000 rw-p 00031000 08:01 8265651                    /usr/lib/jvm/java-7-oracle/jre/lib/amd64/libsunec.so
7f6de2455000-7f6de2465000 rw-p 00000000 00:00 0 
7f6de2465000-7f6de2468000 ---p 00000000 00:00 0 
7f6de2468000-7f6de2566000 rw-p 00000000 00:00 0 
7f6de2566000-7f6de2569000 ---p 00000000 00:00 0 
7f6de2569000-7f6de2667000 rw-p 00000000 00:00 0 
7f6de2667000-7f6de266a000 ---p 00000000 00:00 0 
7f6de266a000-7f6de2768000 rw-p 00000000 00:00 0 
7f6de2768000-7f6de276b000 ---p 00000000 00:00 0 
7f6de276b000-7f6de2869000 rw-p 00000000 00:00 0 
7f6de2869000-7f6de286c000 ---p 00000000 00:00 0 
7f6de286c000-7f6de296a000 rw-p 00000000 00:00 0 
7f6de296a000-7f6de296d000 ---p 00000000 00:00 0 
7f6de296d000-7f6de2a6b000 rw-p 00000000 00:00 0 
7f6de2a6b000-7f6de2a6e000 ---p 00000000 00:00 0 
7f6de2a6e000-7f6de2b6c000 rw-p 00000000 00:00 0 
7f6de2b6c000-7f6de2b6f000 ---p 00000000 00:00 0 
7f6de2b6f000-7f6de2c6d000 rw-p 00000000 00:00 0 
7f6de2c6d000-7f6de2c70000 ---p 00000000 00:00 0 
7f6de2c70000-7f6de2d6e000 rw-p 00000000 00:00 0 
7f6de2d6e000-7f6de2d71000 ---p 00000000 00:00 0 
7f6de2d71000-7f6de2e6f000 rw-p 00000000 00:00 0                          [stack:25203]
7f6de2e6f000-7f6de2e72000 ---p 00000000 00:00 0 
7f6de2e72000-7f6de2f70000 rw-p 00000000 00:00 0                          [stack:25202]
7f6de2f70000-7f6de2f73000 ---p 00000000 00:00 0 
7f6de2f73000-7f6de3071000 rw-p 00000000 00:00 0                          [stack:25201]
7f6de3071000-7f6de3074000 ---p 00000000 00:00 0 
7f6de3074000-7f6de3172000 rw-p 00000000 00:00 0                          [stack:25198]
7f6de3172000-7f6de3175000 ---p 00000000 00:00 0 
7f6de3175000-7f6de3273000 rw-p 00000000 00:00 0                          [stack:25195]
7f6de3273000-7f6de3276000 ---p 00000000 00:00 0 
7f6de3276000-7f6de3374000 rw-p 00000000 00:00 0                          [stack:25194]
7f6de3374000-7f6de3377000 ---p 00000000 00:00 0 
7f6de3377000-7f6de3475000 rw-p 00000000 00:00 0                          [stack:25193]
7f6de3475000-7f6de3478000 ---p 00000000 00:00 0 
7f6de3478000-7f6de3576000 rw-p 00000000 00:00 0                          [stack:25191]
7f6de3576000-7f6de3579000 ---p 00000000 00:00 0 
7f6de3579000-7f6de3677000 rw-p 00000000 00:00 0                          [stack:25190]
7f6de3677000-7f6de367a000 ---p 00000000 00:00 0 
7f6de367a000-7f6de3778000 rw-p 00000000 00:00 0                          [stack:25189]
7f6de3778000-7f6de377b000 ---p 00000000 00:00 0 
7f6de377b000-7f6de3879000 rw-p 00000000 00:00 0                          [stack:25188]
7f6de3879000-7f6de387c000 ---p 00000000 00:00 0 
7f6de387c000-7f6de397a000 rw-p 00000000 00:00 0                          [stack:25186]
7f6de397a000-7f6de397d000 ---p 00000000 00:00 0 
7f6de397d000-7f6de3a7b000 rw-p 00000000 00:00 0                          [stack:25184]
7f6de3a7b000-7f6de3a7e000 ---p 00000000 00:00 0 
7f6de3a7e000-7f6de3b7c000 rw-p 00000000 00:00 0                          [stack:25183]
7f6de3b7c000-7f6de3b7f000 ---p 00000000 00:00 0 
7f6de3b7f000-7f6de3c7d000 rw-p 00000000 00:00 0                          [stack:25179]
7f6de3c7d000-7f6de3c80000 ---p 00000000 00:00 0 
7f6de3c80000-7f6de3d7e000 rw-p 00000000 00:00 0                          [stack:25178]
7f6de3d7e000-7f6de3d85000 r-xp 00000000 08:01 1712636                    /usr/lib/x86_64-linux-gnu/libogg.so.0.8.1
7f6de3d85000-7f6de3f85000 ---p 00007000 08:01 1712636                    /usr/lib/x86_64-linux-gnu/libogg.so.0.8.1
7f6de3f85000-7f6de3f86000 r--p 00007000 08:01 1712636                    /usr/lib/x86_64-linux-gnu/libogg.so.0.8.1
7f6de3f86000-7f6de3f87000 rw-p 00008000 08:01 1712636                    /usr/lib/x86_64-linux-gnu/libogg.so.0.8.1
7f6de3f87000-7f6de3fb3000 r-xp 00000000 08:01 1712914                    /usr/lib/x86_64-linux-gnu/libvorbis.so.0.4.5
7f6de3fb3000-7f6de41b2000 ---p 0002c000 08:01 1712914                    /usr/lib/x86_64-linux-gnu/libvorbis.so.0.4.5
7f6de41b2000-7f6de41b3000 r--p 0002b000 08:01 1712914                    /usr/lib/x86_64-linux-gnu/libvorbis.so.0.4.5
7f6de41b3000-7f6de41b4000 rw-p 0002c000 08:01 1712914                    /usr/lib/x86_64-linux-gnu/libvorbis.so.0.4.5
7f6de41b4000-7f6de41bd000 r-xp 00000000 08:01 1712542                    /usr/lib/x86_64-linux-gnu/libltdl.so.7.3.0
7f6de41bd000-7f6de43bc000 ---p 00009000 08:01 1712542                    /usr/lib/x86_64-linux-gnu/libltdl.so.7.3.0
7f6de43bc000-7f6de43bd000 r--p 00008000 08:01 1712542                    /usr/lib/x86_64-linux-gnu/libltdl.so.7.3.0
7f6de43bd000-7f6de43be000 rw-p 00009000 08:01 1712542                    /usr/lib/x86_64-linux-gnu/libltdl.so.7.3.0
7f6de43be000-7f6de43cf000 r-xp 00000000 08:01 1712833                    /usr/lib/x86_64-linux-gnu/libtdb.so.1.2.12
7f6de43cf000-7f6de45ce000 ---p 00011000 08:01 1712833                    /usr/lib/x86_64-linux-gnu/libtdb.so.1.2.12
7f6de45ce000-7f6de45cf000 r--p 00010000 08:01 1712833                    /usr/lib/x86_64-linux-gnu/libtdb.so.1.2.12
7f6de45cf000-7f6de45d0000 rw-p 00011000 08:01 1712833                    /usr/lib/x86_64-linux-gnu/libtdb.so.1.2.12
7f6de45d0000-7f6de45d7000 r-xp 00000000 08:01 1712918                    /usr/lib/x86_64-linux-gnu/libvorbisfile.so.3.3.4
7f6de45d7000-7f6de47d6000 ---p 00007000 08:01 1712918                    /usr/lib/x86_64-linux-gnu/libvorbisfile.so.3.3.4
7f6de47d6000-7f6de47d7000 r--p 00006000 08:01 1712918                    /usr/lib/x86_64-linux-gnu/libvorbisfile.so.3.3.4
7f6de47d7000-7f6de47d8000 rw-p 00007000 08:01 1712918                    /usr/lib/x86_64-linux-gnu/libvorbisfile.so.3.3.4
7f6de47d8000-7f6de4832000 r-xp 00000000 08:01 1710842                    /usr/lib/x86_64-linux-gnu/libORBit-2.so.0.1.0
7f6de4832000-7f6de4a32000 ---p 0005a000 08:01 1710842                    /usr/lib/x86_64-linux-gnu/libORBit-2.so.0.1.0
7f6de4a32000-7f6de4a41000 r--p 0005a000 08:01 1710842                    /usr/lib/x86_64-linux-gnu/libORBit-2.so.0.1.0
7f6de4a41000-7f6de4a44000 rw-p 00069000 08:01 1710842                    /usr/lib/x86_64-linux-gnu/libORBit-2.so.0.1.0
7f6de4a44000-7f6de4a49000 r-xp 00000000 08:01 1710843                    /usr/lib/x86_64-linux-gnu/libORBitCosNaming-2.so.0.1.0
7f6de4a49000-7f6de4c49000 ---p 00005000 08:01 1710843                    /usr/lib/x86_64-linux-gnu/libORBitCosNaming-2.so.0.1.0
7f6de4c49000-7f6de4c4a000 r--p 00005000 08:01 1710843                    /usr/lib/x86_64-linux-gnu/libORBitCosNaming-2.so.0.1.0
7f6de4c4a000-7f6de4c4b000 rw-p 00006000 08:01 1710843                    /usr/lib/x86_64-linux-gnu/libORBitCosNaming-2.so.0.1.0
7f6de4c4b000-7f6de4c56000 r-xp 00000000 08:01 6033387                    /lib/x86_64-linux-gnu/libpopt.so.0.0.0
7f6de4c56000-7f6de4e55000 ---p 0000b000 08:01 6033387                    /lib/x86_64-linux-gnu/libpopt.so.0.0.0
7f6de4e55000-7f6de4e56000 r--p 0000a000 08:01 6033387                    /lib/x86_64-linux-gnu/libpopt.so.0.0.0
7f6de4e56000-7f6de4e57000 rw-p 0000b000 08:01 6033387                    /lib/x86_64-linux-gnu/libpopt.so.0.0.0
7f6de4e57000-7f6de4e66000 r-xp 00000000 08:01 1712056                    /usr/lib/x86_64-linux-gnu/libcanberra.so.0.2.5
7f6de4e66000-7f6de5065000 ---p 0000f000 08:01 1712056                    /usr/lib/x86_64-linux-gnu/libcanberra.so.0.2.5
7f6de5065000-7f6de5066000 r--p 0000e000 08:01 1712056                    /usr/lib/x86_64-linux-gnu/libcanberra.so.0.2.5
7f6de5066000-7f6de5067000 rw-p 0000f000 08:01 1712056                    /usr/lib/x86_64-linux-gnu/libcanberra.so.0.2.5
7f6de5067000-7f6de5068000 r-xp 00000000 08:01 1704321                    /usr/lib/x86_64-linux-gnu/libgthread-2.0.so.0.4002.0
7f6de5068000-7f6de5267000 ---p 00001000 08:01 1704321                    /usr/lib/x86_64-linux-gnu/libgthread-2.0.so.0.4002.0
7f6de5267000-7f6de5268000 r--p 00000000 08:01 1704321                    /usr/lib/x86_64-linux-gnu/libgthread-2.0.so.0.4002.0
7f6de5268000-7f6de5269000 rw-p 00001000 08:01 1704321                    /usr/lib/x86_64-linux-gnu/libgthread-2.0.so.0.4002.0
7f6de5269000-7f6de527f000 r-xp 00000000 08:01 1710850                    /usr/lib/x86_64-linux-gnu/libbonobo-activation.so.4.0.0
7f6de527f000-7f6de547f000 ---p 00016000 08:01 1710850                    /usr/lib/x86_64-linux-gnu/libbonobo-activation.so.4.0.0
7f6de547f000-7f6de5481000 r--p 00016000 08:01 1710850                    /usr/lib/x86_64-linux-gnu/libbonobo-activation.so.4.0.0
7f6de5481000-7f6de5483000 rw-p 00018000 08:01 1710850                    /usr/lib/x86_64-linux-gnu/libbonobo-activation.so.4.0.0
7f6de5483000-7f6de54e3000 r-xp 00000000 08:01 1710859                    /usr/lib/x86_64-linux-gnu/libbonobo-2.so.0.0.0
7f6de54e3000-7f6de56e3000 ---p 00060000 08:01 1710859                    /usr/lib/x86_64-linux-gnu/libbonobo-2.so.0.0.0
7f6de56e3000-7f6de56e8000 r--p 00060000 08:01 1710859                    /usr/lib/x86_64-linux-gnu/libbonobo-2.so.0.0.0
7f6de56e8000-7f6de56f3000 rw-p 00065000 08:01 1710859                    /usr/lib/x86_64-linux-gnu/libbonobo-2.so.0.0.0
7f6de56f3000-7f6de5708000 r-xp 00000000 08:01 1710878                    /usr/lib/x86_64-linux-gnu/libgnome-2.so.0.3200.1
7f6de5708000-7f6de5908000 ---p 00015000 08:01 1710878                    /usr/lib/x86_64-linux-gnu/libgnome-2.so.0.3200.1
7f6de5908000-7f6de5909000 r--p 00015000 08:01 1710878                    /usr/lib/x86_64-linux-gnu/libgnome-2.so.0.3200.1
7f6de5909000-7f6de590a000 rw-p 00016000 08:01 1710878                    /usr/lib/x86_64-linux-gnu/libgnome-2.so.0.3200.1
7f6de590a000-7f6de590e000 r-xp 00000000 08:01 6033303                    /lib/x86_64-linux-gnu/libgpg-error.so.0.10.0
7f6de590e000-7f6de5b0d000 ---p 00004000 08:01 6033303                    /lib/x86_64-linux-gnu/libgpg-error.so.0.10.0
7f6de5b0d000-7f6de5b0e000 r--p 00003000 08:01 6033303                    /lib/x86_64-linux-gnu/libgpg-error.so.0.10.0
7f6de5b0e000-7f6de5b0f000 rw-p 00004000 08:01 6033303                    /lib/x86_64-linux-gnu/libgpg-error.so.0.10.0
7f6de5b0f000-7f6de5b2f000 r-xp 00000000 08:01 6033309                    /lib/x86_64-linux-gnu/libselinux.so.1
7f6de5b2f000-7f6de5d2e000 ---p 00020000 08:01 6033309                    /lib/x86_64-linux-gnu/libselinux.so.1
7f6de5d2e000-7f6de5d2f000 r--p 0001f000 08:01 6033309                    /lib/x86_64-linux-gnu/libselinux.so.1
7f6de5d2f000-7f6de5d30000 rw-p 00020000 08:01 6033309                    /lib/x86_64-linux-gnu/libselinux.so.1
7f6de5d30000-7f6de5d32000 rw-p 00000000 00:00 0 
7f6de5d32000-7f6de5d6f000 r-xp 00000000 08:01 6033373                    /lib/x86_64-linux-gnu/libpcre.so.3.13.1
7f6de5d6f000-7f6de5f6e000 ---p 0003d000 08:01 6033373                    /lib/x86_64-linux-gnu/libpcre.so.3.13.1
7f6de5f6e000-7f6de5f6f000 r--p 0003c000 08:01 6033373                    /lib/x86_64-linux-gnu/libpcre.so.3.13.1
7f6de5f6f000-7f6de5f70000 rw-p 0003d000 08:01 6033373                    /lib/x86_64-linux-gnu/libpcre.so.3.13.1
7f6de5f70000-7f6de5fab000 r-xp 00000000 08:01 1712644                    /usr/lib/x86_64-linux-gnu/libp11-kit.so.0.0.0
7f6de5fab000-7f6de61aa000 ---p 0003b000 08:01 1712644                    /usr/lib/x86_64-linux-gnu/libp11-kit.so.0.0.0
7f6de61aa000-7f6de61b0000 r--p 0003a000 08:01 1712644                    /usr/lib/x86_64-linux-gnu/libp11-kit.so.0.0.0
7f6de61b0000-7f6de61b2000 rw-p 00040000 08:01 1712644                    /usr/lib/x86_64-linux-gnu/libp11-kit.so.0.0.0
7f6de61b2000-7f6de61c4000 r-xp 00000000 08:01 1704593                    /usr/lib/x86_64-linux-gnu/libtasn1.so.6.2.0
7f6de61c4000-7f6de63c4000 ---p 00012000 08:01 1704593                    /usr/lib/x86_64-linux-gnu/libtasn1.so.6.2.0
7f6de63c4000-7f6de63c5000 r--p 00012000 08:01 1704593                    /usr/lib/x86_64-linux-gnu/libtasn1.so.6.2.0
7f6de63c5000-7f6de63c6000 rw-p 00013000 08:01 1704593                    /usr/lib/x86_64-linux-gnu/libtasn1.so.6.2.0
7f6de63c6000-7f6de6442000 r-xp 00000000 08:01 6032150                    /lib/x86_64-linux-gnu/libgcrypt.so.11.8.2
7f6de6442000-7f6de6641000 ---p 0007c000 08:01 6032150                    /lib/x86_64-linux-gnu/libgcrypt.so.11.8.2
7f6de6641000-7f6de6642000 r--p 0007b000 08:01 6032150                    /lib/x86_64-linux-gnu/libgcrypt.so.11.8.2
7f6de6642000-7f6de6645000 rw-p 0007c000 08:01 6032150                    /lib/x86_64-linux-gnu/libgcrypt.so.11.8.2
7f6de6645000-7f6de664c000 r-xp 00000000 08:01 1712195                    /usr/lib/x86_64-linux-gnu/libffi.so.6.0.1
7f6de664c000-7f6de684b000 ---p 00007000 08:01 1712195                    /usr/lib/x86_64-linux-gnu/libffi.so.6.0.1
7f6de684b000-7f6de684c000 r--p 00006000 08:01 1712195                    /usr/lib/x86_64-linux-gnu/libffi.so.6.0.1
7f6de684c000-7f6de684d000 rw-p 00007000 08:01 1712195                    /usr/lib/x86_64-linux-gnu/libffi.so.6.0.1
7f6de684d000-7f6de69b9000 r-xp 00000000 08:01 1704322                    /usr/lib/x86_64-linux-gnu/libgio-2.0.so.0.4002.0
7f6de69b9000-7f6de6bb8000 ---p 0016c000 08:01 1704322                    /usr/lib/x86_64-linux-gnu/libgio-2.0.so.0.4002.0
7f6de6bb8000-7f6de6bbc000 r--p 0016b000 08:01 1704322                    /usr/lib/x86_64-linux-gnu/libgio-2.0.so.0.4002.0
7f6de6bbc000-7f6de6bbe000 rw-p 0016f000 08:01 1704322                    /usr/lib/x86_64-linux-gnu/libgio-2.0.so.0.4002.0
7f6de6bbe000-7f6de6bc0000 rw-p 00000000 00:00 0 
7f6de6bc0000-7f6de6be1000 r-xp 00000000 08:01 6033317                    /lib/x86_64-linux-gnu/liblzma.so.5.0.0
7f6de6be1000-7f6de6de0000 ---p 00021000 08:01 6033317                    /lib/x86_64-linux-gnu/liblzma.so.5.0.0
7f6de6de0000-7f6de6de1000 r--p 00020000 08:01 6033317                    /lib/x86_64-linux-gnu/liblzma.so.5.0.0
7f6de6de1000-7f6de6de2000 rw-p 00021000 08:01 6033317                    /lib/x86_64-linux-gnu/liblzma.so.5.0.0
7f6de6de2000-7f6de6dfa000 r-xp 00000000 08:01 6033433                    /lib/x86_64-linux-gnu/libz.so.1.2.8
7f6de6dfa000-7f6de6ff9000 ---p 00018000 08:01 6033433                    /lib/x86_64-linux-gnu/libz.so.1.2.8
7f6de6ff9000-7f6de6ffa000 r--p 00017000 08:01 6033433                    /lib/x86_64-linux-gnu/libz.so.1.2.8
7f6de6ffa000-7f6de6ffb000 rw-p 00018000 08:01 6033433                    /lib/x86_64-linux-gnu/libz.so.1.2.8
7f6de6ffb000-7f6de6ffd000 r-xp 00000000 08:01 6048642                    /lib/x86_64-linux-gnu/libutil-2.19.so
7f6de6ffd000-7f6de71fc000 ---p 00002000 08:01 6048642                    /lib/x86_64-linux-gnu/libutil-2.19.so
7f6de71fc000-7f6de71fd000 r--p 00001000 08:01 6048642                    /lib/x86_64-linux-gnu/libutil-2.19.so
7f6de71fd000-7f6de71fe000 rw-p 00002000 08:01 6048642                    /lib/x86_64-linux-gnu/libutil-2.19.so
7f6de71fe000-7f6de7215000 r-xp 00000000 08:01 6048616                    /lib/x86_64-linux-gnu/libresolv-2.19.so
7f6de7215000-7f6de7415000 ---p 00017000 08:01 6048616                    /lib/x86_64-linux-gnu/libresolv-2.19.so
7f6de7415000-7f6de7416000 r--p 00017000 08:01 6048616                    /lib/x86_64-linux-gnu/libresolv-2.19.so
7f6de7416000-7f6de7417000 rw-p 00018000 08:01 6048616                    /lib/x86_64-linux-gnu/libresolv-2.19.so
7f6de7417000-7f6de7419000 rw-p 00000000 00:00 0 
7f6de7419000-7f6de7428000 r-xp 00000000 08:01 1712021                    /usr/lib/x86_64-linux-gnu/libavahi-client.so.3.2.9
7f6de7428000-7f6de7628000 ---p 0000f000 08:01 1712021                    /usr/lib/x86_64-linux-gnu/libavahi-client.so.3.2.9
7f6de7628000-7f6de7629000 r--p 0000f000 08:01 1712021                    /usr/lib/x86_64-linux-gnu/libavahi-client.so.3.2.9
7f6de7629000-7f6de762a000 rw-p 00010000 08:01 1712021                    /usr/lib/x86_64-linux-gnu/libavahi-client.so.3.2.9
7f6de762a000-7f6de7635000 r-xp 00000000 08:01 1712023                    /usr/lib/x86_64-linux-gnu/libavahi-common.so.3.5.3
7f6de7635000-7f6de7834000 ---p 0000b000 08:01 1712023                    /usr/lib/x86_64-linux-gnu/libavahi-common.so.3.5.3
7f6de7834000-7f6de7835000 r--p 0000a000 08:01 1712023                    /usr/lib/x86_64-linux-gnu/libavahi-common.so.3.5.3
7f6de7835000-7f6de7836000 rw-p 0000b000 08:01 1712023                    /usr/lib/x86_64-linux-gnu/libavahi-common.so.3.5.3
7f6de7836000-7f6de793c000 r-xp 00000000 08:01 6029619                    /lib/x86_64-linux-gnu/libglib-2.0.so.0.4002.0
7f6de793c000-7f6de7b3b000 ---p 00106000 08:01 6029619                    /lib/x86_64-linux-gnu/libglib-2.0.so.0.4002.0
7f6de7b3b000-7f6de7b3c000 r--p 00105000 08:01 6029619                    /lib/x86_64-linux-gnu/libglib-2.0.so.0.4002.0
7f6de7b3c000-7f6de7b3d000 rw-p 00106000 08:01 6029619                    /lib/x86_64-linux-gnu/libglib-2.0.so.0.4002.0
7f6de7b3d000-7f6de7b3e000 rw-p 00000000 00:00 0 
7f6de7b3e000-7f6de7b41000 r-xp 00000000 08:01 1712027                    /usr/lib/x86_64-linux-gnu/libavahi-glib.so.1.0.2
7f6de7b41000-7f6de7d40000 ---p 00003000 08:01 1712027                    /usr/lib/x86_64-linux-gnu/libavahi-glib.so.1.0.2
7f6de7d40000-7f6de7d41000 r--p 00002000 08:01 1712027                    /usr/lib/x86_64-linux-gnu/libavahi-glib.so.1.0.2
7f6de7d41000-7f6de7d42000 rw-p 00003000 08:01 1712027                    /usr/lib/x86_64-linux-gnu/libavahi-glib.so.1.0.2
7f6de7d42000-7f6de7df8000 r-xp 00000000 08:01 1705237                    /usr/lib/x86_64-linux-gnu/libgnutls.so.26.22.6
7f6de7df8000-7f6de7ff8000 ---p 000b6000 08:01 1705237                    /usr/lib/x86_64-linux-gnu/libgnutls.so.26.22.6
7f6de7ff8000-7f6de7ffe000 r--p 000b6000 08:01 1705237                    /usr/lib/x86_64-linux-gnu/libgnutls.so.26.22.6
7f6de7ffe000-7f6de7fff000 rw-p 000bc000 08:01 1705237                    /usr/lib/x86_64-linux-gnu/libgnutls.so.26.22.6
7f6de7fff000-7f6de8000000 rw-p 00000000 00:00 0 
7f6de8000000-7f6de8170000 rw-p 00000000 00:00 0 
7f6de8170000-7f6dec000000 ---p 00000000 00:00 0 
7f6dec000000-7f6dec02b000 rw-p 00000000 00:00 0 
7f6dec02b000-7f6df0000000 ---p 00000000 00:00 0 
7f6df0000000-7f6df016f000 rw-p 00000000 00:00 0 
7f6df016f000-7f6df4000000 ---p 00000000 00:00 0 
7f6df4000000-7f6df42aa000 rw-p 00000000 00:00 0 
7f6df42aa000-7f6df8000000 ---p 00000000 00:00 0 
7f6df8000000-7f6df8163000 rw-p 00000000 00:00 0 
7f6df8163000-7f6dfc000000 ---p 00000000 00:00 0 
7f6dfc000000-7f6dfc367000 rw-p 00000000 00:00 0 
7f6dfc367000-7f6e00000000 ---p 00000000 00:00 0 
7f6e00000000-7f6e00021000 rw-p 00000000 00:00 0 
7f6e00021000-7f6e04000000 ---p 00000000 00:00 0 
7f6e04000000-7f6e04021000 rw-p 00000000 00:00 0 
7f6e04021000-7f6e08000000 ---p 00000000 00:00 0 
7f6e08000000-7f6e081fc000 rw-p 00000000 00:00 0 
7f6e081fc000-7f6e0c000000 ---p 00000000 00:00 0 
7f6e0c000000-7f6e0c021000 rw-p 00000000 00:00 0 
7f6e0c021000-7f6e10000000 ---p 00000000 00:00 0 
7f6e10000000-7f6e10021000 rw-p 00000000 00:00 0 
7f6e10021000-7f6e14000000 ---p 00000000 00:00 0 
7f6e14000000-7f6e14021000 rw-p 00000000 00:00 0 
7f6e14021000-7f6e18000000 ---p 00000000 00:00 0 
7f6e18000000-7f6e19e35000 rw-p 00000000 00:00 0 
7f6e19e35000-7f6e1c000000 ---p 00000000 00:00 0 
7f6e1c000000-7f6e1c021000 rw-p 00000000 00:00 0 
7f6e1c021000-7f6e20000000 ---p 00000000 00:00 0 
7f6e20000000-7f6e20021000 rw-p 00000000 00:00 0 
7f6e20021000-7f6e24000000 ---p 00000000 00:00 0 
7f6e24000000-7f6e25595000 rw-p 00000000 00:00 0 
7f6e25595000-7f6e28000000 ---p 00000000 00:00 0 
7f6e28000000-7f6e28080000 rw-p 00000000 00:00 0 
7f6e28080000-7f6e2c000000 ---p 00000000 00:00 0 
7f6e2c000000-7f6e2c021000 rw-p 00000000 00:00 0 
7f6e2c021000-7f6e30000000 ---p 00000000 00:00 0 
7f6e30000000-7f6e30021000 rw-p 00000000 00:00 0 
7f6e30021000-7f6e34000000 ---p 00000000 00:00 0 
7f6e34000000-7f6e34021000 rw-p 00000000 00:00 0 
7f6e34021000-7f6e38000000 ---p 00000000 00:00 0 
7f6e38000000-7f6e38251000 rw-p 00000000 00:00 0 
7f6e38251000-7f6e3c000000 ---p 00000000 00:00 0 
7f6e3c000000-7f6e3c021000 rw-p 00000000 00:00 0 
7f6e3c021000-7f6e40000000 ---p 00000000 00:00 0 
7f6e40000000-7f6e40021000 rw-p 00000000 00:00 0 
7f6e40021000-7f6e44000000 ---p 00000000 00:00 0 
7f6e44000000-7f6e44021000 rw-p 00000000 00:00 0 
7f6e44021000-7f6e48000000 ---p 00000000 00:00 0 
7f6e48000000-7f6e484ca000 rw-p 00000000 00:00 0 
7f6e484ca000-7f6e4c000000 ---p 00000000 00:00 0 
7f6e4c014000-7f6e4c017000 ---p 00000000 00:00 0 
7f6e4c017000-7f6e4c04d000 rw-p 00000000 00:00 0                          [stack:25226]
7f6e4c04d000-7f6e4c050000 ---p 00000000 00:00 0 
7f6e4c050000-7f6e4c14e000 rw-p 00000000 00:00 0                          [stack:25177]
7f6e4c14e000-7f6e4c19d000 r-xp 00000000 08:01 1704318                    /usr/lib/x86_64-linux-gnu/libgobject-2.0.so.0.4002.0
7f6e4c19d000-7f6e4c39d000 ---p 0004f000 08:01 1704318                    /usr/lib/x86_64-linux-gnu/libgobject-2.0.so.0.4002.0
7f6e4c39d000-7f6e4c39e000 r--p 0004f000 08:01 1704318                    /usr/lib/x86_64-linux-gnu/libgobject-2.0.so.0.4002.0
7f6e4c39e000-7f6e4c39f000 rw-p 00050000 08:01 1704318                    /usr/lib/x86_64-linux-gnu/libgobject-2.0.so.0.4002.0
7f6e4c39f000-7f6e4c3e3000 r-xp 00000000 08:01 6034504                    /lib/x86_64-linux-gnu/libdbus-1.so.3.7.6
7f6e4c3e3000-7f6e4c5e2000 ---p 00044000 08:01 6034504                    /lib/x86_64-linux-gnu/libdbus-1.so.3.7.6
7f6e4c5e2000-7f6e4c5e3000 r--p 00043000 08:01 6034504                    /lib/x86_64-linux-gnu/libdbus-1.so.3.7.6
7f6e4c5e3000-7f6e4c5e4000 rw-p 00044000 08:01 6034504                    /lib/x86_64-linux-gnu/libdbus-1.so.3.7.6
7f6e4c5e4000-7f6e4c609000 r-xp 00000000 08:01 1712123                    /usr/lib/x86_64-linux-gnu/libdbus-glib-1.so.2.2.2
7f6e4c609000-7f6e4c809000 ---p 00025000 08:01 1712123                    /usr/lib/x86_64-linux-gnu/libdbus-glib-1.so.2.2.2
7f6e4c809000-7f6e4c80a000 r--p 00025000 08:01 1712123                    /usr/lib/x86_64-linux-gnu/libdbus-glib-1.so.2.2.2
7f6e4c80a000-7f6e4c80b000 rw-p 00026000 08:01 1712123                    /usr/lib/x86_64-linux-gnu/libdbus-glib-1.so.2.2.2
7f6e4c80b000-7f6e4c967000 r-xp 00000000 08:01 1706989                    /usr/lib/x86_64-linux-gnu/libxml2.so.2.9.1
7f6e4c967000-7f6e4cb66000 ---p 0015c000 08:01 1706989                    /usr/lib/x86_64-linux-gnu/libxml2.so.2.9.1
7f6e4cb66000-7f6e4cb6e000 r--p 0015b000 08:01 1706989                    /usr/lib/x86_64-linux-gnu/libxml2.so.2.9.1
7f6e4cb6e000-7f6e4cb70000 rw-p 00163000 08:01 1706989                    /usr/lib/x86_64-linux-gnu/libxml2.so.2.9.1
7f6e4cb70000-7f6e4cb71000 rw-p 00000000 00:00 0 
7f6e4cb71000-7f6e4cb9f000 r-xp 00000000 08:01 1712258                    /usr/lib/x86_64-linux-gnu/libgconf-2.so.4.1.5
7f6e4cb9f000-7f6e4cd9e000 ---p 0002e000 08:01 1712258                    /usr/lib/x86_64-linux-gnu/libgconf-2.so.4.1.5
7f6e4cd9e000-7f6e4cd9f000 r--p 0002d000 08:01 1712258                    /usr/lib/x86_64-linux-gnu/libgconf-2.so.4.1.5
7f6e4cd9f000-7f6e4cda0000 rw-p 0002e000 08:01 1712258                    /usr/lib/x86_64-linux-gnu/libgconf-2.so.4.1.5
7f6e4cda0000-7f6e4cda3000 r-xp 00000000 08:01 1704300                    /usr/lib/x86_64-linux-gnu/libgmodule-2.0.so.0.4002.0
7f6e4cda3000-7f6e4cfa2000 ---p 00003000 08:01 1704300                    /usr/lib/x86_64-linux-gnu/libgmodule-2.0.so.0.4002.0
7f6e4cfa2000-7f6e4cfa3000 r--p 00002000 08:01 1704300                    /usr/lib/x86_64-linux-gnu/libgmodule-2.0.so.0.4002.0
7f6e4cfa3000-7f6e4cfa4000 rw-p 00003000 08:01 1704300                    /usr/lib/x86_64-linux-gnu/libgmodule-2.0.so.0.4002.0
7f6e4cfa4000-7f6e4d007000 r-xp 00000000 08:01 1710875                    /usr/lib/x86_64-linux-gnu/libgnomevfs-2.so.0.2400.4
7f6e4d007000-7f6e4d206000 ---p 00063000 08:01 1710875                    /usr/lib/x86_64-linux-gnu/libgnomevfs-2.so.0.2400.4
7f6e4d206000-7f6e4d209000 r--p 00062000 08:01 1710875                    /usr/lib/x86_64-linux-gnu/libgnomevfs-2.so.0.2400.4
7f6e4d209000-7f6e4d20b000 rw-p 00065000 08:01 1710875                    /usr/lib/x86_64-linux-gnu/libgnomevfs-2.so.0.2400.4
7f6e4d20b000-7f6e4d20c000 rw-p 00000000 00:00 0 
7f6e4d20c000-7f6e4d20f000 ---p 00000000 00:00 0 
7f6e4d20f000-7f6e4d30d000 rw-p 00000000 00:00 0                          [stack:25116]
7f6e4d30d000-7f6e4d312000 r-xp 00000000 08:01 1711932                    /usr/lib/x86_64-linux-gnu/libXfixes.so.3.1.0
7f6e4d312000-7f6e4d511000 ---p 00005000 08:01 1711932                    /usr/lib/x86_64-linux-gnu/libXfixes.so.3.1.0
7f6e4d511000-7f6e4d512000 r--p 00004000 08:01 1711932                    /usr/lib/x86_64-linux-gnu/libXfixes.so.3.1.0
7f6e4d512000-7f6e4d513000 rw-p 00005000 08:01 1711932                    /usr/lib/x86_64-linux-gnu/libXfixes.so.3.1.0
7f6e4d513000-7f6e4d51c000 r-xp 00000000 08:01 1711924                    /usr/lib/x86_64-linux-gnu/libXcursor.so.1.0.2
7f6e4d51c000-7f6e4d71b000 ---p 00009000 08:01 1711924                    /usr/lib/x86_64-linux-gnu/libXcursor.so.1.0.2
7f6e4d71b000-7f6e4d71c000 r--p 00008000 08:01 1711924                    /usr/lib/x86_64-linux-gnu/libXcursor.so.1.0.2
7f6e4d71c000-7f6e4d71d000 rw-p 00009000 08:01 1711924                    /usr/lib/x86_64-linux-gnu/libXcursor.so.1.0.2
7f6e4d739000-7f6e4d73c000 ---p 00000000 00:00 0 
7f6e4d73c000-7f6e4d83a000 rw-p 00000000 00:00 0                          [stack:25115]
7f6e4d83a000-7f6e4d83f000 r-xp 00000000 08:01 1711928                    /usr/lib/x86_64-linux-gnu/libXdmcp.so.6.0.0
7f6e4d83f000-7f6e4da3e000 ---p 00005000 08:01 1711928                    /usr/lib/x86_64-linux-gnu/libXdmcp.so.6.0.0
7f6e4da3e000-7f6e4da3f000 r--p 00004000 08:01 1711928                    /usr/lib/x86_64-linux-gnu/libXdmcp.so.6.0.0
7f6e4da3f000-7f6e4da40000 rw-p 00005000 08:01 1711928                    /usr/lib/x86_64-linux-gnu/libXdmcp.so.6.0.0
7f6e4da40000-7f6e4da42000 r-xp 00000000 08:01 1711917                    /usr/lib/x86_64-linux-gnu/libXau.so.6.0.0
7f6e4da42000-7f6e4dc42000 ---p 00002000 08:01 1711917                    /usr/lib/x86_64-linux-gnu/libXau.so.6.0.0
7f6e4dc42000-7f6e4dc43000 r--p 00002000 08:01 1711917                    /usr/lib/x86_64-linux-gnu/libXau.so.6.0.0
7f6e4dc43000-7f6e4dc44000 rw-p 00003000 08:01 1711917                    /usr/lib/x86_64-linux-gnu/libXau.so.6.0.0
7f6e4dc44000-7f6e4dc61000 r-xp 00000000 08:01 1712985                    /usr/lib/x86_64-linux-gnu/libxcb.so.1.1.0
7f6e4dc61000-7f6e4de61000 ---p 0001d000 08:01 1712985                    /usr/lib/x86_64-linux-gnu/libxcb.so.1.1.0
7f6e4de61000-7f6e4de62000 r--p 0001d000 08:01 1712985                    /usr/lib/x86_64-linux-gnu/libxcb.so.1.1.0
7f6e4de62000-7f6e4de63000 rw-p 0001e000 08:01 1712985                    /usr/lib/x86_64-linux-gnu/libxcb.so.1.1.0
7f6e4de63000-7f6e4de72000 r-xp 00000000 08:01 1711938                    /usr/lib/x86_64-linux-gnu/libXi.so.6.1.0
7f6e4de72000-7f6e4e071000 ---p 0000f000 08:01 1711938                    /usr/lib/x86_64-linux-gnu/libXi.so.6.1.0
7f6e4e071000-7f6e4e072000 r--p 0000e000 08:01 1711938                    /usr/lib/x86_64-linux-gnu/libXi.so.6.1.0
7f6e4e072000-7f6e4e073000 rw-p 0000f000 08:01 1711938                    /usr/lib/x86_64-linux-gnu/libXi.so.6.1.0
7f6e4e073000-7f6e4e078000 r-xp 00000000 08:01 1711958                    /usr/lib/x86_64-linux-gnu/libXtst.so.6.1.0
7f6e4e078000-7f6e4e277000 ---p 00005000 08:01 1711958                    /usr/lib/x86_64-linux-gnu/libXtst.so.6.1.0
7f6e4e277000-7f6e4e278000 r--p 00004000 08:01 1711958                    /usr/lib/x86_64-linux-gnu/libXtst.so.6.1.0
7f6e4e278000-7f6e4e279000 rw-p 00005000 08:01 1711958                    /usr/lib/x86_64-linux-gnu/libXtst.so.6.1.0
7f6e4e279000-7f6e4e282000 r-xp 00000000 08:01 1711952                    /usr/lib/x86_64-linux-gnu/libXrender.so.1.3.0
7f6e4e282000-7f6e4e481000 ---p 00009000 08:01 1711952                    /usr/lib/x86_64-linux-gnu/libXrender.so.1.3.0
7f6e4e481000-7f6e4e482000 r--p 00008000 08:01 1711952                    /usr/lib/x86_64-linux-gnu/libXrender.so.1.3.0
7f6e4e482000-7f6e4e483000 rw-p 00009000 08:01 1711952                    /usr/lib/x86_64-linux-gnu/libXrender.so.1.3.0
7f6e4e483000-7f6e4e5b3000 r-xp 00000000 08:01 1711913                    /usr/lib/x86_64-linux-gnu/libX11.so.6.3.0
7f6e4e5b3000-7f6e4e7b3000 ---p 00130000 08:01 1711913                    /usr/lib/x86_64-linux-gnu/libX11.so.6.3.0
7f6e4e7b3000-7f6e4e7b4000 r--p 00130000 08:01 1711913                    /usr/lib/x86_64-linux-gnu/libX11.so.6.3.0
7f6e4e7b4000-7f6e4e7b8000 rw-p 00131000 08:01 1711913                    /usr/lib/x86_64-linux-gnu/libX11.so.6.3.0
7f6e4e7b8000-7f6e4e7c9000 r-xp 00000000 08:01 1711930                    /usr/lib/x86_64-linux-gnu/libXext.so.6.4.0
7f6e4e7c9000-7f6e4e9c8000 ---p 00011000 08:01 1711930                    /usr/lib/x86_64-linux-gnu/libXext.so.6.4.0
7f6e4e9c8000-7f6e4e9c9000 r--p 00010000 08:01 1711930                    /usr/lib/x86_64-linux-gnu/libXext.so.6.4.0
7f6e4e9c9000-7f6e4e9ca000 rw-p 00011000 08:01 1711930                    /usr/lib/x86_64-linux-gnu/libXext.so.6.4.0
7f6e4e9d9000-7f6e4e9da000 rw-p 00000000 00:00 0 
7f6e4e9da000-7f6e4e9de000 r--s 0002d000 08:01 8261836                    /usr/lib/jvm/java-7-oracle/jre/lib/ext/sunjce_provider.jar
7f6e4e9de000-7f6e4e9df000 r--s 00003000 08:01 8261832                    /usr/lib/jvm/java-7-oracle/jre/lib/ext/sunec.jar
7f6e4e9df000-7f6e4e9e2000 r--s 00019000 08:01 1715875                    /usr/lib/jvm/java-7-oracle/jre/lib/jce.jar
7f6e4e9e2000-7f6e4e9e6000 r--s 000f7000 08:01 8261833                    /usr/lib/jvm/java-7-oracle/jre/lib/ext/localedata.jar
7f6e4e9e6000-7f6e4ea36000 r-xp 00000000 08:01 8265644                    /usr/lib/jvm/java-7-oracle/jre/lib/amd64/xawt/libmawt.so
7f6e4ea36000-7f6e4ec36000 ---p 00050000 08:01 8265644                    /usr/lib/jvm/java-7-oracle/jre/lib/amd64/xawt/libmawt.so
7f6e4ec36000-7f6e4ec3a000 rw-p 00050000 08:01 8265644                    /usr/lib/jvm/java-7-oracle/jre/lib/amd64/xawt/libmawt.so
7f6e4ec3a000-7f6e4ec3b000 rw-p 00000000 00:00 0 
7f6e4ec3b000-7f6e4ecdd000 r-xp 00000000 08:01 8265610                    /usr/lib/jvm/java-7-oracle/jre/lib/amd64/libawt.so
7f6e4ecdd000-7f6e4eedd000 ---p 000a2000 08:01 8265610                    /usr/lib/jvm/java-7-oracle/jre/lib/amd64/libawt.so
7f6e4eedd000-7f6e4eee9000 rw-p 000a2000 08:01 8265610                    /usr/lib/jvm/java-7-oracle/jre/lib/amd64/libawt.so
7f6e4eee9000-7f6e4ef0d000 rw-p 00000000 00:00 0 
7f6e4ef0d000-7f6e4ef10000 ---p 00000000 00:00 0 
7f6e4ef10000-7f6e4f00e000 rw-p 00000000 00:00 0                          [stack:25114]
7f6e4f00e000-7f6e4f011000 ---p 00000000 00:00 0 
7f6e4f011000-7f6e4f10f000 rw-p 00000000 00:00 0                          [stack:25113]
7f6e4f10f000-7f6e4f112000 ---p 00000000 00:00 0 
7f6e4f112000-7f6e4f210000 rw-p 00000000 00:00 0                          [stack:25112]
7f6e4f210000-7f6e4f213000 ---p 00000000 00:00 0 
7f6e4f213000-7f6e4f311000 rw-p 00000000 00:00 0                          [stack:25111]
7f6e4f311000-7f6e4f314000 ---p 00000000 00:00 0 
7f6e4f314000-7f6e4f412000 rw-p 00000000 00:00 0                          [stack:25110]
7f6e4f412000-7f6e4f415000 ---p 00000000 00:00 0 
7f6e4f415000-7f6e4f513000 rw-p 00000000 00:00 0                          [stack:25109]
7f6e4f513000-7f6e4f516000 ---p 00000000 00:00 0 
7f6e4f516000-7f6e4f614000 rw-p 00000000 00:00 0                          [stack:25108]
7f6e4f614000-7f6e4f61f000 r--s 0037c000 08:01 1716095                    /usr/lib/jvm/java-7-oracle/jre/lib/charsets.jar
7f6e4f61f000-7f6e4f622000 ---p 00000000 00:00 0 
7f6e4f622000-7f6e4f720000 rw-p 00000000 00:00 0                          [stack:25199]
7f6e4f720000-7f6e4f723000 ---p 00000000 00:00 0 
7f6e4f723000-7f6e4f821000 rw-p 00000000 00:00 0                          [stack:25200]
7f6e4f821000-7f6e4f825000 r--s 0008b000 08:01 1711263                    /usr/lib/jvm/java-7-oracle/jre/lib/jsse.jar
7f6e4f825000-7f6e4f82f000 r--s 00251000 08:01 1716091                    /usr/lib/jvm/java-7-oracle/jre/lib/resources.jar
7f6e4f82f000-7f6e4f837000 r-xp 00000000 08:01 8265656                    /usr/lib/jvm/java-7-oracle/jre/lib/amd64/libmanagement.so
7f6e4f837000-7f6e4fa36000 ---p 00008000 08:01 8265656                    /usr/lib/jvm/java-7-oracle/jre/lib/amd64/libmanagement.so
7f6e4fa36000-7f6e4fa37000 rw-p 00007000 08:01 8265656                    /usr/lib/jvm/java-7-oracle/jre/lib/amd64/libmanagement.so
7f6e4fa37000-7f6e4fa47000 r-xp 00000000 08:01 8265665                    /usr/lib/jvm/java-7-oracle/jre/lib/amd64/libnio.so
7f6e4fa47000-7f6e4fc47000 ---p 00010000 08:01 8265665                    /usr/lib/jvm/java-7-oracle/jre/lib/amd64/libnio.so
7f6e4fc47000-7f6e4fc48000 rw-p 00010000 08:01 8265665                    /usr/lib/jvm/java-7-oracle/jre/lib/amd64/libnio.so
7f6e4fc48000-7f6e4fc79000 rw-p 00000000 00:00 0 
7f6e4fc79000-7f6e4fc8f000 r-xp 00000000 08:01 8265627                    /usr/lib/jvm/java-7-oracle/jre/lib/amd64/libnet.so
7f6e4fc8f000-7f6e4fe8f000 ---p 00016000 08:01 8265627                    /usr/lib/jvm/java-7-oracle/jre/lib/amd64/libnet.so
7f6e4fe8f000-7f6e4fe90000 rw-p 00016000 08:01 8265627                    /usr/lib/jvm/java-7-oracle/jre/lib/amd64/libnet.so
7f6e4fe90000-7f6e4fe96000 r--s 00036000 08:01 10368021                   /home/raphael/.m2/repository/org/apache/tomcat/embed/tomcat-embed-websocket/8.0.20/tomcat-embed-websocket-8.0.20.jar
7f6e4fe96000-7f6e4fe98000 r--s 00009000 08:01 7097621                    /home/raphael/.m2/repository/org/apache/tomcat/embed/tomcat-embed-logging-juli/8.0.20/tomcat-embed-logging-juli-8.0.20.jar
7f6e4fe98000-7f6e4fe9c000 r--s 00036000 08:01 7097618                    /home/raphael/.m2/repository/org/apache/tomcat/embed/tomcat-embed-el/8.0.20/tomcat-embed-el-8.0.20.jar
7f6e4fe9c000-7f6e4fec1000 r--s 00290000 08:01 6562118                    /home/raphael/.m2/repository/org/apache/tomcat/embed/tomcat-embed-core/8.0.20/tomcat-embed-core-8.0.20.jar
7f6e4fec1000-7f6e4fec2000 r--s 00000000 08:01 8406378                    /home/raphael/.m2/repository/org/springframework/boot/spring-boot-starter-tomcat/1.2.2.RELEASE/spring-boot-starter-tomcat-1.2.2.RELEASE.jar
7f6e4fec2000-7f6e4feca000 r--s 00057000 08:01 8273177                    /home/raphael/.m2/repository/org/springframework/spring-websocket/4.1.5.RELEASE/spring-websocket-4.1.5.RELEASE.jar
7f6e4feca000-7f6e4fed1000 r--s 0003f000 08:01 8273174                    /home/raphael/.m2/repository/org/springframework/spring-messaging/4.1.5.RELEASE/spring-messaging-4.1.5.RELEASE.jar
7f6e4fed1000-7f6e4fed2000 r--s 00000000 08:01 9847773                    /home/raphael/.m2/repository/org/springframework/boot/spring-boot-starter-websocket/1.2.2.RELEASE/spring-boot-starter-websocket-1.2.2.RELEASE.jar
7f6e4fed2000-7f6e4fee1000 r--s 000b0000 08:01 6956860                    /home/raphael/.m2/repository/org/springframework/spring-webmvc/4.1.5.RELEASE/spring-webmvc-4.1.5.RELEASE.jar
7f6e4fee1000-7f6e4fef1000 r--s 000a0000 08:01 6956876                    /home/raphael/.m2/repository/org/springframework/spring-web/4.1.5.RELEASE/spring-web-4.1.5.RELEASE.jar
7f6e4fef1000-7f6e4fef3000 r--s 0000d000 08:01 8392787                    /home/raphael/.m2/repository/com/fasterxml/classmate/1.0.0/classmate-1.0.0.jar
7f6e4fef3000-7f6e4fef5000 r--s 0000c000 08:01 8525284                    /home/raphael/.m2/repository/org/jboss/logging/jboss-logging/3.1.3.GA/jboss-logging-3.1.3.GA.jar
7f6e4fef5000-7f6e4fef9000 r--s 0000c000 08:01 8524468                    /home/raphael/.m2/repository/javax/validation/validation-api/1.1.0.Final/validation-api-1.1.0.Final.jar
7f6e4fef9000-7f6e4ff07000 r--s 0008d000 08:01 6819840                    /home/raphael/.m2/repository/org/hibernate/hibernate-validator/5.1.3.Final/hibernate-validator-5.1.3.Final.jar
7f6e4ff07000-7f6e4ff08000 r--s 00000000 08:01 8406375                    /home/raphael/.m2/repository/org/springframework/boot/spring-boot-starter-web/1.2.2.RELEASE/spring-boot-starter-web-1.2.2.RELEASE.jar
7f6e4ff08000-7f6e4ff0a000 r--s 00009000 08:01 5769795                    /home/raphael/.m2/repository/org/hamcrest/hamcrest-core/1.3/hamcrest-core-1.3.jar
7f6e4ff0a000-7f6e4ff11000 r--s 0003d000 08:01 7081341                    /home/raphael/.m2/repository/org/yaml/snakeyaml/1.14/snakeyaml-1.14.jar
7f6e4ff11000-7f6e4ff1b000 r--s 0005f000 08:01 7209873                    /home/raphael/.m2/repository/ch/qos/logback/logback-core/1.1.2/logback-core-1.1.2.jar
7f6e4ff1b000-7f6e4ff21000 r--s 0003d000 08:01 7080408                    /home/raphael/.m2/repository/ch/qos/logback/logback-classic/1.1.2/logback-classic-1.1.2.jar
7f6e4ff21000-7f6e4ff22000 r--s 00005000 08:01 8533230                    /home/raphael/.m2/repository/org/slf4j/log4j-over-slf4j/1.7.10/log4j-over-slf4j-1.7.10.jar
7f6e4ff22000-7f6e4ff24000 r--s 00000000 08:01 8533227                    /home/raphael/.m2/repository/org/slf4j/jul-to-slf4j/1.7.10/jul-to-slf4j-1.7.10.jar
7f6e4ff24000-7f6e4ff26000 r--s 00003000 08:01 8533224                    /home/raphael/.m2/repository/org/slf4j/jcl-over-slf4j/1.7.10/jcl-over-slf4j-1.7.10.jar
7f6e4ff26000-7f6e4ff27000 r--s 00000000 08:01 7211658                    /home/raphael/.m2/repository/org/springframework/boot/spring-boot-starter-logging/1.2.2.RELEASE/spring-boot-starter-logging-1.2.2.RELEASE.jar
7f6e4ff27000-7f6e4ff37000 r--s 0006a000 08:01 7211657                    /home/raphael/.m2/repository/org/springframework/boot/spring-boot-autoconfigure/1.2.2.RELEASE/spring-boot-autoconfigure-1.2.2.RELEASE.jar
7f6e4ff37000-7f6e4ff38000 r--s 00000000 08:01 7211654                    /home/raphael/.m2/repository/org/springframework/boot/spring-boot-starter/1.2.2.RELEASE/spring-boot-starter-1.2.2.RELEASE.jar
7f6e4ff38000-7f6e4ff3b000 r--s 0001d000 08:01 7752376                    /home/raphael/.m2/repository/org/springframework/boot/spring-boot-loader-tools/1.2.2.RELEASE/spring-boot-loader-tools-1.2.2.RELEASE.jar
7f6e4ff3b000-7f6e4ff50000 r--s 000e2000 08:01 6956872                    /home/raphael/.m2/repository/org/springframework/spring-core/4.1.5.RELEASE/spring-core-4.1.5.RELEASE.jar
7f6e4ff50000-7f6e4ff55000 r--s 0003b000 08:01 6956873                    /home/raphael/.m2/repository/org/springframework/spring-expression/4.1.5.RELEASE/spring-expression-4.1.5.RELEASE.jar
7f6e4ff55000-7f6e4ff57000 r--s 00000000 08:01 6686059                    /home/raphael/.m2/repository/aopalliance/aopalliance/1.0/aopalliance-1.0.jar
7f6e4ff57000-7f6e4ff60000 r--s 0004f000 08:01 6956865                    /home/raphael/.m2/repository/org/springframework/spring-aop/4.1.5.RELEASE/spring-aop-4.1.5.RELEASE.jar
7f6e4ff60000-7f6e4ff78000 r--s 000e3000 08:01 6956863                    /home/raphael/.m2/repository/org/springframework/spring-context/4.1.5.RELEASE/spring-context-4.1.5.RELEASE.jar
7f6e4ff78000-7f6e4ff85000 r--s 000a0000 08:01 6956861                    /home/raphael/.m2/repository/org/springframework/spring-beans/4.1.5.RELEASE/spring-beans-4.1.5.RELEASE.jar
7f6e4ff85000-7f6e4ff8a000 r--s 00027000 08:01 7097615                    /home/raphael/.m2/repository/org/springframework/spring-context-support/4.1.5.RELEASE/spring-context-support-4.1.5.RELEASE.jar
7f6e4ff8a000-7f6e4ffa1000 r--s 00127000 08:01 6043502                    /home/raphael/.m2/repository/org/freemarker/freemarker/2.3.22/freemarker-2.3.22.jar
7f6e4ffa1000-7f6e4ffa8000 r--s 0005e000 08:01 6817450                    /home/raphael/.m2/repository/org/apache/commons/commons-lang3/3.3.2/commons-lang3-3.3.2.jar
7f6e4ffa8000-7f6e4ffb7000 r--s 00081000 08:01 9580716                    /home/raphael/.m2/repository/joda-time/joda-time/2.7/joda-time-2.7.jar
7f6e4ffb7000-7f6e4ffb8000 r--s 00000000 08:01 7210872                    /home/raphael/.m2/repository/javax/inject/javax.inject/1/javax.inject-1.jar
7f6e4ffb8000-7f6e4ffbc000 r--s 00035000 08:01 7080691                    /home/raphael/.m2/repository/com/fasterxml/jackson/core/jackson-core/2.5.1/jackson-core-2.5.1.jar
7f6e4ffbc000-7f6e4ffce000 r--s 00105000 08:01 7080249                    /home/raphael/.m2/repository/com/fasterxml/jackson/core/jackson-databind/2.5.1/jackson-databind-2.5.1.jar
7f6e4ffce000-7f6e4ffd3000 r--s 0002f000 08:01 7081040                    /home/raphael/.m2/repository/com/google/code/gson/gson/2.3.1/gson-2.3.1.jar
7f6e4ffd3000-7f6e4ffd7000 r--s 0002a000 08:01 6687390                    /home/raphael/.m2/repository/commons-io/commons-io/2.4/commons-io-2.4.jar
7f6e4ffd7000-7f6e4ffe3000 r--s 0010b000 08:01 8533152                    /home/raphael/.m2/repository/org/mozilla/rhino/1.7R5/rhino-1.7R5.jar
7f6e4ffe3000-7f6e4ffe8000 r--s 0001d000 08:01 6956849                    /home/raphael/.m2/repository/org/seleniumhq/selenium/selenium-support/2.45.0/selenium-support-2.45.0.jar
7f6e4ffe8000-7f6e4ffed000 r--s 0001d000 08:01 6956842                    /home/raphael/.m2/repository/org/seleniumhq/selenium/selenium-api/2.45.0/selenium-api-2.45.0.jar
7f6e4ffed000-7f6e4fff8000 r--s 0005d000 08:01 7211655                    /home/raphael/.m2/repository/org/springframework/boot/spring-boot/1.2.2.RELEASE/spring-boot-1.2.2.RELEASE.jar
7f6e4fff8000-7f6e50000000 r--s 00045000 08:01 11150038                   /home/raphael/.m2/repository/junit/junit/4.12/junit-4.12.jar
7f6e50000000-7f6e5002b000 rw-p 00000000 00:00 0 
7f6e5002b000-7f6e54000000 ---p 00000000 00:00 0 
7f6e54000000-7f6e54002000 r--s 00008000 08:01 7080311                    /home/raphael/.m2/repository/com/fasterxml/jackson/core/jackson-annotations/2.5.1/jackson-annotations-2.5.1.jar
7f6e54002000-7f6e54004000 r--s 00006000 08:01 9967583                    /home/raphael/.m2/repository/com/google/code/findbugs/jsr305/2.0.2/jsr305-2.0.2.jar
7f6e54004000-7f6e54010000 r--s 0006f000 08:01 6956870                    /home/raphael/.m2/repository/org/springframework/spring-test/4.1.5.RELEASE/spring-test-4.1.5.RELEASE.jar
7f6e54010000-7f6e54016000 r--s 0005e000 08:01 6956852                    /home/raphael/.m2/repository/org/seleniumhq/selenium/selenium-leg-rc/2.45.0/selenium-leg-rc-2.45.0.jar
7f6e54016000-7f6e54018000 r--s 00006000 08:01 9839234                    /home/raphael/.m2/repository/com/github/rholder/guava-retrying/1.0.7/guava-retrying-1.0.7.jar
7f6e54018000-7f6e54019000 r--s 00007000 08:01 7079433                    /home/raphael/.m2/repository/com/github/ruifigueira/platypus/0.1.0/platypus-0.1.0.jar
7f6e54019000-7f6e5401b000 r--s 0000b000 08:01 11407501                   /home/raphael/.m2/repository/io/vilt/minium/minium-elements/1.0.0-SNAPSHOT/minium-elements-1.0.0-SNAPSHOT.jar
7f6e5401b000-7f6e5401c000 r--s 0000f000 08:01 10754472                   /home/raphael/.m2/repository/org/json/json/20140107/json-20140107.jar
7f6e5401c000-7f6e5401d000 r--s 00004000 08:01 6823591                    /home/raphael/.m2/repository/info/cukes/cucumber-junit/1.2.2/cucumber-junit-1.2.2.jar
7f6e5401d000-7f6e54025000 r--s 001a4000 08:01 6817480                    /home/raphael/.m2/repository/info/cukes/gherkin/2.12.2/gherkin-2.12.2.jar
7f6e54025000-7f6e54033000 r--s 00076000 08:01 6817477                    /home/raphael/.m2/repository/info/cukes/cucumber-jvm-deps/1.0.3/cucumber-jvm-deps-1.0.3.jar
7f6e54033000-7f6e54038000 r--s 0002f000 08:01 6823585                    /home/raphael/.m2/repository/info/cukes/cucumber-core/1.2.2/cucumber-core-1.2.2.jar
7f6e54038000-7f6e54043000 r--s 0002d000 08:01 6823584                    /home/raphael/.m2/repository/info/cukes/cucumber-java/1.2.2/cucumber-java-1.2.2.jar
7f6e54043000-7f6e54047000 r--s 000f3000 08:01 6817608                    /home/raphael/.m2/repository/net/java/dev/jna/jna/3.4.0/jna-3.4.0.jar
7f6e54047000-7f6e54048000 r--s 00009000 08:01 6817474                    /home/raphael/.m2/repository/info/cukes/cucumber-html/0.2.3/cucumber-html-0.2.3.jar
7f6e54048000-7f6e54049000 r--s 00002000 08:01 7090386                    /home/raphael/.m2/repository/info/cukes/cucumber-rhino/1.2.2/cucumber-rhino-1.2.2.jar
7f6e54049000-7f6e5404b000 r--s 00009000 08:01 13638164                   /home/raphael/.m2/repository/io/vilt/minium/minium-cucumber-rest/1.0.0-SNAPSHOT/minium-cucumber-rest-1.0.0-SNAPSHOT.jar
7f6e5404b000-7f6e54060000 r--s 000fd000 08:01 6817620                    /home/raphael/.m2/repository/io/netty/netty/3.5.2.Final/netty-3.5.2.Final.jar
7f6e54060000-7f6e54065000 r--s 00024000 08:01 6817617                    /home/raphael/.m2/repository/org/webbitserver/webbit/0.4.14/webbit-0.4.14.jar
7f6e54065000-7f6e54067000 r--s 00049000 08:01 6956848                    /home/raphael/.m2/repository/org/seleniumhq/selenium/selenium-safari-driver/2.45.0/selenium-safari-driver-2.45.0.jar
7f6e54067000-7f6e54072000 r--s 000d5000 08:01 6817611                    /home/raphael/.m2/repository/net/java/dev/jna/platform/3.4.0/platform-3.4.0.jar
7f6e54072000-7f6e54074000 r--s 0000b000 08:01 6817602                    /home/raphael/.m2/repository/org/apache/commons/commons-exec/1.1/commons-exec-1.1.jar
7f6e54074000-7f6e5407b000 r--s 0003a000 08:01 6817561                    /home/raphael/.m2/repository/commons-codec/commons-codec/1.9/commons-codec-1.9.jar
7f6e5407b000-7f6e540a6000 r--s 001fc000 08:01 6687633                    /home/raphael/.m2/repository/com/google/guava/guava/18.0/guava-18.0.jar
7f6e540a6000-7f6e540a7000 ---p 00000000 00:00 0 
7f6e540a7000-7f6e541a7000 rw-p 00000000 00:00 0                          [stack:25105]
7f6e541a7000-7f6e541aa000 ---p 00000000 00:00 0 
7f6e541aa000-7f6e542a8000 rw-p 00000000 00:00 0                          [stack:25104]
7f6e542a8000-7f6e542ab000 ---p 00000000 00:00 0 
7f6e542ab000-7f6e543a9000 rw-p 00000000 00:00 0                          [stack:25103]
7f6e543a9000-7f6e543ac000 ---p 00000000 00:00 0 
7f6e543ac000-7f6e544aa000 rw-p 00000000 00:00 0                          [stack:25102]
7f6e544aa000-7f6e544ad000 ---p 00000000 00:00 0 
7f6e544ad000-7f6e545ab000 rw-p 00000000 00:00 0                          [stack:26441]
7f6e545ab000-7f6e545ae000 ---p 00000000 00:00 0 
7f6e545ae000-7f6e546ac000 rw-p 00000000 00:00 0                          [stack:25097]
7f6e546ac000-7f6e546af000 ---p 00000000 00:00 0 
7f6e546af000-7f6e547ad000 rw-p 00000000 00:00 0                          [stack:25096]
7f6e547ad000-7f6e547b1000 r-xp 00000000 08:01 8265630                    /usr/lib/jvm/java-7-oracle/jre/lib/amd64/libdt_socket.so
7f6e547b1000-7f6e549b0000 ---p 00004000 08:01 8265630                    /usr/lib/jvm/java-7-oracle/jre/lib/amd64/libdt_socket.so
7f6e549b0000-7f6e549b1000 rw-p 00003000 08:01 8265630                    /usr/lib/jvm/java-7-oracle/jre/lib/amd64/libdt_socket.so
7f6e549b1000-7f6e549b4000 ---p 00000000 00:00 0 
7f6e549b4000-7f6e54ab2000 rw-p 00000000 00:00 0                          [stack:25092]
7f6e54ab2000-7f6e54ab5000 ---p 00000000 00:00 0 
7f6e54ab5000-7f6e54bb3000 rw-p 00000000 00:00 0                          [stack:25091]
7f6e54bb3000-7f6e54bb6000 ---p 00000000 00:00 0 
7f6e54bb6000-7f6e54cb4000 rw-p 00000000 00:00 0                          [stack:25090]
7f6e54cb4000-7f6e54cb5000 ---p 00000000 00:00 0 
7f6e54cb5000-7f6e55d72000 rw-p 00000000 00:00 0                          [stack:25089]
7f6e55d72000-7f6e55f31000 r--s 039f0000 08:01 1715411                    /usr/lib/jvm/java-7-oracle/jre/lib/rt.jar
7f6e55f31000-7f6e57542000 rw-p 00000000 00:00 0 
7f6e57542000-7f6e57543000 ---p 00000000 00:00 0 
7f6e57543000-7f6e57643000 rw-p 00000000 00:00 0                          [stack:25088]
7f6e57643000-7f6e57644000 ---p 00000000 00:00 0 
7f6e57644000-7f6e57744000 rw-p 00000000 00:00 0                          [stack:25087]
7f6e57744000-7f6e57745000 ---p 00000000 00:00 0 
7f6e57745000-7f6e57845000 rw-p 00000000 00:00 0                          [stack:25086]
7f6e57845000-7f6e57846000 ---p 00000000 00:00 0 
7f6e57846000-7f6e5795e000 rw-p 00000000 00:00 0                          [stack:25085]
7f6e5795e000-7f6e57986000 rw-p 00000000 00:00 0 
7f6e57986000-7f6e579af000 rw-p 00000000 00:00 0 
7f6e579af000-7f6e57a30000 rw-p 00000000 00:00 0 
7f6e57a30000-7f6e57a86000 rw-p 00000000 00:00 0 
7f6e57a86000-7f6e57a87000 rw-p 00000000 00:00 0 
7f6e57a87000-7f6e57e47000 rwxp 00000000 00:00 0 
7f6e57e47000-7f6e5aa87000 rw-p 00000000 00:00 0 
7f6e5aa87000-7f6e5aaa1000 r-xp 00000000 08:01 8265650                    /usr/lib/jvm/java-7-oracle/jre/lib/amd64/libzip.so
7f6e5aaa1000-7f6e5aca1000 ---p 0001a000 08:01 8265650                    /usr/lib/jvm/java-7-oracle/jre/lib/amd64/libzip.so
7f6e5aca1000-7f6e5aca2000 rw-p 0001a000 08:01 8265650                    /usr/lib/jvm/java-7-oracle/jre/lib/amd64/libzip.so
7f6e5aca2000-7f6e5acad000 r-xp 00000000 08:01 6048637                    /lib/x86_64-linux-gnu/libnss_files-2.19.so
7f6e5acad000-7f6e5aeac000 ---p 0000b000 08:01 6048637                    /lib/x86_64-linux-gnu/libnss_files-2.19.so
7f6e5aeac000-7f6e5aead000 r--p 0000a000 08:01 6048637                    /lib/x86_64-linux-gnu/libnss_files-2.19.so
7f6e5aead000-7f6e5aeae000 rw-p 0000b000 08:01 6048637                    /lib/x86_64-linux-gnu/libnss_files-2.19.so
7f6e5aeae000-7f6e5aeb9000 r-xp 00000000 08:01 6048657                    /lib/x86_64-linux-gnu/libnss_nis-2.19.so
7f6e5aeb9000-7f6e5b0b8000 ---p 0000b000 08:01 6048657                    /lib/x86_64-linux-gnu/libnss_nis-2.19.so
7f6e5b0b8000-7f6e5b0b9000 r--p 0000a000 08:01 6048657                    /lib/x86_64-linux-gnu/libnss_nis-2.19.so
7f6e5b0b9000-7f6e5b0ba000 rw-p 0000b000 08:01 6048657                    /lib/x86_64-linux-gnu/libnss_nis-2.19.so
7f6e5b0ba000-7f6e5b0d1000 r-xp 00000000 08:01 6048646                    /lib/x86_64-linux-gnu/libnsl-2.19.so
7f6e5b0d1000-7f6e5b2d0000 ---p 00017000 08:01 6048646                    /lib/x86_64-linux-gnu/libnsl-2.19.so
7f6e5b2d0000-7f6e5b2d1000 r--p 00016000 08:01 6048646                    /lib/x86_64-linux-gnu/libnsl-2.19.so
7f6e5b2d1000-7f6e5b2d2000 rw-p 00017000 08:01 6048646                    /lib/x86_64-linux-gnu/libnsl-2.19.so
7f6e5b2d2000-7f6e5b2d4000 rw-p 00000000 00:00 0 
7f6e5b2d4000-7f6e5b2dd000 r-xp 00000000 08:01 6048645                    /lib/x86_64-linux-gnu/libnss_compat-2.19.so
7f6e5b2dd000-7f6e5b4dc000 ---p 00009000 08:01 6048645                    /lib/x86_64-linux-gnu/libnss_compat-2.19.so
7f6e5b4dc000-7f6e5b4dd000 r--p 00008000 08:01 6048645                    /lib/x86_64-linux-gnu/libnss_compat-2.19.so
7f6e5b4dd000-7f6e5b4de000 rw-p 00009000 08:01 6048645                    /lib/x86_64-linux-gnu/libnss_compat-2.19.so
7f6e5b4de000-7f6e5bbc2000 r--p 00000000 08:01 1710918                    /usr/lib/locale/locale-archive
7f6e5bbc2000-7f6e5bbc4000 r-xp 00000000 08:01 8265664                    /usr/lib/jvm/java-7-oracle/jre/lib/amd64/libnpt.so
7f6e5bbc4000-7f6e5bdc4000 ---p 00002000 08:01 8265664                    /usr/lib/jvm/java-7-oracle/jre/lib/amd64/libnpt.so
7f6e5bdc4000-7f6e5bdc5000 rw-p 00002000 08:01 8265664                    /usr/lib/jvm/java-7-oracle/jre/lib/amd64/libnpt.so
7f6e5bdc5000-7f6e5bdfe000 r-xp 00000000 08:01 8265623                    /usr/lib/jvm/java-7-oracle/jre/lib/amd64/libjdwp.so
7f6e5bdfe000-7f6e5bffe000 ---p 00039000 08:01 8265623                    /usr/lib/jvm/java-7-oracle/jre/lib/amd64/libjdwp.so
7f6e5bffe000-7f6e5bfff000 rw-p 00039000 08:01 8265623                    /usr/lib/jvm/java-7-oracle/jre/lib/amd64/libjdwp.so
7f6e5bfff000-7f6e5c000000 rw-p 00000000 00:00 0 
7f6e5c000000-7f6e5cd54000 rw-p 00000000 00:00 0 
7f6e5cd54000-7f6e60000000 ---p 00000000 00:00 0 
7f6e60000000-7f6e60001000 r--s 00002000 08:01 6562137                    /home/raphael/.m2/repository/com/codeborne/phantomjsdriver/1.2.1/phantomjsdriver-1.2.1.jar
7f6e60001000-7f6e60008000 r--s 00048000 08:01 8533236                    /home/raphael/.m2/repository/org/apache/httpcomponents/httpcore/4.4/httpcore-4.4.jar
7f6e60008000-7f6e60073000 rw-p 00000000 00:00 0 
7f6e60073000-7f6e600f5000 rw-p 00000000 00:00 0 
7f6e600f5000-7f6e60104000 rw-p 00000000 00:00 0 
7f6e60104000-7f6e601b5000 rw-p 00000000 00:00 0 
7f6e601b5000-7f6e601de000 r-xp 00000000 08:01 8265634                    /usr/lib/jvm/java-7-oracle/jre/lib/amd64/libjava.so
7f6e601de000-7f6e603de000 ---p 00029000 08:01 8265634                    /usr/lib/jvm/java-7-oracle/jre/lib/amd64/libjava.so
7f6e603de000-7f6e603e0000 rw-p 00029000 08:01 8265634                    /usr/lib/jvm/java-7-oracle/jre/lib/amd64/libjava.so
7f6e603e0000-7f6e603ed000 r-xp 00000000 08:01 8265649                    /usr/lib/jvm/java-7-oracle/jre/lib/amd64/libverify.so
7f6e603ed000-7f6e605ec000 ---p 0000d000 08:01 8265649                    /usr/lib/jvm/java-7-oracle/jre/lib/amd64/libverify.so
7f6e605ec000-7f6e605ee000 rw-p 0000c000 08:01 8265649                    /usr/lib/jvm/java-7-oracle/jre/lib/amd64/libverify.so
7f6e605ee000-7f6e605f5000 r-xp 00000000 08:01 6048654                    /lib/x86_64-linux-gnu/librt-2.19.so
7f6e605f5000-7f6e607f4000 ---p 00007000 08:01 6048654                    /lib/x86_64-linux-gnu/librt-2.19.so
7f6e607f4000-7f6e607f5000 r--p 00006000 08:01 6048654                    /lib/x86_64-linux-gnu/librt-2.19.so
7f6e607f5000-7f6e607f6000 rw-p 00007000 08:01 6048654                    /lib/x86_64-linux-gnu/librt-2.19.so
7f6e607f6000-7f6e607f9000 ---p 00000000 00:00 0 
7f6e607f9000-7f6e608f7000 rw-p 00000000 00:00 0                          [stack:25083]
7f6e608f7000-7f6e609fc000 r-xp 00000000 08:01 6048636                    /lib/x86_64-linux-gnu/libm-2.19.so
7f6e609fc000-7f6e60bfb000 ---p 00105000 08:01 6048636                    /lib/x86_64-linux-gnu/libm-2.19.so
7f6e60bfb000-7f6e60bfc000 r--p 00104000 08:01 6048636                    /lib/x86_64-linux-gnu/libm-2.19.so
7f6e60bfc000-7f6e60bfd000 rw-p 00105000 08:01 6048636                    /lib/x86_64-linux-gnu/libm-2.19.so
7f6e60bfd000-7f6e61772000 r-xp 00000000 08:01 8265638                    /usr/lib/jvm/java-7-oracle/jre/lib/amd64/server/libjvm.so
7f6e61772000-7f6e61972000 ---p 00b75000 08:01 8265638                    /usr/lib/jvm/java-7-oracle/jre/lib/amd64/server/libjvm.so
7f6e61972000-7f6e61a36000 rw-p 00b75000 08:01 8265638                    /usr/lib/jvm/java-7-oracle/jre/lib/amd64/server/libjvm.so
7f6e61a36000-7f6e61a77000 rw-p 00000000 00:00 0 
7f6e61a77000-7f6e61c32000 r-xp 00000000 08:01 6048651                    /lib/x86_64-linux-gnu/libc-2.19.so
7f6e61c32000-7f6e61e31000 ---p 001bb000 08:01 6048651                    /lib/x86_64-linux-gnu/libc-2.19.so
7f6e61e31000-7f6e61e35000 r--p 001ba000 08:01 6048651                    /lib/x86_64-linux-gnu/libc-2.19.so
7f6e61e35000-7f6e61e37000 rw-p 001be000 08:01 6048651                    /lib/x86_64-linux-gnu/libc-2.19.so
7f6e61e37000-7f6e61e3c000 rw-p 00000000 00:00 0 
7f6e61e3c000-7f6e61e3f000 r-xp 00000000 08:01 6048640                    /lib/x86_64-linux-gnu/libdl-2.19.so
7f6e61e3f000-7f6e6203e000 ---p 00003000 08:01 6048640                    /lib/x86_64-linux-gnu/libdl-2.19.so
7f6e6203e000-7f6e6203f000 r--p 00002000 08:01 6048640                    /lib/x86_64-linux-gnu/libdl-2.19.so
7f6e6203f000-7f6e62040000 rw-p 00003000 08:01 6048640                    /lib/x86_64-linux-gnu/libdl-2.19.so
7f6e62040000-7f6e62056000 r-xp 00000000 08:01 8397503                    /usr/lib/jvm/java-7-oracle/lib/amd64/jli/libjli.so
7f6e62056000-7f6e62256000 ---p 00016000 08:01 8397503                    /usr/lib/jvm/java-7-oracle/lib/amd64/jli/libjli.so
7f6e62256000-7f6e62257000 rw-p 00016000 08:01 8397503                    /usr/lib/jvm/java-7-oracle/lib/amd64/jli/libjli.so
7f6e62257000-7f6e62270000 r-xp 00000000 08:01 6048652                    /lib/x86_64-linux-gnu/libpthread-2.19.so
7f6e62270000-7f6e6246f000 ---p 00019000 08:01 6048652                    /lib/x86_64-linux-gnu/libpthread-2.19.so
7f6e6246f000-7f6e62470000 r--p 00018000 08:01 6048652                    /lib/x86_64-linux-gnu/libpthread-2.19.so
7f6e62470000-7f6e62471000 rw-p 00019000 08:01 6048652                    /lib/x86_64-linux-gnu/libpthread-2.19.so
7f6e62471000-7f6e62475000 rw-p 00000000 00:00 0 
7f6e62475000-7f6e62498000 r-xp 00000000 08:01 6048648                    /lib/x86_64-linux-gnu/ld-2.19.so
7f6e62498000-7f6e6249a000 r--s 00282000 08:01 6956843                    /home/raphael/.m2/repository/org/seleniumhq/selenium/selenium-firefox-driver/2.45.0/selenium-firefox-driver-2.45.0.jar
7f6e6249a000-7f6e624a7000 r--s 000a3000 08:01 8533233                    /home/raphael/.m2/repository/org/apache/httpcomponents/httpclient/4.4/httpclient-4.4.jar
7f6e624a7000-7f6e624ae000 r--s 00049000 08:01 6817543                    /home/raphael/.m2/repository/cglib/cglib-nodep/2.1_3/cglib-nodep-2.1_3.jar
7f6e624ae000-7f6e624b4000 r--s 00033000 08:01 6956841                    /home/raphael/.m2/repository/org/seleniumhq/selenium/selenium-remote-driver/2.45.0/selenium-remote-driver-2.45.0.jar
7f6e624b4000-7f6e624f4000 rw-p 00000000 00:00 0 
7f6e624f4000-7f6e6251c000 rw-p 00000000 00:00 0 
7f6e6251c000-7f6e6251f000 rw-p 00000000 00:00 0 
7f6e6251f000-7f6e62563000 r-xp 00000000 08:01 12722603                   /opt/eset/esets/lib/libesets_pac.so
7f6e62563000-7f6e62662000 ---p 00044000 08:01 12722603                   /opt/eset/esets/lib/libesets_pac.so
7f6e62662000-7f6e62665000 rw-p 00043000 08:01 12722603                   /opt/eset/esets/lib/libesets_pac.so
7f6e62665000-7f6e62678000 rw-p 00000000 00:00 0 
7f6e62678000-7f6e62679000 r--s 00002000 08:01 6956845                    /home/raphael/.m2/repository/org/seleniumhq/selenium/selenium-ie-driver/2.45.0/selenium-ie-driver-2.45.0.jar
7f6e62679000-7f6e6267a000 r--s 00002000 08:01 6956844                    /home/raphael/.m2/repository/org/seleniumhq/selenium/selenium-chrome-driver/2.45.0/selenium-chrome-driver-2.45.0.jar
7f6e6267a000-7f6e6267b000 r--s 00000000 08:01 6956839                    /home/raphael/.m2/repository/org/seleniumhq/selenium/selenium-java/2.45.0/selenium-java-2.45.0.jar
7f6e6267b000-7f6e6267c000 r--s 00005000 08:01 13119373                   /home/raphael/.m2/repository/io/vilt/minium/minium-webelements-config/1.0.0-SNAPSHOT/minium-webelements-config-1.0.0-SNAPSHOT.jar
7f6e6267c000-7f6e6267d000 r--s 00007000 08:01 9579036                    /home/raphael/.m2/repository/org/slf4j/slf4j-api/1.7.10/slf4j-api-1.7.10.jar
7f6e6267d000-7f6e6268a000 rw-p 00000000 00:00 0 
7f6e6268a000-7f6e62692000 rw-s 00000000 08:01 8156929                    /tmp/hsperfdata_raphael/25078
7f6e62692000-7f6e62693000 rw-p 00000000 00:00 0 
7f6e62693000-7f6e62694000 ---p 00000000 00:00 0 
7f6e62694000-7f6e62697000 rw-p 00000000 00:00 0 
7f6e62697000-7f6e62698000 r--p 00022000 08:01 6048648                    /lib/x86_64-linux-gnu/ld-2.19.so
7f6e62698000-7f6e62699000 rw-p 00023000 08:01 6048648                    /lib/x86_64-linux-gnu/ld-2.19.so
7f6e62699000-7f6e6269a000 rw-p 00000000 00:00 0 
7ffffb10a000-7ffffb12d000 rw-p 00000000 00:00 0                          [stack]
7ffffb157000-7ffffb159000 r-xp 00000000 00:00 0                          [vdso]
ffffffffff600000-ffffffffff601000 r-xp 00000000 00:00 0                  [vsyscall]

VM Arguments:
jvm_args: -agentlib:jdwp=transport=dt_socket,suspend=y,address=localhost:38996 -Xmx512m -XX:MaxPermSize=128M -Dserver.port=8081 -Dlogging.level.org.springframework.web=true -Dfile.encoding=UTF-8 
java_command: minium.developer.Application
Launcher Type: SUN_STANDARD

Environment Variables:
PATH=/home/raphael/bin:/usr/local/sbin:/usr/local/bin:/usr/sbin:/usr/bin:/sbin:/bin:/usr/games:/usr/local/games:/opt/minium/drivers
SHELL=/bin/bash
DISPLAY=:0

Signal Handlers:
SIGSEGV: [libjvm.so+0x9a3bd0], sa_mask[0]=0x7ffbfeff, sa_flags=0x10000004
SIGBUS: [libjvm.so+0x9a3bd0], sa_mask[0]=0x7ffbfeff, sa_flags=0x10000004
SIGFPE: [libjvm.so+0x81cb60], sa_mask[0]=0x7ffbfeff, sa_flags=0x10000004
SIGPIPE: SIG_IGN, sa_mask[0]=0x00001000, sa_flags=0x10000000
SIGXFSZ: [libjvm.so+0x81cb60], sa_mask[0]=0x7ffbfeff, sa_flags=0x10000004
SIGILL: [libjvm.so+0x81cb60], sa_mask[0]=0x7ffbfeff, sa_flags=0x10000004
SIGUSR1: SIG_DFL, sa_mask[0]=0x00000000, sa_flags=0x00000000
SIGUSR2: [libjvm.so+0x81e360], sa_mask[0]=0x00000004, sa_flags=0x10000004
SIGHUP: [libjvm.so+0x81f480], sa_mask[0]=0x7ffbfeff, sa_flags=0x10000004
SIGINT: [libjvm.so+0x81f480], sa_mask[0]=0x7ffbfeff, sa_flags=0x10000004
SIGTERM: [libjvm.so+0x81f480], sa_mask[0]=0x7ffbfeff, sa_flags=0x10000004
SIGQUIT: [libjvm.so+0x81f480], sa_mask[0]=0x7ffbfeff, sa_flags=0x10000004


---------------  S Y S T E M  ---------------

OS:jessie/sid

uname:Linux 3.13.0-46-generic #79-Ubuntu SMP Tue Mar 10 20:06:50 UTC 2015 x86_64
libc:glibc 2.19 NPTL 2.19 
rlimit: STACK 8192k, CORE 0k, NPROC 62959, NOFILE 4096, AS infinity
load average:1,05 0,83 0,73

/proc/meminfo:
MemTotal:        8080484 kB
MemFree:          932664 kB
Buffers:           56352 kB
Cached:           881548 kB
SwapCached:       167004 kB
Active:          5038620 kB
Inactive:        1581700 kB
Active(anon):    4886080 kB
Inactive(anon):  1451860 kB
Active(file):     152540 kB
Inactive(file):   129840 kB
Unevictable:          80 kB
Mlocked:              80 kB
SwapTotal:       8290300 kB
SwapFree:        4544104 kB
Dirty:               228 kB
Writeback:             0 kB
AnonPages:       5641304 kB
Mapped:           273844 kB
Shmem:            654976 kB
Slab:             301224 kB
SReclaimable:     233160 kB
SUnreclaim:        68064 kB
KernelStack:       10824 kB
PageTables:       111124 kB
NFS_Unstable:          0 kB
Bounce:                0 kB
WritebackTmp:          0 kB
CommitLimit:    12330540 kB
Committed_AS:   30840536 kB
VmallocTotal:   34359738367 kB
VmallocUsed:      362072 kB
VmallocChunk:   34359314008 kB
HardwareCorrupted:     0 kB
AnonHugePages:    811008 kB
HugePages_Total:       0
HugePages_Free:        0
HugePages_Rsvd:        0
HugePages_Surp:        0
Hugepagesize:       2048 kB
DirectMap4k:      110512 kB
DirectMap2M:     7133184 kB
DirectMap1G:     1048576 kB


CPU:total 4 (2 cores per cpu, 2 threads per core) family 6 model 60 stepping 3, cmov, cx8, fxsr, mmx, sse, sse2, sse3, ssse3, sse4.1, sse4.2, popcnt, avx, avx2, aes, erms, ht, tsc, tscinvbit

/proc/cpuinfo:
processor	: 0
vendor_id	: GenuineIntel
cpu family	: 6
model		: 60
model name	: Intel(R) Core(TM) i5-4200M CPU @ 2.50GHz
stepping	: 3
microcode	: 0x17
cpu MHz		: 2501.000
cache size	: 3072 KB
physical id	: 0
siblings	: 4
core id		: 0
cpu cores	: 2
apicid		: 0
initial apicid	: 0
fpu		: yes
fpu_exception	: yes
cpuid level	: 13
wp		: yes
flags		: fpu vme de pse tsc msr pae mce cx8 apic sep mtrr pge mca cmov pat pse36 clflush dts acpi mmx fxsr sse sse2 ss ht tm pbe syscall nx pdpe1gb rdtscp lm constant_tsc arch_perfmon pebs bts rep_good nopl xtopology nonstop_tsc aperfmperf eagerfpu pni pclmulqdq dtes64 monitor ds_cpl vmx est tm2 ssse3 fma cx16 xtpr pdcm pcid sse4_1 sse4_2 movbe popcnt tsc_deadline_timer aes xsave avx f16c rdrand lahf_lm abm ida arat epb xsaveopt pln pts dtherm tpr_shadow vnmi flexpriority ept vpid fsgsbase tsc_adjust bmi1 avx2 smep bmi2 erms invpcid
bogomips	: 4988.58
clflush size	: 64
cache_alignment	: 64
address sizes	: 39 bits physical, 48 bits virtual
power management:

processor	: 1
vendor_id	: GenuineIntel
cpu family	: 6
model		: 60
model name	: Intel(R) Core(TM) i5-4200M CPU @ 2.50GHz
stepping	: 3
microcode	: 0x17
cpu MHz		: 2501.000
cache size	: 3072 KB
physical id	: 0
siblings	: 4
core id		: 1
cpu cores	: 2
apicid		: 2
initial apicid	: 2
fpu		: yes
fpu_exception	: yes
cpuid level	: 13
wp		: yes
flags		: fpu vme de pse tsc msr pae mce cx8 apic sep mtrr pge mca cmov pat pse36 clflush dts acpi mmx fxsr sse sse2 ss ht tm pbe syscall nx pdpe1gb rdtscp lm constant_tsc arch_perfmon pebs bts rep_good nopl xtopology nonstop_tsc aperfmperf eagerfpu pni pclmulqdq dtes64 monitor ds_cpl vmx est tm2 ssse3 fma cx16 xtpr pdcm pcid sse4_1 sse4_2 movbe popcnt tsc_deadline_timer aes xsave avx f16c rdrand lahf_lm abm ida arat epb xsaveopt pln pts dtherm tpr_shadow vnmi flexpriority ept vpid fsgsbase tsc_adjust bmi1 avx2 smep bmi2 erms invpcid
bogomips	: 4988.58
clflush size	: 64
cache_alignment	: 64
address sizes	: 39 bits physical, 48 bits virtual
power management:

processor	: 2
vendor_id	: GenuineIntel
cpu family	: 6
model		: 60
model name	: Intel(R) Core(TM) i5-4200M CPU @ 2.50GHz
stepping	: 3
microcode	: 0x17
cpu MHz		: 2501.000
cache size	: 3072 KB
physical id	: 0
siblings	: 4
core id		: 0
cpu cores	: 2
apicid		: 1
initial apicid	: 1
fpu		: yes
fpu_exception	: yes
cpuid level	: 13
wp		: yes
flags		: fpu vme de pse tsc msr pae mce cx8 apic sep mtrr pge mca cmov pat pse36 clflush dts acpi mmx fxsr sse sse2 ss ht tm pbe syscall nx pdpe1gb rdtscp lm constant_tsc arch_perfmon pebs bts rep_good nopl xtopology nonstop_tsc aperfmperf eagerfpu pni pclmulqdq dtes64 monitor ds_cpl vmx est tm2 ssse3 fma cx16 xtpr pdcm pcid sse4_1 sse4_2 movbe popcnt tsc_deadline_timer aes xsave avx f16c rdrand lahf_lm abm ida arat epb xsaveopt pln pts dtherm tpr_shadow vnmi flexpriority ept vpid fsgsbase tsc_adjust bmi1 avx2 smep bmi2 erms invpcid
bogomips	: 4988.58
clflush size	: 64
cache_alignment	: 64
address sizes	: 39 bits physical, 48 bits virtual
power management:

processor	: 3
vendor_id	: GenuineIntel
cpu family	: 6
model		: 60
model name	: Intel(R) Core(TM) i5-4200M CPU @ 2.50GHz
stepping	: 3
microcode	: 0x17
cpu MHz		: 2501.000
cache size	: 3072 KB
physical id	: 0
siblings	: 4
core id		: 1
cpu cores	: 2
apicid		: 3
initial apicid	: 3
fpu		: yes
fpu_exception	: yes
cpuid level	: 13
wp		: yes
flags		: fpu vme de pse tsc msr pae mce cx8 apic sep mtrr pge mca cmov pat pse36 clflush dts acpi mmx fxsr sse sse2 ss ht tm pbe syscall nx pdpe1gb rdtscp lm constant_tsc arch_perfmon pebs bts rep_good nopl xtopology nonstop_tsc aperfmperf eagerfpu pni pclmulqdq dtes64 monitor ds_cpl vmx est tm2 ssse3 fma cx16 xtpr pdcm pcid sse4_1 sse4_2 movbe popcnt tsc_deadline_timer aes xsave avx f16c rdrand lahf_lm abm ida arat epb xsaveopt pln pts dtherm tpr_shadow vnmi flexpriority ept vpid fsgsbase tsc_adjust bmi1 avx2 smep bmi2 erms invpcid
bogomips	: 4988.58
clflush size	: 64
cache_alignment	: 64
address sizes	: 39 bits physical, 48 bits virtual
power management:



Memory: 4k page, physical 8080484k(932416k free), swap 8290300k(4544108k free)

vm_info: Java HotSpot(TM) 64-Bit Server VM (24.76-b04) for linux-amd64 JRE (1.7.0_76-b13), built on Dec 18 2014 16:58:39 by "java_re" with gcc 4.3.0 20080428 (Red Hat 4.3.0-8)

time: Thu Mar 19 17:15:39 2015
elapsed time: 1946 seconds

