#
# A fatal error has been detected by the Java Runtime Environment:
#
#  SIGSEGV (0xb) at pc=0x00007f154f8bb055, pid=15380, tid=139729321297664
#
# JRE version: Java(TM) SE Runtime Environment (7.0_76-b13) (build 1.7.0_76-b13)
# Java VM: Java HotSpot(TM) 64-Bit Server VM (24.76-b04 mixed mode linux-amd64 compressed oops)
# Problematic frame:
# V  [libjvm.so+0x559055]  GCTimer::register_gc_phase_end(Ticks const&)+0x35
#
# Failed to write core dump. Core dumps have been disabled. To enable core dumping, try "ulimit -c unlimited" before starting Java again
#
# If you would like to submit a bug report, please visit:
#   http://bugreport.java.com/bugreport/crash.jsp
#

---------------  T H R E A D  ---------------

Current thread (0x00007f1548071800):  VMThread [stack: 0x00007f15447f8000,0x00007f15448f9000] [id=15392]

siginfo:si_signo=SIGSEGV: si_errno=0, si_code=1 (SEGV_MAPERR), si_addr=0x0000000000000018

Registers:
RAX=0x000000004f8cf197, RBX=0x00007f15501b1580, RCX=0x0000000000000000, RDX=0x0000000000000008
RSP=0x00007f15448f75e0, RBP=0x00007f15448f7640, RSI=0x00007f15448f7670, RDI=0x0000000000000038
R8 =0x0000000000000000, R9 =0x0000000000000001, R10=0x0000000054f9cd80, R11=0x0000000000000002
R12=0x00007f15448f7670, R13=0x00007f154802f1c0, R14=0x0000000000000004, R15=0x00007f15448f79f0
RIP=0x00007f154f8bb055, EFLAGS=0x0000000000010212, CSGSFS=0xffff000000000033, ERR=0x0000000000000004
  TRAPNO=0x000000000000000e

Top of Stack: (sp=0x00007f15448f75e0)
0x00007f15448f75e0:   00007f15448f7670 00007f154802f1c0
0x00007f15448f75f0:   0000000000000004 00007f15448f79f0
0x00007f15448f7600:   00007f15448f7620 00007f154fb7d473
0x00007f15448f7610:   0000000054f9cd80 0000000000024cb6
0x00007f15448f7620:   00007f15448f7640 00007f154fcc8221
0x00007f15448f7630:   00007f15448f7650 00007f15448f7990
0x00007f15448f7640:   00007f15448f7690 00007f154f8c2718
0x00007f15448f7650:   0000000000000004 00007f154802f1c0
0x00007f15448f7660:   0000000000000004 00007f15448f79f0
0x00007f15448f7670:   000000004f8cf197 0000000000000000
0x00007f15448f7680:   00007f15448f7960 0000000000000004
0x00007f15448f7690:   00007f15448f7ad0 00007f154fbecc44
0x00007f15448f76a0:   00007f1500000001 0000000000000001
0x00007f15448f76b0:   0000005b00000001 0000000000000001
0x00007f15448f76c0:   0000000000000000 000000770000006e
0x00007f15448f76d0:   0000000000000000 00007f15448f78f0
0x00007f15448f76e0:   00007f15448f78b0 00007f15448f79c0
0x00007f15448f76f0:   00007f15501afd70 00007f15501a38d9
0x00007f15448f7700:   00007f15448f7990 00007f15448f7a60
0x00007f15448f7710:   07007f15340013c0 00007f15448f7a50
0x00007f15448f7720:   00007f154801f9f0 000000000000000a
0x00007f15448f7730:   00007f15480226f0 00007f1548022780
0x00007f15448f7740:   00007f1548024690 00007f15480240b0
0x00007f15448f7750:   000000000a431730 0000000008ae4570
0x00007f15448f7760:   00000000dac438d0 00007f154806f5b0
0x00007f15448f7770:   0700000000000010 00007f154802f190
0x00007f15448f7780:   00007f154802f1a0 00007f154802f578
0x00007f15448f7790:   00007f1548070890 00000000000003d8
0x00007f15448f77a0:   0000000000329a38 00007f15448f77e0
0x00007f15448f77b0:   0000000000000000 00007f154521ead0
0x00007f15448f77c0:   00007f15448f78d0 00007f154521ead0
0x00007f15448f77d0:   000000004f8ca728 0000000000000000 

Instructions: (pc=0x00007f154f8bb055)
0x00007f154f8bb035:   01 89 47 44 48 98 48 63 44 87 30 48 8d 14 c5 00
0x00007f154f8bb045:   00 00 00 48 89 c7 48 8b 06 48 c1 e7 06 48 29 d7
0x00007f154f8bb055:   48 03 79 18 48 89 47 28 48 8b 46 08 48 89 47 30
0x00007f154f8bb065:   8b 47 10 85 c0 75 77 48 8b 57 18 48 8b 47 20 48 

Register to memory mapping:

RAX=0x000000004f8cf197 is an unknown value
RBX=0x00007f15501b1580: <offset 0xe4f580> in /usr/lib/jvm/java-7-oracle/jre/lib/amd64/server/libjvm.so at 0x00007f154f362000
RCX=0x0000000000000000 is an unknown value
RDX=0x0000000000000008 is an unknown value
RSP=0x00007f15448f75e0 is an unknown value
RBP=0x00007f15448f7640 is an unknown value
RSI=0x00007f15448f7670 is an unknown value
RDI=0x0000000000000038 is an unknown value
R8 =0x0000000000000000 is an unknown value
R9 =0x0000000000000001 is an unknown value
R10=0x0000000054f9cd80 is an unknown value
R11=0x0000000000000002 is an unknown value
R12=0x00007f15448f7670 is an unknown value
R13=0x00007f154802f1c0 is an unknown value
R14=0x0000000000000004 is an unknown value
R15=0x00007f15448f79f0 is an unknown value


Stack: [0x00007f15447f8000,0x00007f15448f9000],  sp=0x00007f15448f75e0,  free space=1021k
Native frames: (J=compiled Java code, j=interpreted, Vv=VM code, C=native code)
V  [libjvm.so+0x559055]  GCTimer::register_gc_phase_end(Ticks const&)+0x35
V  [libjvm.so+0x560718]  GCTraceTime::~GCTraceTime()+0x48
V  [libjvm.so+0x88ac44]  PSScavenge::invoke_no_policy()+0xa44
V  [libjvm.so+0x88b981]  PSScavenge::invoke()+0x41
V  [libjvm.so+0x842300]  ParallelScavengeHeap::failed_mem_allocate(unsigned long)+0x70
V  [libjvm.so+0x9a4b47]  VM_ParallelGCFailedAllocation::doit()+0x97
V  [libjvm.so+0x9abfe5]  VM_Operation::evaluate()+0x55
V  [libjvm.so+0x9aa3aa]  VMThread::evaluate_operation(VM_Operation*)+0xba
V  [libjvm.so+0x9aa72e]  VMThread::loop()+0x1ce
V  [libjvm.so+0x9aaba0]  VMThread::run()+0x70
V  [libjvm.so+0x821ca8]  java_start(Thread*)+0x108

VM_Operation (0x00007f152ebfe240): ParallelGCFailedAllocation, mode: safepoint, requested by thread 0x00007f1524004000


---------------  P R O C E S S  ---------------

Java Threads: ( => current thread )
  0x00007f1524004000 JavaThread "SIGTERM handler" daemon [_thread_blocked, id=16317, stack(0x00007f152eaff000,0x00007f152ec00000)]
  0x00007f14cc0e4800 JavaThread "jsengine-thread-0" daemon [_thread_blocked, id=15874, stack(0x00007f14d47ff000,0x00007f14d4900000)]
  0x00007f14e8008000 JavaThread "Thread-5" daemon [_thread_in_native, id=15625, stack(0x00007f14d45fd000,0x00007f14d46fe000)]
  0x00007f14e8005000 JavaThread "Thread-4" daemon [_thread_in_native, id=15624, stack(0x00007f14d46fe000,0x00007f14d47ff000)]
  0x00007f14e8004800 JavaThread "process reaper" daemon [_thread_in_native, id=15623, stack(0x00007f152c03b000,0x00007f152c074000)]
  0x00007f14c415a800 JavaThread "Thread-3" daemon [_thread_blocked, id=15620, stack(0x00007f14d5666000,0x00007f14d5767000)]
  0x00007f14c400f800 JavaThread "MessageBrokerSockJS-4" [_thread_blocked, id=15576, stack(0x00007f14d5a6a000,0x00007f14d5b6b000)]
  0x00007f14f4003000 JavaThread "MessageBrokerSockJS-3" [_thread_blocked, id=15575, stack(0x00007f14d5b6b000,0x00007f14d5c6c000)]
  0x00007f14f4001000 JavaThread "MessageBrokerSockJS-2" [_thread_blocked, id=15574, stack(0x00007f14d5c6c000,0x00007f14d5d6d000)]
  0x00007f14ec005800 JavaThread "http-nio-8080-exec-10" daemon [_thread_blocked, id=15505, stack(0x00007f14d5d6d000,0x00007f14d5e6e000)]
  0x00007f14e000a800 JavaThread "http-nio-8080-exec-9" daemon [_thread_blocked, id=15504, stack(0x00007f14d5e6e000,0x00007f14d5f6f000)]
  0x00007f14e0009000 JavaThread "http-nio-8080-exec-8" daemon [_thread_blocked, id=15503, stack(0x00007f14d5f6f000,0x00007f14d6070000)]
  0x00007f14ec004800 JavaThread "http-nio-8080-exec-7" daemon [_thread_blocked, id=15502, stack(0x00007f152dd53000,0x00007f152de54000)]
  0x00007f14e0008000 JavaThread "http-nio-8080-exec-6" daemon [_thread_blocked, id=15501, stack(0x00007f152de54000,0x00007f152df55000)]
  0x00007f14e0006800 JavaThread "http-nio-8080-exec-5" daemon [_thread_blocked, id=15498, stack(0x00007f14d6070000,0x00007f14d6171000)]
  0x00007f14ec003000 JavaThread "http-nio-8080-exec-4" daemon [_thread_blocked, id=15497, stack(0x00007f14d6171000,0x00007f14d6272000)]
  0x00007f14e0005000 JavaThread "http-nio-8080-exec-3" daemon [_thread_blocked, id=15496, stack(0x00007f14d6272000,0x00007f14d6373000)]
  0x00007f14ec001000 JavaThread "http-nio-8080-exec-2" daemon [_thread_blocked, id=15495, stack(0x00007f14d6373000,0x00007f14d6474000)]
  0x00007f14e0003000 JavaThread "http-nio-8080-exec-1" daemon [_thread_blocked, id=15492, stack(0x00007f14dc034000,0x00007f14dc135000)]
  0x00007f1548011800 JavaThread "DestroyJavaVM" [_thread_blocked, id=15387, stack(0x00007f154ef5b000,0x00007f154f05c000)]
  0x00007f1548bdd800 JavaThread "AWT-XAWT" daemon [_thread_in_native, id=15431, stack(0x00007f14df8e9000,0x00007f14df9ea000)]
  0x00007f1548bbf000 JavaThread "Java2D Disposer" daemon [_thread_blocked, id=15430, stack(0x00007f152c074000,0x00007f152c175000)]
  0x00007f1548c77800 JavaThread "http-nio-8080-Acceptor-0" daemon [_thread_in_native, id=15429, stack(0x00007f152d641000,0x00007f152d742000)]
  0x00007f1548c76800 JavaThread "http-nio-8080-ClientPoller-1" daemon [_thread_in_native, id=15428, stack(0x00007f152d742000,0x00007f152d843000)]
  0x00007f1548c69000 JavaThread "http-nio-8080-ClientPoller-0" daemon [_thread_in_native, id=15427, stack(0x00007f152d843000,0x00007f152d944000)]
  0x00007f1548c56800 JavaThread "NioBlockingSelector.BlockPoller-1" daemon [_thread_blocked, id=15426, stack(0x00007f152d944000,0x00007f152da45000)]
  0x00007f1548a80000 JavaThread "MessageBrokerSockJS-1" [_thread_blocked, id=15422, stack(0x00007f152da45000,0x00007f152db46000)]
  0x00007f15488ef000 JavaThread "container-0" [_thread_blocked, id=15412, stack(0x00007f152db46000,0x00007f152dc47000)]
  0x00007f14f81a2000 JavaThread "ContainerBackgroundProcessor[StandardEngine[Tomcat].StandardHost[localhost].StandardContext[]]" daemon [_thread_blocked, id=15411, stack(0x00007f152dc47000,0x00007f152dd48000)]
  0x00007f15480c2800 JavaThread "Service Thread" daemon [_thread_blocked, id=15407, stack(0x00007f152e7fc000,0x00007f152e8fd000)]
  0x00007f15480c0000 JavaThread "C2 CompilerThread1" daemon [_thread_blocked, id=15406, stack(0x00007f152e8fd000,0x00007f152e9fe000)]
  0x00007f15480bd800 JavaThread "C2 CompilerThread0" daemon [_thread_blocked, id=15405, stack(0x00007f152e9fe000,0x00007f152eaff000)]
  0x00007f15480bb000 JavaThread "JDWP Event Helper Thread" daemon [_thread_blocked, id=15399, stack(0x00007f15440ef000,0x00007f15441f0000)]
  0x00007f15480b7800 JavaThread "JDWP Transport Listener: dt_socket" daemon [_thread_in_native, id=15398, stack(0x00007f15441f0000,0x00007f15442f1000)]
  0x00007f15480a8000 JavaThread "Signal Dispatcher" daemon [_thread_blocked, id=15396, stack(0x00007f15444f5000,0x00007f15445f6000)]
  0x00007f1548077800 JavaThread "Finalizer" daemon [_thread_blocked, id=15395, stack(0x00007f15445f6000,0x00007f15446f7000)]
  0x00007f1548075800 JavaThread "Reference Handler" daemon [_thread_blocked, id=15394, stack(0x00007f15446f7000,0x00007f15447f8000)]

Other Threads:
=>0x00007f1548071800 VMThread [stack: 0x00007f15447f8000,0x00007f15448f9000] [id=15392]
  0x00007f15480d5800 WatcherThread [stack: 0x00007f152e6fb000,0x00007f152e7fc000] [id=15408]

VM state:at safepoint (normal execution)

VM Mutex/Monitor currently owned by a thread:  ([mutex/lock_event])
[0x00007f154800dc20] Threads_lock - owner thread: 0x00007f1548071800
[0x00007f154800e120] Heap_lock - owner thread: 0x00007f1524004000

Heap
 PSYoungGen      total 142336K, used 142225K [0x00000000f5500000, 0x00000000fff00000, 0x0000000100000000)
  eden space 123904K, 100% used [0x00000000f5500000,0x00000000fce00000,0x00000000fce00000)
  from space 18432K, 99% used [0x00000000fd300000,0x00000000fe4e4570,0x00000000fe500000)
  to   space 25088K, 16% used [0x00000000fe680000,0x00000000fea8c738,0x00000000fff00000)
 ParOldGen       total 83968K, used 35814K [0x00000000e0000000, 0x00000000e5200000, 0x00000000f5500000)
  object space 83968K, 42% used [0x00000000e0000000,0x00000000e22f9910,0x00000000e5200000)
 PSPermGen       total 45568K, used 45326K [0x00000000d8000000, 0x00000000dac80000, 0x00000000e0000000)
  object space 45568K, 99% used [0x00000000d8000000,0x00000000dac438d0,0x00000000dac80000)

Card table byte_map: [0x00007f154d1a0000,0x00007f154d2e1000] byte_map_base: 0x00007f154cae0000

Polling page: 0x00007f1550df8000

Code Cache  [0x00007f1545000000, 0x00007f1545340000, 0x00007f1548000000)
 total_blobs=1483 nmethods=975 adapters=468 free_code_cache=45942Kb largest_free_block=46981504

Compilation events (10 events):
Event: 936,983 Thread 0x00007f15480c0000 1111             org.apache.catalina.webresources.Cache$EvictionOrder::compare (31 bytes)
Event: 936,983 Thread 0x00007f15480bd800 1110             org.apache.catalina.webresources.Cache$EvictionOrder::compare (13 bytes)
Event: 936,986 Thread 0x00007f15480c0000 nmethod 1111 0x00007f15452461d0 code [0x00007f1545246320, 0x00007f1545246418]
Event: 936,987 Thread 0x00007f15480bd800 nmethod 1110 0x00007f1545303c50 code [0x00007f1545303da0, 0x00007f1545303e98]
Event: 1055,950 Thread 0x00007f15480bd800 1112   !         sun.nio.ch.SelectorImpl::processDeregisterQueue (111 bytes)
Event: 1055,957 Thread 0x00007f15480bd800 nmethod 1112 0x00007f1545312b50 code [0x00007f1545312d00, 0x00007f1545313310]
Event: 1111,608 Thread 0x00007f15480bd800 1114             java.nio.channels.SelectionKey::attachment (5 bytes)
Event: 1111,608 Thread 0x00007f15480c0000 1113             java.nio.channels.spi.AbstractSelectableChannel::keyFor (6 bytes)
Event: 1111,609 Thread 0x00007f15480bd800 nmethod 1114 0x00007f15451e8550 code [0x00007f15451e8680, 0x00007f15451e86d8]
Event: 1111,615 Thread 0x00007f15480c0000 nmethod 1113 0x00007f154530ae10 code [0x00007f154530af60, 0x00007f154530b3d8]

GC Heap History (10 events):
Event: 4,993 GC heap after
Heap after GC invocations=5 (full 0):
 PSYoungGen      total 134144K, used 5104K [0x00000000f5500000, 0x0000000100000000, 0x0000000100000000)
  eden space 129024K, 0% used [0x00000000f5500000,0x00000000f5500000,0x00000000fd300000)
  from space 5120K, 99% used [0x00000000fd300000,0x00000000fd7fc020,0x00000000fd800000)
  to   space 9216K, 0% used [0x00000000ff700000,0x00000000ff700000,0x0000000100000000)
 ParOldGen       total 83968K, used 3848K [0x00000000e0000000, 0x00000000e5200000, 0x00000000f5500000)
  object space 83968K, 4% used [0x00000000e0000000,0x00000000e03c21d0,0x00000000e5200000)
 PSPermGen       total 21504K, used 17239K [0x00000000d8000000, 0x00000000d9500000, 0x00000000e0000000)
  object space 21504K, 80% used [0x00000000d8000000,0x00000000d90d5c58,0x00000000d9500000)
}
Event: 6,736 GC heap before
{Heap before GC invocations=6 (full 0):
 PSYoungGen      total 134144K, used 134128K [0x00000000f5500000, 0x0000000100000000, 0x0000000100000000)
  eden space 129024K, 100% used [0x00000000f5500000,0x00000000fd300000,0x00000000fd300000)
  from space 5120K, 99% used [0x00000000fd300000,0x00000000fd7fc020,0x00000000fd800000)
  to   space 9216K, 0% used [0x00000000ff700000,0x00000000ff700000,0x0000000100000000)
 ParOldGen       total 83968K, used 3848K [0x00000000e0000000, 0x00000000e5200000, 0x00000000f5500000)
  object space 83968K, 4% used [0x00000000e0000000,0x00000000e03c21d0,0x00000000e5200000)
 PSPermGen       total 25088K, used 24664K [0x00000000d8000000, 0x00000000d9880000, 0x00000000e0000000)
  object space 25088K, 98% used [0x00000000d8000000,0x00000000d98163c0,0x00000000d9880000)
Event: 6,759 GC heap after
Heap after GC invocations=6 (full 0):
 PSYoungGen      total 154624K, used 9184K [0x00000000f5500000, 0x0000000100000000, 0x0000000100000000)
  eden space 145408K, 0% used [0x00000000f5500000,0x00000000f5500000,0x00000000fe300000)
  from space 9216K, 99% used [0x00000000ff700000,0x00000000ffff8190,0x0000000100000000)
  to   space 14848K, 0% used [0x00000000fe300000,0x00000000fe300000,0x00000000ff180000)
 ParOldGen       total 83968K, used 10769K [0x00000000e0000000, 0x00000000e5200000, 0x00000000f5500000)
  object space 83968K, 12% used [0x00000000e0000000,0x00000000e0a84628,0x00000000e5200000)
 PSPermGen       total 25088K, used 24664K [0x00000000d8000000, 0x00000000d9880000, 0x00000000e0000000)
  object space 25088K, 98% used [0x00000000d8000000,0x00000000d98163c0,0x00000000d9880000)
}
Event: 8,910 GC heap before
{Heap before GC invocations=7 (full 0):
 PSYoungGen      total 154624K, used 154592K [0x00000000f5500000, 0x0000000100000000, 0x0000000100000000)
  eden space 145408K, 100% used [0x00000000f5500000,0x00000000fe300000,0x00000000fe300000)
  from space 9216K, 99% used [0x00000000ff700000,0x00000000ffff8190,0x0000000100000000)
  to   space 14848K, 0% used [0x00000000fe300000,0x00000000fe300000,0x00000000ff180000)
 ParOldGen       total 83968K, used 10769K [0x00000000e0000000, 0x00000000e5200000, 0x00000000f5500000)
  object space 83968K, 12% used [0x00000000e0000000,0x00000000e0a84628,0x00000000e5200000)
 PSPermGen       total 28672K, used 28216K [0x00000000d8000000, 0x00000000d9c00000, 0x00000000e0000000)
  object space 28672K, 98% used [0x00000000d8000000,0x00000000d9b8e300,0x00000000d9c00000)
Event: 8,955 GC heap after
Heap after GC invocations=7 (full 0):
 PSYoungGen      total 159232K, used 13590K [0x00000000f5500000, 0x0000000100000000, 0x0000000100000000)
  eden space 145408K, 0% used [0x00000000f5500000,0x00000000f5500000,0x00000000fe300000)
  from space 13824K, 98% used [0x00000000fe300000,0x00000000ff045978,0x00000000ff080000)
  to   space 15872K, 0% used [0x00000000ff080000,0x00000000ff080000,0x0000000100000000)
 ParOldGen       total 83968K, used 12462K [0x00000000e0000000, 0x00000000e5200000, 0x00000000f5500000)
  object space 83968K, 14% used [0x00000000e0000000,0x00000000e0c2b920,0x00000000e5200000)
 PSPermGen       total 28672K, used 28216K [0x00000000d8000000, 0x00000000d9c00000, 0x00000000e0000000)
  object space 28672K, 98% used [0x00000000d8000000,0x00000000d9b8e300,0x00000000d9c00000)
}
Event: 136,857 GC heap before
{Heap before GC invocations=8 (full 0):
 PSYoungGen      total 159232K, used 158998K [0x00000000f5500000, 0x0000000100000000, 0x0000000100000000)
  eden space 145408K, 100% used [0x00000000f5500000,0x00000000fe300000,0x00000000fe300000)
  from space 13824K, 98% used [0x00000000fe300000,0x00000000ff045978,0x00000000ff080000)
  to   space 15872K, 0% used [0x00000000ff080000,0x00000000ff080000,0x0000000100000000)
 ParOldGen       total 83968K, used 12462K [0x00000000e0000000, 0x00000000e5200000, 0x00000000f5500000)
  object space 83968K, 14% used [0x00000000e0000000,0x00000000e0c2b920,0x00000000e5200000)
 PSPermGen       total 37888K, used 37849K [0x00000000d8000000, 0x00000000da500000, 0x00000000e0000000)
  object space 37888K, 99% used [0x00000000d8000000,0x00000000da4f6528,0x00000000da500000)
Event: 136,898 GC heap after
Heap after GC invocations=8 (full 0):
 PSYoungGen      total 144896K, used 15843K [0x00000000f5500000, 0x0000000100000000, 0x0000000100000000)
  eden space 129024K, 0% used [0x00000000f5500000,0x00000000f5500000,0x00000000fd300000)
  from space 15872K, 99% used [0x00000000ff080000,0x00000000ffff8c10,0x0000000100000000)
  to   space 23040K, 0% used [0x00000000fd300000,0x00000000fd300000,0x00000000fe980000)
 ParOldGen       total 83968K, used 20538K [0x00000000e0000000, 0x00000000e5200000, 0x00000000f5500000)
  object space 83968K, 24% used [0x00000000e0000000,0x00000000e140e950,0x00000000e5200000)
 PSPermGen       total 37888K, used 37849K [0x00000000d8000000, 0x00000000da500000, 0x00000000e0000000)
  object space 37888K, 99% used [0x00000000d8000000,0x00000000da4f6528,0x00000000da500000)
}
Event: 532,176 GC heap before
{Heap before GC invocations=9 (full 0):
 PSYoungGen      total 144896K, used 144867K [0x00000000f5500000, 0x0000000100000000, 0x0000000100000000)
  eden space 129024K, 100% used [0x00000000f5500000,0x00000000fd300000,0x00000000fd300000)
  from space 15872K, 99% used [0x00000000ff080000,0x00000000ffff8c10,0x0000000100000000)
  to   space 23040K, 0% used [0x00000000fd300000,0x00000000fd300000,0x00000000fe980000)
 ParOldGen       total 83968K, used 20538K [0x00000000e0000000, 0x00000000e5200000, 0x00000000f5500000)
  object space 83968K, 24% used [0x00000000e0000000,0x00000000e140e950,0x00000000e5200000)
 PSPermGen       total 45056K, used 45031K [0x00000000d8000000, 0x00000000dac00000, 0x00000000e0000000)
  object space 45056K, 99% used [0x00000000d8000000,0x00000000dabf9e80,0x00000000dac00000)
Event: 532,259 GC heap after
Heap after GC invocations=9 (full 0):
 PSYoungGen      total 142336K, used 18321K [0x00000000f5500000, 0x00000000fff00000, 0x0000000100000000)
  eden space 123904K, 0% used [0x00000000f5500000,0x00000000f5500000,0x00000000fce00000)
  from space 18432K, 99% used [0x00000000fd300000,0x00000000fe4e4570,0x00000000fe500000)
  to   space 25088K, 0% used [0x00000000fe680000,0x00000000fe680000,0x00000000fff00000)
 ParOldGen       total 83968K, used 25908K [0x00000000e0000000, 0x00000000e5200000, 0x00000000f5500000)
  object space 83968K, 30% used [0x00000000e0000000,0x00000000e194d1c0,0x00000000e5200000)
 PSPermGen       total 45056K, used 45031K [0x00000000d8000000, 0x00000000dac00000, 0x00000000e0000000)
  object space 45056K, 99% used [0x00000000d8000000,0x00000000dabf9e80,0x00000000dac00000)
}
Event: 1334,618 GC heap before
{Heap before GC invocations=10 (full 0):
 PSYoungGen      total 142336K, used 142225K [0x00000000f5500000, 0x00000000fff00000, 0x0000000100000000)
  eden space 123904K, 100% used [0x00000000f5500000,0x00000000fce00000,0x00000000fce00000)
  from space 18432K, 99% used [0x00000000fd300000,0x00000000fe4e4570,0x00000000fe500000)
  to   space 25088K, 0% used [0x00000000fe680000,0x00000000fe680000,0x00000000fff00000)
 ParOldGen       total 83968K, used 25908K [0x00000000e0000000, 0x00000000e5200000, 0x00000000f5500000)
  object space 83968K, 30% used [0x00000000e0000000,0x00000000e194d1c0,0x00000000e5200000)
 PSPermGen       total 45568K, used 45326K [0x00000000d8000000, 0x00000000dac80000, 0x00000000e0000000)
  object space 45568K, 99% used [0x00000000d8000000,0x00000000dac438d0,0x00000000dac80000)

Deoptimization events (10 events):
Event: 696,978 Thread 0x00007f14cc0e4800 Uncommon trap: reason=array_check action=maybe_recompile pc=0x00007f15451eaa74 method=com.google.common.collect.ImmutableSet.construct(I[Ljava/lang/Object;)Lcom/google/common/collect/ImmutableSet; @ 122
Event: 697,705 Thread 0x00007f14e0009000 Uncommon trap: reason=null_check action=make_not_entrant pc=0x00007f154532e2a0 method=org.springframework.web.servlet.mvc.condition.ParamsRequestCondition$ParamExpression.matchValue(Ljavax/servlet/http/HttpServletRequest;)Z @ 17
Event: 697,705 Thread 0x00007f14e0006800 Uncommon trap: reason=null_check action=make_not_entrant pc=0x00007f154532e2a0 method=org.springframework.web.servlet.mvc.condition.ParamsRequestCondition$ParamExpression.matchValue(Ljavax/servlet/http/HttpServletRequest;)Z @ 17
Event: 756,630 Thread 0x00007f14e000a800 Uncommon trap: reason=range_check action=none pc=0x00007f154508a794 method=sun.reflect.generics.parser.SignatureParser.current()C @ 34
Event: 756,630 Thread 0x00007f14e000a800 Uncommon trap: reason=unhandled action=none pc=0x00007f1545131a40 method=java.net.URLClassLoader$1.run()Ljava/lang/Class; @ 72
Event: 756,634 Thread 0x00007f14e000a800 Uncommon trap: reason=unhandled action=none pc=0x00007f1545131a40 method=java.net.URLClassLoader$1.run()Ljava/lang/Class; @ 72
Event: 756,642 Thread 0x00007f14e000a800 Uncommon trap: reason=unhandled action=none pc=0x00007f1545131a40 method=java.net.URLClassLoader$1.run()Ljava/lang/Class; @ 72
Event: 756,645 Thread 0x00007f14e000a800 Uncommon trap: reason=unhandled action=none pc=0x00007f1545131a40 method=java.net.URLClassLoader$1.run()Ljava/lang/Class; @ 72
Event: 1334,613 Thread 0x00007f15480a8000 Uncommon trap: reason=bimorphic action=maybe_recompile pc=0x00007f15451a922c method=java.util.Hashtable.get(Ljava/lang/Object;)Ljava/lang/Object; @ 46
Event: 1334,613 Thread 0x00007f15480a8000 Uncommon trap: reason=bimorphic action=maybe_recompile pc=0x00007f15451a922c method=java.util.Hashtable.get(Ljava/lang/Object;)Ljava/lang/Object; @ 46

Internal exceptions (10 events):
Event: 687,893 Thread 0x00007f14cc0e4800 Threw 0x00000000fa155c98 at /HUDSON/workspace/7u-2-build-linux-amd64/jdk7u76/1941/hotspot/src/share/vm/prims/jvm.cpp:1304
Event: 687,894 Thread 0x00007f14cc0e4800 Threw 0x00000000fa15f528 at /HUDSON/workspace/7u-2-build-linux-amd64/jdk7u76/1941/hotspot/src/share/vm/prims/jvm.cpp:1304
Event: 687,897 Thread 0x00007f14cc0e4800 Threw 0x00000000fa17b0c0 at /HUDSON/workspace/7u-2-build-linux-amd64/jdk7u76/1941/hotspot/src/share/vm/prims/jvm.cpp:1304
Event: 697,705 Thread 0x00007f14e0009000 Implicit null exception at 0x00007f154532be21 to 0x00007f154532e229
Event: 697,705 Thread 0x00007f14e0006800 Implicit null exception at 0x00007f154532be21 to 0x00007f154532e229
Event: 756,630 Thread 0x00007f14e000a800 Threw 0x00000000fcaa2f78 at /HUDSON/workspace/7u-2-build-linux-amd64/jdk7u76/1941/hotspot/src/share/vm/interpreter/interpreterRuntime.cpp:347
Event: 756,630 Thread 0x00007f14e000a800 Threw 0x00000000fcaa4040 at /HUDSON/workspace/7u-2-build-linux-amd64/jdk7u76/1941/hotspot/src/share/vm/prims/jvm.cpp:1304
Event: 756,634 Thread 0x00007f14e000a800 Threw 0x00000000fcab6380 at /HUDSON/workspace/7u-2-build-linux-amd64/jdk7u76/1941/hotspot/src/share/vm/prims/jvm.cpp:1304
Event: 756,642 Thread 0x00007f14e000a800 Threw 0x00000000fcaed490 at /HUDSON/workspace/7u-2-build-linux-amd64/jdk7u76/1941/hotspot/src/share/vm/prims/jvm.cpp:1304
Event: 756,645 Thread 0x00007f14e000a800 Threw 0x00000000fcafb8b0 at /HUDSON/workspace/7u-2-build-linux-amd64/jdk7u76/1941/hotspot/src/share/vm/prims/jvm.cpp:1304

Events (10 events):
Event: 1334,613 Thread 0x00007f15480a8000 Uncommon trap: trap_request=0xffffffc6 fr.pc=0x00007f15451a922c
Event: 1334,613 Thread 0x00007f15480a8000 DEOPT PACKING pc=0x00007f15451a922c sp=0x00007f15445f4720
Event: 1334,613 Thread 0x00007f15480a8000 DEOPT UNPACKING pc=0x00007f1545039445 sp=0x00007f15445f46e0 mode 2
Event: 1334,613 Thread 0x00007f15480a8000 Uncommon trap: trap_request=0xffffffc6 fr.pc=0x00007f15451a922c
Event: 1334,613 Thread 0x00007f15480a8000 DEOPT PACKING pc=0x00007f15451a922c sp=0x00007f15445f4720
Event: 1334,613 Thread 0x00007f15480a8000 DEOPT UNPACKING pc=0x00007f1545039445 sp=0x00007f15445f46e0 mode 2
Event: 1334,613 loading class 0x00007f154cb9e080
Event: 1334,616 loading class 0x00007f154cb9e080 done
Event: 1334,617 Thread 0x00007f1524004000 Thread added: 0x00007f1524004000
Event: 1334,617 Executing VM operation: ParallelGCFailedAllocation


Dynamic libraries:
00400000-00401000 r-xp 00000000 08:01 8397514                            /usr/lib/jvm/java-7-oracle/bin/java
00600000-00601000 rw-p 00000000 08:01 8397514                            /usr/lib/jvm/java-7-oracle/bin/java
00c79000-00c9a000 rw-p 00000000 00:00 0                                  [heap]
d8000000-dac80000 rw-p 00000000 00:00 0 
dac80000-e0000000 rw-p 00000000 00:00 0 
e0000000-e5200000 rw-p 00000000 00:00 0 
e5200000-f5500000 rw-p 00000000 00:00 0 
f5500000-fff00000 rw-p 00000000 00:00 0 
fff00000-100000000 ---p 00000000 00:00 0 
7f14bc000000-7f14bc021000 rw-p 00000000 00:00 0 
7f14bc021000-7f14c0000000 ---p 00000000 00:00 0 
7f14c4000000-7f14c41f7000 rw-p 00000000 00:00 0 
7f14c41f7000-7f14c8000000 ---p 00000000 00:00 0 
7f14c8000000-7f14c8276000 rw-p 00000000 00:00 0 
7f14c8276000-7f14cc000000 ---p 00000000 00:00 0 
7f14cc000000-7f14cc14b000 rw-p 00000000 00:00 0 
7f14cc14b000-7f14d0000000 ---p 00000000 00:00 0 
7f14d0000000-7f14d0021000 rw-p 00000000 00:00 0 
7f14d0021000-7f14d4000000 ---p 00000000 00:00 0 
7f14d45fd000-7f14d4600000 ---p 00000000 00:00 0 
7f14d4600000-7f14d46fe000 rw-p 00000000 00:00 0                          [stack:15625]
7f14d46fe000-7f14d4701000 ---p 00000000 00:00 0 
7f14d4701000-7f14d47ff000 rw-p 00000000 00:00 0                          [stack:15624]
7f14d47ff000-7f14d4802000 ---p 00000000 00:00 0 
7f14d4802000-7f14d4900000 rw-p 00000000 00:00 0                          [stack:15874]
7f14d4900000-7f14d4916000 r-xp 00000000 08:01 6030288                    /lib/x86_64-linux-gnu/libgcc_s.so.1
7f14d4916000-7f14d4b15000 ---p 00016000 08:01 6030288                    /lib/x86_64-linux-gnu/libgcc_s.so.1
7f14d4b15000-7f14d4b16000 rw-p 00015000 08:01 6030288                    /lib/x86_64-linux-gnu/libgcc_s.so.1
7f14d4b16000-7f14d4b48000 r-xp 00000000 08:01 8265651                    /usr/lib/jvm/java-7-oracle/jre/lib/amd64/libsunec.so
7f14d4b48000-7f14d4d47000 ---p 00032000 08:01 8265651                    /usr/lib/jvm/java-7-oracle/jre/lib/amd64/libsunec.so
7f14d4d47000-7f14d4d4d000 rw-p 00031000 08:01 8265651                    /usr/lib/jvm/java-7-oracle/jre/lib/amd64/libsunec.so
7f14d4d4d000-7f14d4d5d000 rw-p 00000000 00:00 0 
7f14d4d5d000-7f14d4d60000 ---p 00000000 00:00 0 
7f14d4d60000-7f14d4e5e000 rw-p 00000000 00:00 0 
7f14d4e5e000-7f14d4e61000 ---p 00000000 00:00 0 
7f14d4e61000-7f14d4f5f000 rw-p 00000000 00:00 0 
7f14d4f5f000-7f14d4f62000 ---p 00000000 00:00 0 
7f14d4f62000-7f14d5060000 rw-p 00000000 00:00 0 
7f14d5060000-7f14d5063000 ---p 00000000 00:00 0 
7f14d5063000-7f14d5161000 rw-p 00000000 00:00 0 
7f14d5161000-7f14d5164000 ---p 00000000 00:00 0 
7f14d5164000-7f14d5262000 rw-p 00000000 00:00 0 
7f14d5262000-7f14d5265000 ---p 00000000 00:00 0 
7f14d5265000-7f14d5363000 rw-p 00000000 00:00 0 
7f14d5363000-7f14d5366000 ---p 00000000 00:00 0 
7f14d5366000-7f14d5464000 rw-p 00000000 00:00 0 
7f14d5464000-7f14d5467000 ---p 00000000 00:00 0 
7f14d5467000-7f14d5565000 rw-p 00000000 00:00 0 
7f14d5565000-7f14d5568000 ---p 00000000 00:00 0 
7f14d5568000-7f14d5666000 rw-p 00000000 00:00 0 
7f14d5666000-7f14d5669000 ---p 00000000 00:00 0 
7f14d5669000-7f14d5767000 rw-p 00000000 00:00 0                          [stack:15620]
7f14d5767000-7f14d576a000 ---p 00000000 00:00 0 
7f14d576a000-7f14d5868000 rw-p 00000000 00:00 0 
7f14d5868000-7f14d586b000 ---p 00000000 00:00 0 
7f14d586b000-7f14d5969000 rw-p 00000000 00:00 0 
7f14d5969000-7f14d596c000 ---p 00000000 00:00 0 
7f14d596c000-7f14d5a6a000 rw-p 00000000 00:00 0 
7f14d5a6a000-7f14d5a6d000 ---p 00000000 00:00 0 
7f14d5a6d000-7f14d5b6b000 rw-p 00000000 00:00 0                          [stack:15576]
7f14d5b6b000-7f14d5b6e000 ---p 00000000 00:00 0 
7f14d5b6e000-7f14d5c6c000 rw-p 00000000 00:00 0                          [stack:15575]
7f14d5c6c000-7f14d5c6f000 ---p 00000000 00:00 0 
7f14d5c6f000-7f14d5d6d000 rw-p 00000000 00:00 0                          [stack:15574]
7f14d5d6d000-7f14d5d70000 ---p 00000000 00:00 0 
7f14d5d70000-7f14d5e6e000 rw-p 00000000 00:00 0                          [stack:15505]
7f14d5e6e000-7f14d5e71000 ---p 00000000 00:00 0 
7f14d5e71000-7f14d5f6f000 rw-p 00000000 00:00 0                          [stack:15504]
7f14d5f6f000-7f14d5f72000 ---p 00000000 00:00 0 
7f14d5f72000-7f14d6070000 rw-p 00000000 00:00 0                          [stack:15503]
7f14d6070000-7f14d6073000 ---p 00000000 00:00 0 
7f14d6073000-7f14d6171000 rw-p 00000000 00:00 0                          [stack:15498]
7f14d6171000-7f14d6174000 ---p 00000000 00:00 0 
7f14d6174000-7f14d6272000 rw-p 00000000 00:00 0                          [stack:15497]
7f14d6272000-7f14d6275000 ---p 00000000 00:00 0 
7f14d6275000-7f14d6373000 rw-p 00000000 00:00 0                          [stack:15496]
7f14d6373000-7f14d6376000 ---p 00000000 00:00 0 
7f14d6376000-7f14d6474000 rw-p 00000000 00:00 0                          [stack:15495]
7f14d6474000-7f14d647b000 r-xp 00000000 08:01 1712636                    /usr/lib/x86_64-linux-gnu/libogg.so.0.8.1
7f14d647b000-7f14d667b000 ---p 00007000 08:01 1712636                    /usr/lib/x86_64-linux-gnu/libogg.so.0.8.1
7f14d667b000-7f14d667c000 r--p 00007000 08:01 1712636                    /usr/lib/x86_64-linux-gnu/libogg.so.0.8.1
7f14d667c000-7f14d667d000 rw-p 00008000 08:01 1712636                    /usr/lib/x86_64-linux-gnu/libogg.so.0.8.1
7f14d667d000-7f14d66a9000 r-xp 00000000 08:01 1712914                    /usr/lib/x86_64-linux-gnu/libvorbis.so.0.4.5
7f14d66a9000-7f14d68a8000 ---p 0002c000 08:01 1712914                    /usr/lib/x86_64-linux-gnu/libvorbis.so.0.4.5
7f14d68a8000-7f14d68a9000 r--p 0002b000 08:01 1712914                    /usr/lib/x86_64-linux-gnu/libvorbis.so.0.4.5
7f14d68a9000-7f14d68aa000 rw-p 0002c000 08:01 1712914                    /usr/lib/x86_64-linux-gnu/libvorbis.so.0.4.5
7f14d68aa000-7f14d68b3000 r-xp 00000000 08:01 1712542                    /usr/lib/x86_64-linux-gnu/libltdl.so.7.3.0
7f14d68b3000-7f14d6ab2000 ---p 00009000 08:01 1712542                    /usr/lib/x86_64-linux-gnu/libltdl.so.7.3.0
7f14d6ab2000-7f14d6ab3000 r--p 00008000 08:01 1712542                    /usr/lib/x86_64-linux-gnu/libltdl.so.7.3.0
7f14d6ab3000-7f14d6ab4000 rw-p 00009000 08:01 1712542                    /usr/lib/x86_64-linux-gnu/libltdl.so.7.3.0
7f14d6ab4000-7f14d6ac5000 r-xp 00000000 08:01 1712833                    /usr/lib/x86_64-linux-gnu/libtdb.so.1.2.12
7f14d6ac5000-7f14d6cc4000 ---p 00011000 08:01 1712833                    /usr/lib/x86_64-linux-gnu/libtdb.so.1.2.12
7f14d6cc4000-7f14d6cc5000 r--p 00010000 08:01 1712833                    /usr/lib/x86_64-linux-gnu/libtdb.so.1.2.12
7f14d6cc5000-7f14d6cc6000 rw-p 00011000 08:01 1712833                    /usr/lib/x86_64-linux-gnu/libtdb.so.1.2.12
7f14d6cc6000-7f14d6ccd000 r-xp 00000000 08:01 1712918                    /usr/lib/x86_64-linux-gnu/libvorbisfile.so.3.3.4
7f14d6ccd000-7f14d6ecc000 ---p 00007000 08:01 1712918                    /usr/lib/x86_64-linux-gnu/libvorbisfile.so.3.3.4
7f14d6ecc000-7f14d6ecd000 r--p 00006000 08:01 1712918                    /usr/lib/x86_64-linux-gnu/libvorbisfile.so.3.3.4
7f14d6ecd000-7f14d6ece000 rw-p 00007000 08:01 1712918                    /usr/lib/x86_64-linux-gnu/libvorbisfile.so.3.3.4
7f14d6ece000-7f14d6f28000 r-xp 00000000 08:01 1710842                    /usr/lib/x86_64-linux-gnu/libORBit-2.so.0.1.0
7f14d6f28000-7f14d7128000 ---p 0005a000 08:01 1710842                    /usr/lib/x86_64-linux-gnu/libORBit-2.so.0.1.0
7f14d7128000-7f14d7137000 r--p 0005a000 08:01 1710842                    /usr/lib/x86_64-linux-gnu/libORBit-2.so.0.1.0
7f14d7137000-7f14d713a000 rw-p 00069000 08:01 1710842                    /usr/lib/x86_64-linux-gnu/libORBit-2.so.0.1.0
7f14d713a000-7f14d713f000 r-xp 00000000 08:01 1710843                    /usr/lib/x86_64-linux-gnu/libORBitCosNaming-2.so.0.1.0
7f14d713f000-7f14d733f000 ---p 00005000 08:01 1710843                    /usr/lib/x86_64-linux-gnu/libORBitCosNaming-2.so.0.1.0
7f14d733f000-7f14d7340000 r--p 00005000 08:01 1710843                    /usr/lib/x86_64-linux-gnu/libORBitCosNaming-2.so.0.1.0
7f14d7340000-7f14d7341000 rw-p 00006000 08:01 1710843                    /usr/lib/x86_64-linux-gnu/libORBitCosNaming-2.so.0.1.0
7f14d7341000-7f14d734c000 r-xp 00000000 08:01 6033387                    /lib/x86_64-linux-gnu/libpopt.so.0.0.0
7f14d734c000-7f14d754b000 ---p 0000b000 08:01 6033387                    /lib/x86_64-linux-gnu/libpopt.so.0.0.0
7f14d754b000-7f14d754c000 r--p 0000a000 08:01 6033387                    /lib/x86_64-linux-gnu/libpopt.so.0.0.0
7f14d754c000-7f14d754d000 rw-p 0000b000 08:01 6033387                    /lib/x86_64-linux-gnu/libpopt.so.0.0.0
7f14d754d000-7f14d755c000 r-xp 00000000 08:01 1712056                    /usr/lib/x86_64-linux-gnu/libcanberra.so.0.2.5
7f14d755c000-7f14d775b000 ---p 0000f000 08:01 1712056                    /usr/lib/x86_64-linux-gnu/libcanberra.so.0.2.5
7f14d775b000-7f14d775c000 r--p 0000e000 08:01 1712056                    /usr/lib/x86_64-linux-gnu/libcanberra.so.0.2.5
7f14d775c000-7f14d775d000 rw-p 0000f000 08:01 1712056                    /usr/lib/x86_64-linux-gnu/libcanberra.so.0.2.5
7f14d775d000-7f14d775e000 r-xp 00000000 08:01 1704321                    /usr/lib/x86_64-linux-gnu/libgthread-2.0.so.0.4002.0
7f14d775e000-7f14d795d000 ---p 00001000 08:01 1704321                    /usr/lib/x86_64-linux-gnu/libgthread-2.0.so.0.4002.0
7f14d795d000-7f14d795e000 r--p 00000000 08:01 1704321                    /usr/lib/x86_64-linux-gnu/libgthread-2.0.so.0.4002.0
7f14d795e000-7f14d795f000 rw-p 00001000 08:01 1704321                    /usr/lib/x86_64-linux-gnu/libgthread-2.0.so.0.4002.0
7f14d795f000-7f14d7975000 r-xp 00000000 08:01 1710850                    /usr/lib/x86_64-linux-gnu/libbonobo-activation.so.4.0.0
7f14d7975000-7f14d7b75000 ---p 00016000 08:01 1710850                    /usr/lib/x86_64-linux-gnu/libbonobo-activation.so.4.0.0
7f14d7b75000-7f14d7b77000 r--p 00016000 08:01 1710850                    /usr/lib/x86_64-linux-gnu/libbonobo-activation.so.4.0.0
7f14d7b77000-7f14d7b79000 rw-p 00018000 08:01 1710850                    /usr/lib/x86_64-linux-gnu/libbonobo-activation.so.4.0.0
7f14d7b79000-7f14d7bd9000 r-xp 00000000 08:01 1710859                    /usr/lib/x86_64-linux-gnu/libbonobo-2.so.0.0.0
7f14d7bd9000-7f14d7dd9000 ---p 00060000 08:01 1710859                    /usr/lib/x86_64-linux-gnu/libbonobo-2.so.0.0.0
7f14d7dd9000-7f14d7dde000 r--p 00060000 08:01 1710859                    /usr/lib/x86_64-linux-gnu/libbonobo-2.so.0.0.0
7f14d7dde000-7f14d7de9000 rw-p 00065000 08:01 1710859                    /usr/lib/x86_64-linux-gnu/libbonobo-2.so.0.0.0
7f14d7de9000-7f14d7dfe000 r-xp 00000000 08:01 1710878                    /usr/lib/x86_64-linux-gnu/libgnome-2.so.0.3200.1
7f14d7dfe000-7f14d7ffe000 ---p 00015000 08:01 1710878                    /usr/lib/x86_64-linux-gnu/libgnome-2.so.0.3200.1
7f14d7ffe000-7f14d7fff000 r--p 00015000 08:01 1710878                    /usr/lib/x86_64-linux-gnu/libgnome-2.so.0.3200.1
7f14d7fff000-7f14d8000000 rw-p 00016000 08:01 1710878                    /usr/lib/x86_64-linux-gnu/libgnome-2.so.0.3200.1
7f14d8000000-7f14d8021000 rw-p 00000000 00:00 0 
7f14d8021000-7f14dc000000 ---p 00000000 00:00 0 
7f14dc034000-7f14dc037000 ---p 00000000 00:00 0 
7f14dc037000-7f14dc135000 rw-p 00000000 00:00 0                          [stack:15492]
7f14dc135000-7f14dc139000 r-xp 00000000 08:01 6033303                    /lib/x86_64-linux-gnu/libgpg-error.so.0.10.0
7f14dc139000-7f14dc338000 ---p 00004000 08:01 6033303                    /lib/x86_64-linux-gnu/libgpg-error.so.0.10.0
7f14dc338000-7f14dc339000 r--p 00003000 08:01 6033303                    /lib/x86_64-linux-gnu/libgpg-error.so.0.10.0
7f14dc339000-7f14dc33a000 rw-p 00004000 08:01 6033303                    /lib/x86_64-linux-gnu/libgpg-error.so.0.10.0
7f14dc33a000-7f14dc35a000 r-xp 00000000 08:01 6033309                    /lib/x86_64-linux-gnu/libselinux.so.1
7f14dc35a000-7f14dc559000 ---p 00020000 08:01 6033309                    /lib/x86_64-linux-gnu/libselinux.so.1
7f14dc559000-7f14dc55a000 r--p 0001f000 08:01 6033309                    /lib/x86_64-linux-gnu/libselinux.so.1
7f14dc55a000-7f14dc55b000 rw-p 00020000 08:01 6033309                    /lib/x86_64-linux-gnu/libselinux.so.1
7f14dc55b000-7f14dc55d000 rw-p 00000000 00:00 0 
7f14dc55d000-7f14dc59a000 r-xp 00000000 08:01 6033373                    /lib/x86_64-linux-gnu/libpcre.so.3.13.1
7f14dc59a000-7f14dc799000 ---p 0003d000 08:01 6033373                    /lib/x86_64-linux-gnu/libpcre.so.3.13.1
7f14dc799000-7f14dc79a000 r--p 0003c000 08:01 6033373                    /lib/x86_64-linux-gnu/libpcre.so.3.13.1
7f14dc79a000-7f14dc79b000 rw-p 0003d000 08:01 6033373                    /lib/x86_64-linux-gnu/libpcre.so.3.13.1
7f14dc79b000-7f14dc7d6000 r-xp 00000000 08:01 1712644                    /usr/lib/x86_64-linux-gnu/libp11-kit.so.0.0.0
7f14dc7d6000-7f14dc9d5000 ---p 0003b000 08:01 1712644                    /usr/lib/x86_64-linux-gnu/libp11-kit.so.0.0.0
7f14dc9d5000-7f14dc9db000 r--p 0003a000 08:01 1712644                    /usr/lib/x86_64-linux-gnu/libp11-kit.so.0.0.0
7f14dc9db000-7f14dc9dd000 rw-p 00040000 08:01 1712644                    /usr/lib/x86_64-linux-gnu/libp11-kit.so.0.0.0
7f14dc9dd000-7f14dc9ef000 r-xp 00000000 08:01 1704593                    /usr/lib/x86_64-linux-gnu/libtasn1.so.6.2.0
7f14dc9ef000-7f14dcbef000 ---p 00012000 08:01 1704593                    /usr/lib/x86_64-linux-gnu/libtasn1.so.6.2.0
7f14dcbef000-7f14dcbf0000 r--p 00012000 08:01 1704593                    /usr/lib/x86_64-linux-gnu/libtasn1.so.6.2.0
7f14dcbf0000-7f14dcbf1000 rw-p 00013000 08:01 1704593                    /usr/lib/x86_64-linux-gnu/libtasn1.so.6.2.0
7f14dcbf1000-7f14dcc6d000 r-xp 00000000 08:01 6032150                    /lib/x86_64-linux-gnu/libgcrypt.so.11.8.2
7f14dcc6d000-7f14dce6c000 ---p 0007c000 08:01 6032150                    /lib/x86_64-linux-gnu/libgcrypt.so.11.8.2
7f14dce6c000-7f14dce6d000 r--p 0007b000 08:01 6032150                    /lib/x86_64-linux-gnu/libgcrypt.so.11.8.2
7f14dce6d000-7f14dce70000 rw-p 0007c000 08:01 6032150                    /lib/x86_64-linux-gnu/libgcrypt.so.11.8.2
7f14dce70000-7f14dce77000 r-xp 00000000 08:01 1712195                    /usr/lib/x86_64-linux-gnu/libffi.so.6.0.1
7f14dce77000-7f14dd076000 ---p 00007000 08:01 1712195                    /usr/lib/x86_64-linux-gnu/libffi.so.6.0.1
7f14dd076000-7f14dd077000 r--p 00006000 08:01 1712195                    /usr/lib/x86_64-linux-gnu/libffi.so.6.0.1
7f14dd077000-7f14dd078000 rw-p 00007000 08:01 1712195                    /usr/lib/x86_64-linux-gnu/libffi.so.6.0.1
7f14dd078000-7f14dd1e4000 r-xp 00000000 08:01 1704322                    /usr/lib/x86_64-linux-gnu/libgio-2.0.so.0.4002.0
7f14dd1e4000-7f14dd3e3000 ---p 0016c000 08:01 1704322                    /usr/lib/x86_64-linux-gnu/libgio-2.0.so.0.4002.0
7f14dd3e3000-7f14dd3e7000 r--p 0016b000 08:01 1704322                    /usr/lib/x86_64-linux-gnu/libgio-2.0.so.0.4002.0
7f14dd3e7000-7f14dd3e9000 rw-p 0016f000 08:01 1704322                    /usr/lib/x86_64-linux-gnu/libgio-2.0.so.0.4002.0
7f14dd3e9000-7f14dd3eb000 rw-p 00000000 00:00 0 
7f14dd3eb000-7f14dd40c000 r-xp 00000000 08:01 6033317                    /lib/x86_64-linux-gnu/liblzma.so.5.0.0
7f14dd40c000-7f14dd60b000 ---p 00021000 08:01 6033317                    /lib/x86_64-linux-gnu/liblzma.so.5.0.0
7f14dd60b000-7f14dd60c000 r--p 00020000 08:01 6033317                    /lib/x86_64-linux-gnu/liblzma.so.5.0.0
7f14dd60c000-7f14dd60d000 rw-p 00021000 08:01 6033317                    /lib/x86_64-linux-gnu/liblzma.so.5.0.0
7f14dd60d000-7f14dd625000 r-xp 00000000 08:01 6033433                    /lib/x86_64-linux-gnu/libz.so.1.2.8
7f14dd625000-7f14dd824000 ---p 00018000 08:01 6033433                    /lib/x86_64-linux-gnu/libz.so.1.2.8
7f14dd824000-7f14dd825000 r--p 00017000 08:01 6033433                    /lib/x86_64-linux-gnu/libz.so.1.2.8
7f14dd825000-7f14dd826000 rw-p 00018000 08:01 6033433                    /lib/x86_64-linux-gnu/libz.so.1.2.8
7f14dd826000-7f14dd828000 r-xp 00000000 08:01 6048642                    /lib/x86_64-linux-gnu/libutil-2.19.so
7f14dd828000-7f14dda27000 ---p 00002000 08:01 6048642                    /lib/x86_64-linux-gnu/libutil-2.19.so
7f14dda27000-7f14dda28000 r--p 00001000 08:01 6048642                    /lib/x86_64-linux-gnu/libutil-2.19.so
7f14dda28000-7f14dda29000 rw-p 00002000 08:01 6048642                    /lib/x86_64-linux-gnu/libutil-2.19.so
7f14dda29000-7f14dda40000 r-xp 00000000 08:01 6048616                    /lib/x86_64-linux-gnu/libresolv-2.19.so
7f14dda40000-7f14ddc40000 ---p 00017000 08:01 6048616                    /lib/x86_64-linux-gnu/libresolv-2.19.so
7f14ddc40000-7f14ddc41000 r--p 00017000 08:01 6048616                    /lib/x86_64-linux-gnu/libresolv-2.19.so
7f14ddc41000-7f14ddc42000 rw-p 00018000 08:01 6048616                    /lib/x86_64-linux-gnu/libresolv-2.19.so
7f14ddc42000-7f14ddc44000 rw-p 00000000 00:00 0 
7f14ddc44000-7f14ddc53000 r-xp 00000000 08:01 1712021                    /usr/lib/x86_64-linux-gnu/libavahi-client.so.3.2.9
7f14ddc53000-7f14dde53000 ---p 0000f000 08:01 1712021                    /usr/lib/x86_64-linux-gnu/libavahi-client.so.3.2.9
7f14dde53000-7f14dde54000 r--p 0000f000 08:01 1712021                    /usr/lib/x86_64-linux-gnu/libavahi-client.so.3.2.9
7f14dde54000-7f14dde55000 rw-p 00010000 08:01 1712021                    /usr/lib/x86_64-linux-gnu/libavahi-client.so.3.2.9
7f14dde55000-7f14dde60000 r-xp 00000000 08:01 1712023                    /usr/lib/x86_64-linux-gnu/libavahi-common.so.3.5.3
7f14dde60000-7f14de05f000 ---p 0000b000 08:01 1712023                    /usr/lib/x86_64-linux-gnu/libavahi-common.so.3.5.3
7f14de05f000-7f14de060000 r--p 0000a000 08:01 1712023                    /usr/lib/x86_64-linux-gnu/libavahi-common.so.3.5.3
7f14de060000-7f14de061000 rw-p 0000b000 08:01 1712023                    /usr/lib/x86_64-linux-gnu/libavahi-common.so.3.5.3
7f14de061000-7f14de167000 r-xp 00000000 08:01 6029619                    /lib/x86_64-linux-gnu/libglib-2.0.so.0.4002.0
7f14de167000-7f14de366000 ---p 00106000 08:01 6029619                    /lib/x86_64-linux-gnu/libglib-2.0.so.0.4002.0
7f14de366000-7f14de367000 r--p 00105000 08:01 6029619                    /lib/x86_64-linux-gnu/libglib-2.0.so.0.4002.0
7f14de367000-7f14de368000 rw-p 00106000 08:01 6029619                    /lib/x86_64-linux-gnu/libglib-2.0.so.0.4002.0
7f14de368000-7f14de369000 rw-p 00000000 00:00 0 
7f14de369000-7f14de36c000 r-xp 00000000 08:01 1712027                    /usr/lib/x86_64-linux-gnu/libavahi-glib.so.1.0.2
7f14de36c000-7f14de56b000 ---p 00003000 08:01 1712027                    /usr/lib/x86_64-linux-gnu/libavahi-glib.so.1.0.2
7f14de56b000-7f14de56c000 r--p 00002000 08:01 1712027                    /usr/lib/x86_64-linux-gnu/libavahi-glib.so.1.0.2
7f14de56c000-7f14de56d000 rw-p 00003000 08:01 1712027                    /usr/lib/x86_64-linux-gnu/libavahi-glib.so.1.0.2
7f14de56d000-7f14de623000 r-xp 00000000 08:01 1705237                    /usr/lib/x86_64-linux-gnu/libgnutls.so.26.22.6
7f14de623000-7f14de823000 ---p 000b6000 08:01 1705237                    /usr/lib/x86_64-linux-gnu/libgnutls.so.26.22.6
7f14de823000-7f14de829000 r--p 000b6000 08:01 1705237                    /usr/lib/x86_64-linux-gnu/libgnutls.so.26.22.6
7f14de829000-7f14de82a000 rw-p 000bc000 08:01 1705237                    /usr/lib/x86_64-linux-gnu/libgnutls.so.26.22.6
7f14de82a000-7f14de82b000 rw-p 00000000 00:00 0 
7f14de82b000-7f14de87a000 r-xp 00000000 08:01 1704318                    /usr/lib/x86_64-linux-gnu/libgobject-2.0.so.0.4002.0
7f14de87a000-7f14dea7a000 ---p 0004f000 08:01 1704318                    /usr/lib/x86_64-linux-gnu/libgobject-2.0.so.0.4002.0
7f14dea7a000-7f14dea7b000 r--p 0004f000 08:01 1704318                    /usr/lib/x86_64-linux-gnu/libgobject-2.0.so.0.4002.0
7f14dea7b000-7f14dea7c000 rw-p 00050000 08:01 1704318                    /usr/lib/x86_64-linux-gnu/libgobject-2.0.so.0.4002.0
7f14dea7c000-7f14deac0000 r-xp 00000000 08:01 6034504                    /lib/x86_64-linux-gnu/libdbus-1.so.3.7.6
7f14deac0000-7f14decbf000 ---p 00044000 08:01 6034504                    /lib/x86_64-linux-gnu/libdbus-1.so.3.7.6
7f14decbf000-7f14decc0000 r--p 00043000 08:01 6034504                    /lib/x86_64-linux-gnu/libdbus-1.so.3.7.6
7f14decc0000-7f14decc1000 rw-p 00044000 08:01 6034504                    /lib/x86_64-linux-gnu/libdbus-1.so.3.7.6
7f14decc1000-7f14dece6000 r-xp 00000000 08:01 1712123                    /usr/lib/x86_64-linux-gnu/libdbus-glib-1.so.2.2.2
7f14dece6000-7f14deee6000 ---p 00025000 08:01 1712123                    /usr/lib/x86_64-linux-gnu/libdbus-glib-1.so.2.2.2
7f14deee6000-7f14deee7000 r--p 00025000 08:01 1712123                    /usr/lib/x86_64-linux-gnu/libdbus-glib-1.so.2.2.2
7f14deee7000-7f14deee8000 rw-p 00026000 08:01 1712123                    /usr/lib/x86_64-linux-gnu/libdbus-glib-1.so.2.2.2
7f14deee8000-7f14df044000 r-xp 00000000 08:01 1706989                    /usr/lib/x86_64-linux-gnu/libxml2.so.2.9.1
7f14df044000-7f14df243000 ---p 0015c000 08:01 1706989                    /usr/lib/x86_64-linux-gnu/libxml2.so.2.9.1
7f14df243000-7f14df24b000 r--p 0015b000 08:01 1706989                    /usr/lib/x86_64-linux-gnu/libxml2.so.2.9.1
7f14df24b000-7f14df24d000 rw-p 00163000 08:01 1706989                    /usr/lib/x86_64-linux-gnu/libxml2.so.2.9.1
7f14df24d000-7f14df24e000 rw-p 00000000 00:00 0 
7f14df24e000-7f14df27c000 r-xp 00000000 08:01 1712258                    /usr/lib/x86_64-linux-gnu/libgconf-2.so.4.1.5
7f14df27c000-7f14df47b000 ---p 0002e000 08:01 1712258                    /usr/lib/x86_64-linux-gnu/libgconf-2.so.4.1.5
7f14df47b000-7f14df47c000 r--p 0002d000 08:01 1712258                    /usr/lib/x86_64-linux-gnu/libgconf-2.so.4.1.5
7f14df47c000-7f14df47d000 rw-p 0002e000 08:01 1712258                    /usr/lib/x86_64-linux-gnu/libgconf-2.so.4.1.5
7f14df47d000-7f14df480000 r-xp 00000000 08:01 1704300                    /usr/lib/x86_64-linux-gnu/libgmodule-2.0.so.0.4002.0
7f14df480000-7f14df67f000 ---p 00003000 08:01 1704300                    /usr/lib/x86_64-linux-gnu/libgmodule-2.0.so.0.4002.0
7f14df67f000-7f14df680000 r--p 00002000 08:01 1704300                    /usr/lib/x86_64-linux-gnu/libgmodule-2.0.so.0.4002.0
7f14df680000-7f14df681000 rw-p 00003000 08:01 1704300                    /usr/lib/x86_64-linux-gnu/libgmodule-2.0.so.0.4002.0
7f14df681000-7f14df6e4000 r-xp 00000000 08:01 1710875                    /usr/lib/x86_64-linux-gnu/libgnomevfs-2.so.0.2400.4
7f14df6e4000-7f14df8e3000 ---p 00063000 08:01 1710875                    /usr/lib/x86_64-linux-gnu/libgnomevfs-2.so.0.2400.4
7f14df8e3000-7f14df8e6000 r--p 00062000 08:01 1710875                    /usr/lib/x86_64-linux-gnu/libgnomevfs-2.so.0.2400.4
7f14df8e6000-7f14df8e8000 rw-p 00065000 08:01 1710875                    /usr/lib/x86_64-linux-gnu/libgnomevfs-2.so.0.2400.4
7f14df8e8000-7f14df8e9000 rw-p 00000000 00:00 0 
7f14df8e9000-7f14df8ec000 ---p 00000000 00:00 0 
7f14df8ec000-7f14df9ea000 rw-p 00000000 00:00 0                          [stack:15431]
7f14df9ea000-7f14df9ef000 r-xp 00000000 08:01 1711932                    /usr/lib/x86_64-linux-gnu/libXfixes.so.3.1.0
7f14df9ef000-7f14dfbee000 ---p 00005000 08:01 1711932                    /usr/lib/x86_64-linux-gnu/libXfixes.so.3.1.0
7f14dfbee000-7f14dfbef000 r--p 00004000 08:01 1711932                    /usr/lib/x86_64-linux-gnu/libXfixes.so.3.1.0
7f14dfbef000-7f14dfbf0000 rw-p 00005000 08:01 1711932                    /usr/lib/x86_64-linux-gnu/libXfixes.so.3.1.0
7f14dfbf0000-7f14dfbf9000 r-xp 00000000 08:01 1711924                    /usr/lib/x86_64-linux-gnu/libXcursor.so.1.0.2
7f14dfbf9000-7f14dfdf8000 ---p 00009000 08:01 1711924                    /usr/lib/x86_64-linux-gnu/libXcursor.so.1.0.2
7f14dfdf8000-7f14dfdf9000 r--p 00008000 08:01 1711924                    /usr/lib/x86_64-linux-gnu/libXcursor.so.1.0.2
7f14dfdf9000-7f14dfdfa000 rw-p 00009000 08:01 1711924                    /usr/lib/x86_64-linux-gnu/libXcursor.so.1.0.2
7f14dfdfa000-7f14dfdff000 r-xp 00000000 08:01 1711928                    /usr/lib/x86_64-linux-gnu/libXdmcp.so.6.0.0
7f14dfdff000-7f14dfffe000 ---p 00005000 08:01 1711928                    /usr/lib/x86_64-linux-gnu/libXdmcp.so.6.0.0
7f14dfffe000-7f14dffff000 r--p 00004000 08:01 1711928                    /usr/lib/x86_64-linux-gnu/libXdmcp.so.6.0.0
7f14dffff000-7f14e0000000 rw-p 00005000 08:01 1711928                    /usr/lib/x86_64-linux-gnu/libXdmcp.so.6.0.0
7f14e0000000-7f14e0021000 rw-p 00000000 00:00 0 
7f14e0021000-7f14e4000000 ---p 00000000 00:00 0 
7f14e4000000-7f14e4021000 rw-p 00000000 00:00 0 
7f14e4021000-7f14e8000000 ---p 00000000 00:00 0 
7f14e8000000-7f14e8021000 rw-p 00000000 00:00 0 
7f14e8021000-7f14ec000000 ---p 00000000 00:00 0 
7f14ec000000-7f14ec021000 rw-p 00000000 00:00 0 
7f14ec021000-7f14f0000000 ---p 00000000 00:00 0 
7f14f0000000-7f14f0021000 rw-p 00000000 00:00 0 
7f14f0021000-7f14f4000000 ---p 00000000 00:00 0 
7f14f4000000-7f14f4021000 rw-p 00000000 00:00 0 
7f14f4021000-7f14f8000000 ---p 00000000 00:00 0 
7f14f8000000-7f14f81b0000 rw-p 00000000 00:00 0 
7f14f81b0000-7f14fc000000 ---p 00000000 00:00 0 
7f14fc000000-7f14fc021000 rw-p 00000000 00:00 0 
7f14fc021000-7f1500000000 ---p 00000000 00:00 0 
7f1500000000-7f1500021000 rw-p 00000000 00:00 0 
7f1500021000-7f1504000000 ---p 00000000 00:00 0 
7f1504000000-7f1504080000 rw-p 00000000 00:00 0 
7f1504080000-7f1508000000 ---p 00000000 00:00 0 
7f1508000000-7f1508021000 rw-p 00000000 00:00 0 
7f1508021000-7f150c000000 ---p 00000000 00:00 0 
7f150c000000-7f150d005000 rw-p 00000000 00:00 0 
7f150d005000-7f1510000000 ---p 00000000 00:00 0 
7f1510000000-7f1510021000 rw-p 00000000 00:00 0 
7f1510021000-7f1514000000 ---p 00000000 00:00 0 
7f1514000000-7f151534e000 rw-p 00000000 00:00 0 
7f151534e000-7f1518000000 ---p 00000000 00:00 0 
7f1518000000-7f151804c000 rw-p 00000000 00:00 0 
7f151804c000-7f151c000000 ---p 00000000 00:00 0 
7f151c000000-7f151c2ff000 rw-p 00000000 00:00 0 
7f151c2ff000-7f1520000000 ---p 00000000 00:00 0 
7f1520000000-7f1520021000 rw-p 00000000 00:00 0 
7f1520021000-7f1524000000 ---p 00000000 00:00 0 
7f1524000000-7f1524021000 rw-p 00000000 00:00 0 
7f1524021000-7f1528000000 ---p 00000000 00:00 0 
7f1528000000-7f1528021000 rw-p 00000000 00:00 0 
7f1528021000-7f152c000000 ---p 00000000 00:00 0 
7f152c03b000-7f152c03e000 ---p 00000000 00:00 0 
7f152c03e000-7f152c074000 rw-p 00000000 00:00 0                          [stack:15623]
7f152c074000-7f152c077000 ---p 00000000 00:00 0 
7f152c077000-7f152c175000 rw-p 00000000 00:00 0                          [stack:15430]
7f152c175000-7f152c177000 r-xp 00000000 08:01 1711917                    /usr/lib/x86_64-linux-gnu/libXau.so.6.0.0
7f152c177000-7f152c377000 ---p 00002000 08:01 1711917                    /usr/lib/x86_64-linux-gnu/libXau.so.6.0.0
7f152c377000-7f152c378000 r--p 00002000 08:01 1711917                    /usr/lib/x86_64-linux-gnu/libXau.so.6.0.0
7f152c378000-7f152c379000 rw-p 00003000 08:01 1711917                    /usr/lib/x86_64-linux-gnu/libXau.so.6.0.0
7f152c379000-7f152c396000 r-xp 00000000 08:01 1712985                    /usr/lib/x86_64-linux-gnu/libxcb.so.1.1.0
7f152c396000-7f152c596000 ---p 0001d000 08:01 1712985                    /usr/lib/x86_64-linux-gnu/libxcb.so.1.1.0
7f152c596000-7f152c597000 r--p 0001d000 08:01 1712985                    /usr/lib/x86_64-linux-gnu/libxcb.so.1.1.0
7f152c597000-7f152c598000 rw-p 0001e000 08:01 1712985                    /usr/lib/x86_64-linux-gnu/libxcb.so.1.1.0
7f152c598000-7f152c5a7000 r-xp 00000000 08:01 1711938                    /usr/lib/x86_64-linux-gnu/libXi.so.6.1.0
7f152c5a7000-7f152c7a6000 ---p 0000f000 08:01 1711938                    /usr/lib/x86_64-linux-gnu/libXi.so.6.1.0
7f152c7a6000-7f152c7a7000 r--p 0000e000 08:01 1711938                    /usr/lib/x86_64-linux-gnu/libXi.so.6.1.0
7f152c7a7000-7f152c7a8000 rw-p 0000f000 08:01 1711938                    /usr/lib/x86_64-linux-gnu/libXi.so.6.1.0
7f152c7a8000-7f152c7ad000 r-xp 00000000 08:01 1711958                    /usr/lib/x86_64-linux-gnu/libXtst.so.6.1.0
7f152c7ad000-7f152c9ac000 ---p 00005000 08:01 1711958                    /usr/lib/x86_64-linux-gnu/libXtst.so.6.1.0
7f152c9ac000-7f152c9ad000 r--p 00004000 08:01 1711958                    /usr/lib/x86_64-linux-gnu/libXtst.so.6.1.0
7f152c9ad000-7f152c9ae000 rw-p 00005000 08:01 1711958                    /usr/lib/x86_64-linux-gnu/libXtst.so.6.1.0
7f152c9ae000-7f152c9b7000 r-xp 00000000 08:01 1711952                    /usr/lib/x86_64-linux-gnu/libXrender.so.1.3.0
7f152c9b7000-7f152cbb6000 ---p 00009000 08:01 1711952                    /usr/lib/x86_64-linux-gnu/libXrender.so.1.3.0
7f152cbb6000-7f152cbb7000 r--p 00008000 08:01 1711952                    /usr/lib/x86_64-linux-gnu/libXrender.so.1.3.0
7f152cbb7000-7f152cbb8000 rw-p 00009000 08:01 1711952                    /usr/lib/x86_64-linux-gnu/libXrender.so.1.3.0
7f152cbb8000-7f152cce8000 r-xp 00000000 08:01 1711913                    /usr/lib/x86_64-linux-gnu/libX11.so.6.3.0
7f152cce8000-7f152cee8000 ---p 00130000 08:01 1711913                    /usr/lib/x86_64-linux-gnu/libX11.so.6.3.0
7f152cee8000-7f152cee9000 r--p 00130000 08:01 1711913                    /usr/lib/x86_64-linux-gnu/libX11.so.6.3.0
7f152cee9000-7f152ceed000 rw-p 00131000 08:01 1711913                    /usr/lib/x86_64-linux-gnu/libX11.so.6.3.0
7f152ceed000-7f152cefe000 r-xp 00000000 08:01 1711930                    /usr/lib/x86_64-linux-gnu/libXext.so.6.4.0
7f152cefe000-7f152d0fd000 ---p 00011000 08:01 1711930                    /usr/lib/x86_64-linux-gnu/libXext.so.6.4.0
7f152d0fd000-7f152d0fe000 r--p 00010000 08:01 1711930                    /usr/lib/x86_64-linux-gnu/libXext.so.6.4.0
7f152d0fe000-7f152d0ff000 rw-p 00011000 08:01 1711930                    /usr/lib/x86_64-linux-gnu/libXext.so.6.4.0
7f152d10d000-7f152d10e000 rw-p 00000000 00:00 0 
7f152d10e000-7f152d112000 r--s 0002d000 08:01 8261836                    /usr/lib/jvm/java-7-oracle/jre/lib/ext/sunjce_provider.jar
7f152d112000-7f152d113000 r--s 00003000 08:01 8261832                    /usr/lib/jvm/java-7-oracle/jre/lib/ext/sunec.jar
7f152d113000-7f152d116000 r--s 00019000 08:01 1715875                    /usr/lib/jvm/java-7-oracle/jre/lib/jce.jar
7f152d116000-7f152d11a000 r--s 000f7000 08:01 8261833                    /usr/lib/jvm/java-7-oracle/jre/lib/ext/localedata.jar
7f152d11a000-7f152d16a000 r-xp 00000000 08:01 8265644                    /usr/lib/jvm/java-7-oracle/jre/lib/amd64/xawt/libmawt.so
7f152d16a000-7f152d36a000 ---p 00050000 08:01 8265644                    /usr/lib/jvm/java-7-oracle/jre/lib/amd64/xawt/libmawt.so
7f152d36a000-7f152d36e000 rw-p 00050000 08:01 8265644                    /usr/lib/jvm/java-7-oracle/jre/lib/amd64/xawt/libmawt.so
7f152d36e000-7f152d36f000 rw-p 00000000 00:00 0 
7f152d36f000-7f152d411000 r-xp 00000000 08:01 8265610                    /usr/lib/jvm/java-7-oracle/jre/lib/amd64/libawt.so
7f152d411000-7f152d611000 ---p 000a2000 08:01 8265610                    /usr/lib/jvm/java-7-oracle/jre/lib/amd64/libawt.so
7f152d611000-7f152d61d000 rw-p 000a2000 08:01 8265610                    /usr/lib/jvm/java-7-oracle/jre/lib/amd64/libawt.so
7f152d61d000-7f152d641000 rw-p 00000000 00:00 0 
7f152d641000-7f152d644000 ---p 00000000 00:00 0 
7f152d644000-7f152d742000 rw-p 00000000 00:00 0                          [stack:15429]
7f152d742000-7f152d745000 ---p 00000000 00:00 0 
7f152d745000-7f152d843000 rw-p 00000000 00:00 0                          [stack:15428]
7f152d843000-7f152d846000 ---p 00000000 00:00 0 
7f152d846000-7f152d944000 rw-p 00000000 00:00 0                          [stack:15427]
7f152d944000-7f152d947000 ---p 00000000 00:00 0 
7f152d947000-7f152da45000 rw-p 00000000 00:00 0                          [stack:15426]
7f152da45000-7f152da48000 ---p 00000000 00:00 0 
7f152da48000-7f152db46000 rw-p 00000000 00:00 0                          [stack:15422]
7f152db46000-7f152db49000 ---p 00000000 00:00 0 
7f152db49000-7f152dc47000 rw-p 00000000 00:00 0                          [stack:15412]
7f152dc47000-7f152dc4a000 ---p 00000000 00:00 0 
7f152dc4a000-7f152dd48000 rw-p 00000000 00:00 0                          [stack:15411]
7f152dd48000-7f152dd53000 r--s 0037c000 08:01 1716095                    /usr/lib/jvm/java-7-oracle/jre/lib/charsets.jar
7f152dd53000-7f152dd56000 ---p 00000000 00:00 0 
7f152dd56000-7f152de54000 rw-p 00000000 00:00 0                          [stack:15502]
7f152de54000-7f152de57000 ---p 00000000 00:00 0 
7f152de57000-7f152df55000 rw-p 00000000 00:00 0                          [stack:15501]
7f152df55000-7f152df59000 r--s 0008b000 08:01 1711263                    /usr/lib/jvm/java-7-oracle/jre/lib/jsse.jar
7f152df59000-7f152df61000 r-xp 00000000 08:01 8265656                    /usr/lib/jvm/java-7-oracle/jre/lib/amd64/libmanagement.so
7f152df61000-7f152e160000 ---p 00008000 08:01 8265656                    /usr/lib/jvm/java-7-oracle/jre/lib/amd64/libmanagement.so
7f152e160000-7f152e161000 rw-p 00007000 08:01 8265656                    /usr/lib/jvm/java-7-oracle/jre/lib/amd64/libmanagement.so
7f152e161000-7f152e171000 r-xp 00000000 08:01 8265665                    /usr/lib/jvm/java-7-oracle/jre/lib/amd64/libnio.so
7f152e171000-7f152e371000 ---p 00010000 08:01 8265665                    /usr/lib/jvm/java-7-oracle/jre/lib/amd64/libnio.so
7f152e371000-7f152e372000 rw-p 00010000 08:01 8265665                    /usr/lib/jvm/java-7-oracle/jre/lib/amd64/libnio.so
7f152e372000-7f152e37c000 r--s 00251000 08:01 1716091                    /usr/lib/jvm/java-7-oracle/jre/lib/resources.jar
7f152e37c000-7f152e3ad000 rw-p 00000000 00:00 0 
7f152e3ad000-7f152e3c3000 r-xp 00000000 08:01 8265627                    /usr/lib/jvm/java-7-oracle/jre/lib/amd64/libnet.so
7f152e3c3000-7f152e5c3000 ---p 00016000 08:01 8265627                    /usr/lib/jvm/java-7-oracle/jre/lib/amd64/libnet.so
7f152e5c3000-7f152e5c4000 rw-p 00016000 08:01 8265627                    /usr/lib/jvm/java-7-oracle/jre/lib/amd64/libnet.so
7f152e5c4000-7f152e5c9000 r--s 00034000 08:01 10623682                   /home/raphael/.m2/repository/org/apache/tomcat/embed/tomcat-embed-websocket/8.0.15/tomcat-embed-websocket-8.0.15.jar
7f152e5c9000-7f152e5cb000 r--s 00009000 08:01 10623678                   /home/raphael/.m2/repository/org/apache/tomcat/embed/tomcat-embed-logging-juli/8.0.15/tomcat-embed-logging-juli-8.0.15.jar
7f152e5cb000-7f152e5cf000 r--s 00036000 08:01 6819857                    /home/raphael/.m2/repository/org/apache/tomcat/embed/tomcat-embed-el/8.0.15/tomcat-embed-el-8.0.15.jar
7f152e5cf000-7f152e5f4000 r--s 0028d000 08:01 6560292                    /home/raphael/.m2/repository/org/apache/tomcat/embed/tomcat-embed-core/8.0.15/tomcat-embed-core-8.0.15.jar
7f152e5f4000-7f152e5f5000 r--s 00000000 08:01 10888656                   /home/raphael/.m2/repository/org/springframework/boot/spring-boot-starter-tomcat/1.2.1.RELEASE/spring-boot-starter-tomcat-1.2.1.RELEASE.jar
7f152e5f5000-7f152e60c000 r--s 00127000 08:01 6043502                    /home/raphael/.m2/repository/org/freemarker/freemarker/2.3.22/freemarker-2.3.22.jar
7f152e60c000-7f152e614000 r--s 00057000 08:01 791099                     /home/raphael/.m2/repository/org/springframework/spring-websocket/4.1.4.RELEASE/spring-websocket-4.1.4.RELEASE.jar
7f152e614000-7f152e61b000 r--s 0003f000 08:01 14951701                   /home/raphael/.m2/repository/org/springframework/spring-messaging/4.1.4.RELEASE/spring-messaging-4.1.4.RELEASE.jar
7f152e61b000-7f152e61c000 r--s 00000000 08:01 12328893                   /home/raphael/.m2/repository/org/springframework/boot/spring-boot-starter-websocket/1.2.1.RELEASE/spring-boot-starter-websocket-1.2.1.RELEASE.jar
7f152e61c000-7f152e62b000 r--s 000b0000 08:01 6693492                    /home/raphael/.m2/repository/org/springframework/spring-webmvc/4.1.4.RELEASE/spring-webmvc-4.1.4.RELEASE.jar
7f152e62b000-7f152e63b000 r--s 0009f000 08:01 6693493                    /home/raphael/.m2/repository/org/springframework/spring-web/4.1.4.RELEASE/spring-web-4.1.4.RELEASE.jar
7f152e63b000-7f152e63d000 r--s 0000d000 08:01 8392787                    /home/raphael/.m2/repository/com/fasterxml/classmate/1.0.0/classmate-1.0.0.jar
7f152e63d000-7f152e63f000 r--s 0000c000 08:01 8525284                    /home/raphael/.m2/repository/org/jboss/logging/jboss-logging/3.1.3.GA/jboss-logging-3.1.3.GA.jar
7f152e63f000-7f152e643000 r--s 0000c000 08:01 8524468                    /home/raphael/.m2/repository/javax/validation/validation-api/1.1.0.Final/validation-api-1.1.0.Final.jar
7f152e643000-7f152e651000 r--s 0008d000 08:01 6819840                    /home/raphael/.m2/repository/org/hibernate/hibernate-validator/5.1.3.Final/hibernate-validator-5.1.3.Final.jar
7f152e651000-7f152e652000 r--s 00000000 08:01 10888464                   /home/raphael/.m2/repository/org/springframework/boot/spring-boot-starter-web/1.2.1.RELEASE/spring-boot-starter-web-1.2.1.RELEASE.jar
7f152e652000-7f152e654000 r--s 00009000 08:01 5769795                    /home/raphael/.m2/repository/org/hamcrest/hamcrest-core/1.3/hamcrest-core-1.3.jar
7f152e654000-7f152e65b000 r--s 0003d000 08:01 7081341                    /home/raphael/.m2/repository/org/yaml/snakeyaml/1.14/snakeyaml-1.14.jar
7f152e65b000-7f152e665000 r--s 0005f000 08:01 7209873                    /home/raphael/.m2/repository/ch/qos/logback/logback-core/1.1.2/logback-core-1.1.2.jar
7f152e665000-7f152e66b000 r--s 0003d000 08:01 7080408                    /home/raphael/.m2/repository/ch/qos/logback/logback-classic/1.1.2/logback-classic-1.1.2.jar
7f152e66b000-7f152e66c000 r--s 00005000 08:01 8533230                    /home/raphael/.m2/repository/org/slf4j/log4j-over-slf4j/1.7.10/log4j-over-slf4j-1.7.10.jar
7f152e66c000-7f152e66e000 r--s 00000000 08:01 8533227                    /home/raphael/.m2/repository/org/slf4j/jul-to-slf4j/1.7.10/jul-to-slf4j-1.7.10.jar
7f152e66e000-7f152e670000 r--s 00003000 08:01 8533224                    /home/raphael/.m2/repository/org/slf4j/jcl-over-slf4j/1.7.10/jcl-over-slf4j-1.7.10.jar
7f152e670000-7f152e671000 r--s 00000000 08:01 12723074                   /home/raphael/.m2/repository/org/springframework/boot/spring-boot-starter-logging/1.2.1.RELEASE/spring-boot-starter-logging-1.2.1.RELEASE.jar
7f152e671000-7f152e680000 r--s 00064000 08:01 12598284                   /home/raphael/.m2/repository/org/springframework/boot/spring-boot-autoconfigure/1.2.1.RELEASE/spring-boot-autoconfigure-1.2.1.RELEASE.jar
7f152e680000-7f152e68a000 r--s 0005c000 08:01 12195794                   /home/raphael/.m2/repository/org/springframework/boot/spring-boot/1.2.1.RELEASE/spring-boot-1.2.1.RELEASE.jar
7f152e68a000-7f152e68b000 r--s 00000000 08:01 12069441                   /home/raphael/.m2/repository/org/springframework/boot/spring-boot-starter/1.2.1.RELEASE/spring-boot-starter-1.2.1.RELEASE.jar
7f152e68b000-7f152e68e000 r--s 0001d000 08:01 9580641                    /home/raphael/.m2/repository/org/springframework/boot/spring-boot-loader-tools/1.2.1.RELEASE/spring-boot-loader-tools-1.2.1.RELEASE.jar
7f152e68e000-7f152e6a2000 r--s 000e2000 08:01 8266560                    /home/raphael/.m2/repository/org/springframework/spring-core/4.1.4.RELEASE/spring-core-4.1.4.RELEASE.jar
7f152e6a2000-7f152e6a7000 r--s 0003b000 08:01 12598282                   /home/raphael/.m2/repository/org/springframework/spring-expression/4.1.4.RELEASE/spring-expression-4.1.4.RELEASE.jar
7f152e6a7000-7f152e6b0000 r--s 0004f000 08:01 12461978                   /home/raphael/.m2/repository/org/springframework/spring-aop/4.1.4.RELEASE/spring-aop-4.1.4.RELEASE.jar
7f152e6b0000-7f152e6c8000 r--s 000e3000 08:01 12195795                   /home/raphael/.m2/repository/org/springframework/spring-context/4.1.4.RELEASE/spring-context-4.1.4.RELEASE.jar
7f152e6c8000-7f152e6d5000 r--s 000a0000 08:01 12461977                   /home/raphael/.m2/repository/org/springframework/spring-beans/4.1.4.RELEASE/spring-beans-4.1.4.RELEASE.jar
7f152e6d5000-7f152e6da000 r--s 00027000 08:01 9580639                    /home/raphael/.m2/repository/org/springframework/spring-context-support/4.1.4.RELEASE/spring-context-support-4.1.4.RELEASE.jar
7f152e6da000-7f152e6e1000 r--s 0005e000 08:01 6817450                    /home/raphael/.m2/repository/org/apache/commons/commons-lang3/3.3.2/commons-lang3-3.3.2.jar
7f152e6e1000-7f152e6fb000 r--s 000d4000 08:01 10360143                   /home/raphael/.m2/repository/com/googlecode/totallylazy/totallylazy/1.20/totallylazy-1.20.jar
7f152e6fb000-7f152e6fc000 ---p 00000000 00:00 0 
7f152e6fc000-7f152e7fc000 rw-p 00000000 00:00 0                          [stack:15408]
7f152e7fc000-7f152e7ff000 ---p 00000000 00:00 0 
7f152e7ff000-7f152e8fd000 rw-p 00000000 00:00 0                          [stack:15407]
7f152e8fd000-7f152e900000 ---p 00000000 00:00 0 
7f152e900000-7f152e9fe000 rw-p 00000000 00:00 0                          [stack:15406]
7f152e9fe000-7f152ea01000 ---p 00000000 00:00 0 
7f152ea01000-7f152eaff000 rw-p 00000000 00:00 0                          [stack:15405]
7f152eaff000-7f152eb02000 ---p 00000000 00:00 0 
7f152eb02000-7f1530000000 rw-p 00000000 00:00 0                          [stack:16317]
7f1530000000-7f1530039000 rw-p 00000000 00:00 0 
7f1530039000-7f1534000000 ---p 00000000 00:00 0 
7f1534000000-7f1534251000 rw-p 00000000 00:00 0 
7f1534251000-7f1538000000 ---p 00000000 00:00 0 
7f1538000000-7f1538021000 rw-p 00000000 00:00 0 
7f1538021000-7f153c000000 ---p 00000000 00:00 0 
7f153c000000-7f153c021000 rw-p 00000000 00:00 0 
7f153c021000-7f1540000000 ---p 00000000 00:00 0 
7f1540000000-7f1540021000 rw-p 00000000 00:00 0 
7f1540021000-7f1544000000 ---p 00000000 00:00 0 
7f1544000000-7f1544002000 r--s 00000000 08:01 6686059                    /home/raphael/.m2/repository/aopalliance/aopalliance/1.0/aopalliance-1.0.jar
7f1544002000-7f1544011000 r--s 00081000 08:01 9580716                    /home/raphael/.m2/repository/joda-time/joda-time/2.7/joda-time-2.7.jar
7f1544011000-7f1544012000 r--s 00000000 08:01 7210872                    /home/raphael/.m2/repository/javax/inject/javax.inject/1/javax.inject-1.jar
7f1544012000-7f1544015000 r--s 00020000 08:01 5771970                    /home/raphael/.m2/repository/velocity-tools/velocity-tools/1.4/velocity-tools-1.4.jar
7f1544015000-7f1544019000 r--s 0003c000 08:01 6425527                    /home/raphael/.m2/repository/commons-lang/commons-lang/2.4/commons-lang-2.4.jar
7f1544019000-7f1544027000 r--s 0007f000 08:01 6687637                    /home/raphael/.m2/repository/commons-collections/commons-collections/3.2.1/commons-collections-3.2.1.jar
7f1544027000-7f154402f000 r--s 00066000 08:01 7080184                    /home/raphael/.m2/repository/org/apache/velocity/velocity/1.7/velocity-1.7.jar
7f154402f000-7f1544033000 r--s 00035000 08:01 7080691                    /home/raphael/.m2/repository/com/fasterxml/jackson/core/jackson-core/2.5.1/jackson-core-2.5.1.jar
7f1544033000-7f1544035000 r--s 00008000 08:01 7080311                    /home/raphael/.m2/repository/com/fasterxml/jackson/core/jackson-annotations/2.5.1/jackson-annotations-2.5.1.jar
7f1544035000-7f1544047000 r--s 00105000 08:01 7080249                    /home/raphael/.m2/repository/com/fasterxml/jackson/core/jackson-databind/2.5.1/jackson-databind-2.5.1.jar
7f1544047000-7f154404c000 r--s 0002f000 08:01 7081040                    /home/raphael/.m2/repository/com/google/code/gson/gson/2.3.1/gson-2.3.1.jar
7f154404c000-7f1544050000 r--s 0002a000 08:01 6687390                    /home/raphael/.m2/repository/commons-io/commons-io/2.4/commons-io-2.4.jar
7f1544050000-7f154405c000 r--s 0010b000 08:01 8533152                    /home/raphael/.m2/repository/org/mozilla/rhino/1.7R5/rhino-1.7R5.jar
7f154405c000-7f1544061000 r--s 0001d000 08:01 7741201                    /home/raphael/.m2/repository/org/seleniumhq/selenium/selenium-support/2.44.0/selenium-support-2.44.0.jar
7f1544061000-7f1544066000 r--s 0001c000 08:01 7741198                    /home/raphael/.m2/repository/org/seleniumhq/selenium/selenium-api/2.44.0/selenium-api-2.44.0.jar
7f1544066000-7f1544068000 r--s 00006000 08:01 9967583                    /home/raphael/.m2/repository/com/google/code/findbugs/jsr305/2.0.2/jsr305-2.0.2.jar
7f1544068000-7f154406a000 r--s 00006000 08:01 9839234                    /home/raphael/.m2/repository/com/github/rholder/guava-retrying/1.0.7/guava-retrying-1.0.7.jar
7f154406a000-7f154406b000 r--s 00007000 08:01 7079433                    /home/raphael/.m2/repository/com/github/ruifigueira/platypus/0.1.0/platypus-0.1.0.jar
7f154406b000-7f154406e000 r--s 0000a000 08:01 11407501                   /home/raphael/.m2/repository/io/vilt/minium/minium-elements/1.0.0-SNAPSHOT/minium-elements-1.0.0-SNAPSHOT.jar
7f154406e000-7f154406f000 r--s 0000f000 08:01 10754472                   /home/raphael/.m2/repository/org/json/json/20140107/json-20140107.jar
7f154406f000-7f1544077000 r--s 00045000 08:01 11150038                   /home/raphael/.m2/repository/junit/junit/4.12/junit-4.12.jar
7f1544077000-7f1544083000 r--s 0006f000 08:01 8397919                    /home/raphael/.m2/repository/org/springframework/spring-test/4.1.4.RELEASE/spring-test-4.1.4.RELEASE.jar
7f1544083000-7f1544084000 r--s 00004000 08:01 6823591                    /home/raphael/.m2/repository/info/cukes/cucumber-junit/1.2.2/cucumber-junit-1.2.2.jar
7f1544084000-7f154408c000 r--s 001a4000 08:01 6817480                    /home/raphael/.m2/repository/info/cukes/gherkin/2.12.2/gherkin-2.12.2.jar
7f154408c000-7f154409a000 r--s 00076000 08:01 6817477                    /home/raphael/.m2/repository/info/cukes/cucumber-jvm-deps/1.0.3/cucumber-jvm-deps-1.0.3.jar
7f154409a000-7f154409f000 r--s 0002f000 08:01 6823585                    /home/raphael/.m2/repository/info/cukes/cucumber-core/1.2.2/cucumber-core-1.2.2.jar
7f154409f000-7f15440aa000 r--s 0002d000 08:01 6823584                    /home/raphael/.m2/repository/info/cukes/cucumber-java/1.2.2/cucumber-java-1.2.2.jar
7f15440aa000-7f15440bf000 r--s 000fd000 08:01 6817620                    /home/raphael/.m2/repository/io/netty/netty/3.5.2.Final/netty-3.5.2.Final.jar
7f15440bf000-7f15440c4000 r--s 00024000 08:01 6817617                    /home/raphael/.m2/repository/org/webbitserver/webbit/0.4.14/webbit-0.4.14.jar
7f15440c4000-7f15440ef000 r--s 001fc000 08:01 6687633                    /home/raphael/.m2/repository/com/google/guava/guava/18.0/guava-18.0.jar
7f15440ef000-7f15440f2000 ---p 00000000 00:00 0 
7f15440f2000-7f15441f0000 rw-p 00000000 00:00 0                          [stack:15399]
7f15441f0000-7f15441f3000 ---p 00000000 00:00 0 
7f15441f3000-7f15442f1000 rw-p 00000000 00:00 0                          [stack:15398]
7f15442f1000-7f15442f5000 r-xp 00000000 08:01 8265630                    /usr/lib/jvm/java-7-oracle/jre/lib/amd64/libdt_socket.so
7f15442f5000-7f15444f4000 ---p 00004000 08:01 8265630                    /usr/lib/jvm/java-7-oracle/jre/lib/amd64/libdt_socket.so
7f15444f4000-7f15444f5000 rw-p 00003000 08:01 8265630                    /usr/lib/jvm/java-7-oracle/jre/lib/amd64/libdt_socket.so
7f15444f5000-7f15444f8000 ---p 00000000 00:00 0 
7f15444f8000-7f15445f6000 rw-p 00000000 00:00 0                          [stack:15396]
7f15445f6000-7f15445f9000 ---p 00000000 00:00 0 
7f15445f9000-7f15446f7000 rw-p 00000000 00:00 0                          [stack:15395]
7f15446f7000-7f15446fa000 ---p 00000000 00:00 0 
7f15446fa000-7f15447f8000 rw-p 00000000 00:00 0                          [stack:15394]
7f15447f8000-7f15447f9000 ---p 00000000 00:00 0 
7f15447f9000-7f1545000000 rw-p 00000000 00:00 0                          [stack:15392]
7f1545000000-7f1545340000 rwxp 00000000 00:00 0 
7f1545340000-7f1548d22000 rw-p 00000000 00:00 0 
7f1548d22000-7f154c000000 ---p 00000000 00:00 0 
7f154c000000-7f154c001000 r--s 00009000 08:01 6817474                    /home/raphael/.m2/repository/info/cukes/cucumber-html/0.2.3/cucumber-html-0.2.3.jar
7f154c001000-7f154c002000 r--s 00002000 08:01 7090386                    /home/raphael/.m2/repository/info/cukes/cucumber-rhino/1.2.2/cucumber-rhino-1.2.2.jar
7f154c002000-7f154c004000 r--s 0000a000 08:01 13638164                   /home/raphael/.m2/repository/io/vilt/minium/minium-cucumber-rest/1.0.0-SNAPSHOT/minium-cucumber-rest-1.0.0-SNAPSHOT.jar
7f154c004000-7f154c006000 r--s 00044000 08:01 6822968                    /home/raphael/.m2/repository/org/seleniumhq/selenium/selenium-safari-driver/2.44.0/selenium-safari-driver-2.44.0.jar
7f154c006000-7f154c011000 r--s 000d5000 08:01 6817611                    /home/raphael/.m2/repository/net/java/dev/jna/platform/3.4.0/platform-3.4.0.jar
7f154c011000-7f154c015000 r--s 000f3000 08:01 6817608                    /home/raphael/.m2/repository/net/java/dev/jna/jna/3.4.0/jna-3.4.0.jar
7f154c015000-7f154c01c000 r--s 0003a000 08:01 6817561                    /home/raphael/.m2/repository/commons-codec/commons-codec/1.9/commons-codec-1.9.jar
7f154c01c000-7f154c029000 r--s 000a3000 08:01 8533233                    /home/raphael/.m2/repository/org/apache/httpcomponents/httpclient/4.4/httpclient-4.4.jar
7f154c029000-7f154c921000 rw-p 00000000 00:00 0 
7f154c921000-7f154cae0000 r--s 039f0000 08:01 1715411                    /usr/lib/jvm/java-7-oracle/jre/lib/rt.jar
7f154cae0000-7f154ccf1000 rw-p 00000000 00:00 0 
7f154ccf1000-7f154ccf2000 ---p 00000000 00:00 0 
7f154ccf2000-7f154cdf2000 rw-p 00000000 00:00 0                          [stack:15391]
7f154cdf2000-7f154cdf3000 ---p 00000000 00:00 0 
7f154cdf3000-7f154cef3000 rw-p 00000000 00:00 0                          [stack:15390]
7f154cef3000-7f154cef4000 ---p 00000000 00:00 0 
7f154cef4000-7f154cff4000 rw-p 00000000 00:00 0                          [stack:15389]
7f154cff4000-7f154cff5000 ---p 00000000 00:00 0 
7f154cff5000-7f154d11e000 rw-p 00000000 00:00 0                          [stack:15388]
7f154d11e000-7f154d1a0000 rw-p 00000000 00:00 0 
7f154d1a0000-7f154d1b7000 rw-p 00000000 00:00 0 
7f154d1b7000-7f154d1e0000 rw-p 00000000 00:00 0 
7f154d1e0000-7f154d209000 rw-p 00000000 00:00 0 
7f154d209000-7f154d28a000 rw-p 00000000 00:00 0 
7f154d28a000-7f154d2e0000 rw-p 00000000 00:00 0 
7f154d2e0000-7f154d2ee000 rw-p 00000000 00:00 0 
7f154d2ee000-7f154d3a1000 rw-p 00000000 00:00 0 
7f154d3a1000-7f154d3bb000 r-xp 00000000 08:01 8265650                    /usr/lib/jvm/java-7-oracle/jre/lib/amd64/libzip.so
7f154d3bb000-7f154d5bb000 ---p 0001a000 08:01 8265650                    /usr/lib/jvm/java-7-oracle/jre/lib/amd64/libzip.so
7f154d5bb000-7f154d5bc000 rw-p 0001a000 08:01 8265650                    /usr/lib/jvm/java-7-oracle/jre/lib/amd64/libzip.so
7f154d5bc000-7f154d5c7000 r-xp 00000000 08:01 6048637                    /lib/x86_64-linux-gnu/libnss_files-2.19.so
7f154d5c7000-7f154d7c6000 ---p 0000b000 08:01 6048637                    /lib/x86_64-linux-gnu/libnss_files-2.19.so
7f154d7c6000-7f154d7c7000 r--p 0000a000 08:01 6048637                    /lib/x86_64-linux-gnu/libnss_files-2.19.so
7f154d7c7000-7f154d7c8000 rw-p 0000b000 08:01 6048637                    /lib/x86_64-linux-gnu/libnss_files-2.19.so
7f154d7c8000-7f154d7d3000 r-xp 00000000 08:01 6048657                    /lib/x86_64-linux-gnu/libnss_nis-2.19.so
7f154d7d3000-7f154d9d2000 ---p 0000b000 08:01 6048657                    /lib/x86_64-linux-gnu/libnss_nis-2.19.so
7f154d9d2000-7f154d9d3000 r--p 0000a000 08:01 6048657                    /lib/x86_64-linux-gnu/libnss_nis-2.19.so
7f154d9d3000-7f154d9d4000 rw-p 0000b000 08:01 6048657                    /lib/x86_64-linux-gnu/libnss_nis-2.19.so
7f154d9d4000-7f154d9eb000 r-xp 00000000 08:01 6048646                    /lib/x86_64-linux-gnu/libnsl-2.19.so
7f154d9eb000-7f154dbea000 ---p 00017000 08:01 6048646                    /lib/x86_64-linux-gnu/libnsl-2.19.so
7f154dbea000-7f154dbeb000 r--p 00016000 08:01 6048646                    /lib/x86_64-linux-gnu/libnsl-2.19.so
7f154dbeb000-7f154dbec000 rw-p 00017000 08:01 6048646                    /lib/x86_64-linux-gnu/libnsl-2.19.so
7f154dbec000-7f154dbee000 rw-p 00000000 00:00 0 
7f154dbee000-7f154dbf7000 r-xp 00000000 08:01 6048645                    /lib/x86_64-linux-gnu/libnss_compat-2.19.so
7f154dbf7000-7f154ddf6000 ---p 00009000 08:01 6048645                    /lib/x86_64-linux-gnu/libnss_compat-2.19.so
7f154ddf6000-7f154ddf7000 r--p 00008000 08:01 6048645                    /lib/x86_64-linux-gnu/libnss_compat-2.19.so
7f154ddf7000-7f154ddf8000 rw-p 00009000 08:01 6048645                    /lib/x86_64-linux-gnu/libnss_compat-2.19.so
7f154ddf8000-7f154e4dc000 r--p 00000000 08:01 1710918                    /usr/lib/locale/locale-archive
7f154e4dc000-7f154e4de000 r-xp 00000000 08:01 8265664                    /usr/lib/jvm/java-7-oracle/jre/lib/amd64/libnpt.so
7f154e4de000-7f154e6de000 ---p 00002000 08:01 8265664                    /usr/lib/jvm/java-7-oracle/jre/lib/amd64/libnpt.so
7f154e6de000-7f154e6df000 rw-p 00002000 08:01 8265664                    /usr/lib/jvm/java-7-oracle/jre/lib/amd64/libnpt.so
7f154e6df000-7f154e718000 r-xp 00000000 08:01 8265623                    /usr/lib/jvm/java-7-oracle/jre/lib/amd64/libjdwp.so
7f154e718000-7f154e918000 ---p 00039000 08:01 8265623                    /usr/lib/jvm/java-7-oracle/jre/lib/amd64/libjdwp.so
7f154e918000-7f154e919000 rw-p 00039000 08:01 8265623                    /usr/lib/jvm/java-7-oracle/jre/lib/amd64/libjdwp.so
7f154e919000-7f154e91a000 rw-p 00000000 00:00 0 
7f154e91a000-7f154e943000 r-xp 00000000 08:01 8265634                    /usr/lib/jvm/java-7-oracle/jre/lib/amd64/libjava.so
7f154e943000-7f154eb43000 ---p 00029000 08:01 8265634                    /usr/lib/jvm/java-7-oracle/jre/lib/amd64/libjava.so
7f154eb43000-7f154eb45000 rw-p 00029000 08:01 8265634                    /usr/lib/jvm/java-7-oracle/jre/lib/amd64/libjava.so
7f154eb45000-7f154eb52000 r-xp 00000000 08:01 8265649                    /usr/lib/jvm/java-7-oracle/jre/lib/amd64/libverify.so
7f154eb52000-7f154ed51000 ---p 0000d000 08:01 8265649                    /usr/lib/jvm/java-7-oracle/jre/lib/amd64/libverify.so
7f154ed51000-7f154ed53000 rw-p 0000c000 08:01 8265649                    /usr/lib/jvm/java-7-oracle/jre/lib/amd64/libverify.so
7f154ed53000-7f154ed5a000 r-xp 00000000 08:01 6048654                    /lib/x86_64-linux-gnu/librt-2.19.so
7f154ed5a000-7f154ef59000 ---p 00007000 08:01 6048654                    /lib/x86_64-linux-gnu/librt-2.19.so
7f154ef59000-7f154ef5a000 r--p 00006000 08:01 6048654                    /lib/x86_64-linux-gnu/librt-2.19.so
7f154ef5a000-7f154ef5b000 rw-p 00007000 08:01 6048654                    /lib/x86_64-linux-gnu/librt-2.19.so
7f154ef5b000-7f154ef5e000 ---p 00000000 00:00 0 
7f154ef5e000-7f154f05c000 rw-p 00000000 00:00 0                          [stack:15387]
7f154f05c000-7f154f161000 r-xp 00000000 08:01 6048636                    /lib/x86_64-linux-gnu/libm-2.19.so
7f154f161000-7f154f360000 ---p 00105000 08:01 6048636                    /lib/x86_64-linux-gnu/libm-2.19.so
7f154f360000-7f154f361000 r--p 00104000 08:01 6048636                    /lib/x86_64-linux-gnu/libm-2.19.so
7f154f361000-7f154f362000 rw-p 00105000 08:01 6048636                    /lib/x86_64-linux-gnu/libm-2.19.so
7f154f362000-7f154fed7000 r-xp 00000000 08:01 8265638                    /usr/lib/jvm/java-7-oracle/jre/lib/amd64/server/libjvm.so
7f154fed7000-7f15500d7000 ---p 00b75000 08:01 8265638                    /usr/lib/jvm/java-7-oracle/jre/lib/amd64/server/libjvm.so
7f15500d7000-7f155019b000 rw-p 00b75000 08:01 8265638                    /usr/lib/jvm/java-7-oracle/jre/lib/amd64/server/libjvm.so
7f155019b000-7f15501dc000 rw-p 00000000 00:00 0 
7f15501dc000-7f1550397000 r-xp 00000000 08:01 6048651                    /lib/x86_64-linux-gnu/libc-2.19.so
7f1550397000-7f1550596000 ---p 001bb000 08:01 6048651                    /lib/x86_64-linux-gnu/libc-2.19.so
7f1550596000-7f155059a000 r--p 001ba000 08:01 6048651                    /lib/x86_64-linux-gnu/libc-2.19.so
7f155059a000-7f155059c000 rw-p 001be000 08:01 6048651                    /lib/x86_64-linux-gnu/libc-2.19.so
7f155059c000-7f15505a1000 rw-p 00000000 00:00 0 
7f15505a1000-7f15505a4000 r-xp 00000000 08:01 6048640                    /lib/x86_64-linux-gnu/libdl-2.19.so
7f15505a4000-7f15507a3000 ---p 00003000 08:01 6048640                    /lib/x86_64-linux-gnu/libdl-2.19.so
7f15507a3000-7f15507a4000 r--p 00002000 08:01 6048640                    /lib/x86_64-linux-gnu/libdl-2.19.so
7f15507a4000-7f15507a5000 rw-p 00003000 08:01 6048640                    /lib/x86_64-linux-gnu/libdl-2.19.so
7f15507a5000-7f15507bb000 r-xp 00000000 08:01 8397503                    /usr/lib/jvm/java-7-oracle/lib/amd64/jli/libjli.so
7f15507bb000-7f15509bb000 ---p 00016000 08:01 8397503                    /usr/lib/jvm/java-7-oracle/lib/amd64/jli/libjli.so
7f15509bb000-7f15509bc000 rw-p 00016000 08:01 8397503                    /usr/lib/jvm/java-7-oracle/lib/amd64/jli/libjli.so
7f15509bc000-7f15509d5000 r-xp 00000000 08:01 6048652                    /lib/x86_64-linux-gnu/libpthread-2.19.so
7f15509d5000-7f1550bd4000 ---p 00019000 08:01 6048652                    /lib/x86_64-linux-gnu/libpthread-2.19.so
7f1550bd4000-7f1550bd5000 r--p 00018000 08:01 6048652                    /lib/x86_64-linux-gnu/libpthread-2.19.so
7f1550bd5000-7f1550bd6000 rw-p 00019000 08:01 6048652                    /lib/x86_64-linux-gnu/libpthread-2.19.so
7f1550bd6000-7f1550bda000 rw-p 00000000 00:00 0 
7f1550bda000-7f1550bfd000 r-xp 00000000 08:01 6048648                    /lib/x86_64-linux-gnu/ld-2.19.so
7f1550bfd000-7f1550bfe000 r--s 00002000 08:01 8652222                    /home/raphael/.m2/repository/com/github/detro/phantomjsdriver/1.2.0/phantomjsdriver-1.2.0.jar
7f1550bfe000-7f1550c00000 r--s 0000b000 08:01 6817602                    /home/raphael/.m2/repository/org/apache/commons/commons-exec/1.1/commons-exec-1.1.jar
7f1550c00000-7f1550c02000 r--s 00274000 08:01 6822966                    /home/raphael/.m2/repository/org/seleniumhq/selenium/selenium-firefox-driver/2.44.0/selenium-firefox-driver-2.44.0.jar
7f1550c02000-7f1550c09000 r--s 00048000 08:01 8533236                    /home/raphael/.m2/repository/org/apache/httpcomponents/httpcore/4.4/httpcore-4.4.jar
7f1550c09000-7f1550c10000 r--s 00049000 08:01 6817543                    /home/raphael/.m2/repository/cglib/cglib-nodep/2.1_3/cglib-nodep-2.1_3.jar
7f1550c10000-7f1550c15000 r--s 00033000 08:01 7741204                    /home/raphael/.m2/repository/org/seleniumhq/selenium/selenium-remote-driver/2.44.0/selenium-remote-driver-2.44.0.jar
7f1550c15000-7f1550c1a000 r--s 0005c000 08:01 6822965                    /home/raphael/.m2/repository/org/seleniumhq/selenium/selenium-java/2.44.0/selenium-java-2.44.0.jar
7f1550c1a000-7f1550c59000 rw-p 00000000 00:00 0 
7f1550c59000-7f1550c82000 rw-p 00000000 00:00 0 
7f1550c82000-7f1550c85000 rw-p 00000000 00:00 0 
7f1550c85000-7f1550cc9000 r-xp 00000000 08:01 12722603                   /opt/eset/esets/lib/libesets_pac.so
7f1550cc9000-7f1550dc8000 ---p 00044000 08:01 12722603                   /opt/eset/esets/lib/libesets_pac.so
7f1550dc8000-7f1550dcb000 rw-p 00043000 08:01 12722603                   /opt/eset/esets/lib/libesets_pac.so
7f1550dcb000-7f1550dde000 rw-p 00000000 00:00 0 
7f1550dde000-7f1550ddf000 r--s 00002000 08:01 6822963                    /home/raphael/.m2/repository/org/seleniumhq/selenium/selenium-ie-driver/2.44.0/selenium-ie-driver-2.44.0.jar
7f1550ddf000-7f1550de0000 r--s 00002000 08:01 6822964                    /home/raphael/.m2/repository/org/seleniumhq/selenium/selenium-chrome-driver/2.44.0/selenium-chrome-driver-2.44.0.jar
7f1550de0000-7f1550de1000 r--s 00005000 08:01 13119373                   /home/raphael/.m2/repository/io/vilt/minium/minium-webelements-config/1.0.0-SNAPSHOT/minium-webelements-config-1.0.0-SNAPSHOT.jar
7f1550de1000-7f1550de2000 r--s 00007000 08:01 9579036                    /home/raphael/.m2/repository/org/slf4j/slf4j-api/1.7.10/slf4j-api-1.7.10.jar
7f1550de2000-7f1550def000 rw-p 00000000 00:00 0 
7f1550def000-7f1550df7000 rw-s 00000000 08:01 8126718                    /tmp/hsperfdata_raphael/15380
7f1550df7000-7f1550df8000 rw-p 00000000 00:00 0 
7f1550df8000-7f1550df9000 ---p 00000000 00:00 0 
7f1550df9000-7f1550dfc000 rw-p 00000000 00:00 0 
7f1550dfc000-7f1550dfd000 r--p 00022000 08:01 6048648                    /lib/x86_64-linux-gnu/ld-2.19.so
7f1550dfd000-7f1550dfe000 rw-p 00023000 08:01 6048648                    /lib/x86_64-linux-gnu/ld-2.19.so
7f1550dfe000-7f1550dff000 rw-p 00000000 00:00 0 
7fffbd7a4000-7fffbd7c7000 rw-p 00000000 00:00 0                          [stack]
7fffbd7fc000-7fffbd7fe000 r-xp 00000000 00:00 0                          [vdso]
ffffffffff600000-ffffffffff601000 r-xp 00000000 00:00 0                  [vsyscall]

