#
# A fatal error has been detected by the Java Runtime Environment:
#
#  SIGSEGV (0xb) at pc=0x00007f2af49c5a6b, pid=19574, tid=139822264096512
#
# JRE version: Java(TM) SE Runtime Environment (7.0_76-b13) (build 1.7.0_76-b13)
# Java VM: Java HotSpot(TM) 64-Bit Server VM (24.76-b04 mixed mode linux-amd64 compressed oops)
# Problematic frame:
# V  [libjvm.so+0x558a6b]  STWGCTimer::register_gc_start(Ticks const&)+0xb
#
# Failed to write core dump. Core dumps have been disabled. To enable core dumping, try "ulimit -c unlimited" before starting Java again
#
# If you would like to submit a bug report, please visit:
#   http://bugreport.java.com/bugreport/crash.jsp
#

---------------  T H R E A D  ---------------

Current thread (0x00007f2af0071800):  VMThread [stack: 0x00007f2ae8521000,0x00007f2ae8622000] [id=19585]

siginfo:si_signo=SIGSEGV: si_errno=0, si_code=1 (SEGV_MAPERR), si_addr=0x0000000000000000

Registers:
RAX=0x0000000000000000, RBX=0x00007f2af001f990, RCX=0x0000000000000018, RDX=0x00007f2ae8620940
RSP=0x00007f2ae8620590, RBP=0x00007f2ae8620590, RSI=0x00007f2ae8620940, RDI=0x00007f2af52bc580
R8 =0x0000000000000000, R9 =0x0000000000000001, R10=0x0000000054ef5072, R11=0x0000000000000002
R12=0x00007f2af0024050, R13=0x000000000000000a, R14=0x00007f2af52d0c18, R15=0x000000000000000a
RIP=0x00007f2af49c5a6b, EFLAGS=0x0000000000010206, CSGSFS=0x0000000000000033, ERR=0x0000000000000006
  TRAPNO=0x000000000000000e

Top of Stack: (sp=0x00007f2ae8620590)
0x00007f2ae8620590:   00007f2ae86209d0 00007f2af4cf7248
0x00007f2ae86205a0:   0000000015500000 0000000009c80000
0x00007f2ae86205b0:   0000000000000000 000000000000000a
0x00007f2ae86205c0:   00007f2af00224e0 0000000000000000
0x00007f2ae86205d0:   0000000000000000 00007f2ae86207f0
0x00007f2ae86205e0:   00007f2ae86207b0 00007f2ae86208c0
0x00007f2ae86205f0:   00007f2af52bad70 00007f2af52ae8d9
0x00007f2ae8620600:   00007f2ae8620890 00007f2ae8620960
0x00007f2ae8620610:   00007f2ae8620830 00007f2ae8620950
0x00007f2ae8620620:   00007f2af001f990 000000000000000a
0x00007f2ae8620630:   00007f2af0022690 00007f2af0022720
0x00007f2ae8620640:   00007f2af0024630 00007f2af0024050
0x00007f2ae8620650:   0000000007cf71c0 0000000004dedcb0
0x00007f2ae8620660:   00000000db6bce80 00007f2af006f540
0x00007f2ae8620670:   0000000009c80000 00007f2af002f130
0x00007f2ae8620680:   00007f2af002f140 00007f2af002f518
0x00007f2ae8620690:   00007f2af0070820 00000000000003d8
0x00007f2ae86206a0:   00000000005e12a2 00000000006d79d0
0x00007f2ae86206b0:   0000000000000000 00007f2aeb9da1d0
0x00007f2ae86206c0:   00007f2ae86207d0 00007f2aeb9da1d0
0x00007f2ae86206d0:   000000012c423330 0000000000000000
0x00007f2ae86206e0:   00007f2ae86209e0 00007f2af4d0f606
0x00007f2ae86206f0:   0000000000000000 00007f2ae8620870
0x00007f2ae8620700:   00007f2ae8620a00 00007f2ae8620a08
0x00007f2ae8620710:   00007f2ae86209f8 00007f2af002f150
0x00007f2ae8620720:   00007f2aeb9da404 0000000000000000
0x00007f2ae8620730:   0000000000000000 0000000000000000
0x00007f2ae8620740:   0000000000000000 0000000000000000
0x00007f2ae8620750:   0000000000000000 0000000000000000
0x00007f2ae8620760:   0000000000000002 0000000000000000
0x00007f2ae8620770:   000000000000256c 000000010c040ebc
0x00007f2ae8620780:   0000000000000000 00007f2af006da80 

Instructions: (pc=0x00007f2af49c5a6b)
0x00007f2af49c5a4b:   fd ff ff 66 90 55 48 83 c7 28 48 89 e5 c9 e9 a2
0x00007f2af49c5a5b:   fd ff ff 66 90 55 48 8b 47 28 48 89 f2 48 89 e5
0x00007f2af49c5a6b:   c7 00 00 00 00 00 c7 47 44 00 00 00 00 48 c7 47
0x00007f2af49c5a7b:   50 00 00 00 00 48 c7 47 48 00 00 00 00 48 c7 47 

Register to memory mapping:

RAX=0x0000000000000000 is an unknown value
RBX=0x00007f2af001f990 is an unknown value
RCX=0x0000000000000018 is an unknown value
RDX=0x00007f2ae8620940 is an unknown value
RSP=0x00007f2ae8620590 is an unknown value
RBP=0x00007f2ae8620590 is an unknown value
RSI=0x00007f2ae8620940 is an unknown value
RDI=0x00007f2af52bc580: <offset 0xe4f580> in /usr/lib/jvm/java-7-oracle/jre/lib/amd64/server/libjvm.so at 0x00007f2af446d000
R8 =0x0000000000000000 is an unknown value
R9 =0x0000000000000001 is an unknown value
R10=0x0000000054ef5072 is an unknown value
R11=0x0000000000000002 is an unknown value
R12=0x00007f2af0024050 is an unknown value
R13=0x000000000000000a is an unknown value
R14=0x00007f2af52d0c18: <offset 0xe63c18> in /usr/lib/jvm/java-7-oracle/jre/lib/amd64/server/libjvm.so at 0x00007f2af446d000
R15=0x000000000000000a is an unknown value


Stack: [0x00007f2ae8521000,0x00007f2ae8622000],  sp=0x00007f2ae8620590,  free space=1021k
Native frames: (J=compiled Java code, j=interpreted, Vv=VM code, C=native code)
V  [libjvm.so+0x558a6b]  STWGCTimer::register_gc_start(Ticks const&)+0xb
V  [libjvm.so+0x88a248]  PSScavenge::invoke_no_policy()+0x48
V  [libjvm.so+0x88b981]  PSScavenge::invoke()+0x41
V  [libjvm.so+0x842300]  ParallelScavengeHeap::failed_mem_allocate(unsigned long)+0x70
V  [libjvm.so+0x9a4b47]  VM_ParallelGCFailedAllocation::doit()+0x97
V  [libjvm.so+0x9abfe5]  VM_Operation::evaluate()+0x55
V  [libjvm.so+0x9aa3aa]  VMThread::evaluate_operation(VM_Operation*)+0xba
V  [libjvm.so+0x9aa72e]  VMThread::loop()+0x1ce
V  [libjvm.so+0x9aaba0]  VMThread::run()+0x70
V  [libjvm.so+0x821ca8]  java_start(Thread*)+0x108

VM_Operation (0x00007f2a704b2780): ParallelGCFailedAllocation, mode: safepoint, requested by thread 0x00007f2ab4005000


---------------  P R O C E S S  ---------------

Java Threads: ( => current thread )
  0x00007f2ab4005000 JavaThread "Thread-1" [_thread_blocked, id=20827, stack(0x00007f2a703b3000,0x00007f2a704b4000)]
  0x00007f2ab4003800 JavaThread "XToolkt-Shutdown-Thread" [_thread_blocked, id=20826, stack(0x00007f2a704b4000,0x00007f2a705b5000)]
  0x00007f2ab4002000 JavaThread "Thread-0" [_thread_blocked, id=20825, stack(0x00007f2a705b5000,0x00007f2a706b6000)]
  0x00007f2ac8003800 JavaThread "SIGTERM handler" daemon [_thread_blocked, id=20824, stack(0x00007f2adbcfd000,0x00007f2adbdfe000)]
  0x00007f2af0401800 JavaThread "clientOutboundChannel-73" [_thread_blocked, id=20823, stack(0x00007f2a7242c000,0x00007f2a7252d000)]
  0x00007f2af0f5a000 JavaThread "clientOutboundChannel-72" [_thread_blocked, id=20822, stack(0x00007f2a71f27000,0x00007f2a72028000)]
  0x00007f2af0f59000 JavaThread "clientOutboundChannel-71" [_thread_blocked, id=20821, stack(0x00007f2a706b6000,0x00007f2a707b7000)]
  0x00007f2af0f58800 JavaThread "clientOutboundChannel-70" [_thread_blocked, id=20820, stack(0x00007f2a716c6000,0x00007f2a717c7000)]
  0x00007f2af00ca000 JavaThread "clientOutboundChannel-69" [_thread_blocked, id=20819, stack(0x00007f2a712c2000,0x00007f2a713c3000)]
  0x00007f2af00c9800 JavaThread "clientOutboundChannel-68" [_thread_blocked, id=20818, stack(0x00007f2a7232b000,0x00007f2a7242c000)]
  0x00007f2af06f2800 JavaThread "clientOutboundChannel-67" [_thread_blocked, id=20817, stack(0x00007f2a710c0000,0x00007f2a711c1000)]
  0x00007f2af0d2d000 JavaThread "clientOutboundChannel-66" [_thread_blocked, id=20816, stack(0x00007f2a709b9000,0x00007f2a70aba000)]
  0x00007f2a680d3000 JavaThread "jsengine-thread-16" daemon [_thread_blocked, id=20815, stack(0x00007f2a70aba000,0x00007f2a70bbb000)]
  0x00007f2a680b7800