#
# A fatal error has been detected by the Java Runtime Environment:
#
#  SIGSEGV (0xb) at pc=0x00007f3928e5e825, pid=26144, tid=139883270887168
#
# JRE version: Java(TM) SE Runtime Environment (7.0_76-b13) (build 1.7.0_76-b13)
# Java VM: Java HotSpot(TM) 64-Bit Server VM (24.76-b04 mixed mode linux-amd64 compressed oops)
# Problematic frame:
# V  [libjvm.so+0x558825]  TimePartitions::report_gc_phase_start(char const*, Ticks const&)+0x25
#
# Failed to write core dump. Core dumps have been disabled. To enable core dumping, try "ulimit -c unlimited" before starting Java again
#
# If you would like to submit a bug report, please visit:
#   http://bugreport.java.com/bugreport/crash.jsp
#

---------------  T H R E A D  ---------------

Current thread (0x00007f3924071800):  VMThread [stack: 0x00007f391c9bd000,0x00007f391cabe000] [id=26155]

siginfo:si_signo=SIGSEGV: si_errno=0, si_code=1 (SEGV_MAPERR), si_addr=0x0000000000000000

Registers:
RAX=0x00007f39297513a0, RBX=0x0000000000000000, RCX=0x0000000000000018, RDX=0x00007f391cabc748
RSP=0x00007f391cabc410, RBP=0x00007f391cabc460, RSI=0x00007f392931cfec, RDI=0x00007f39297555a8
R8 =0x0000000402babec6, R9 =0x0000000000000000, R10=0x0000000000000001, R11=0x00007f392931cfec
R12=0x00007f391cabc748, R13=0x00007f39297555a8, R14=0x00007f39240225e0, R15=0x0000000015500000
RIP=0x00007f3928e5e825, EFLAGS=0x0000000000010202, CSGSFS=0x0000000000000033, ERR=0x0000000000000004
  TRAPNO=0x000000000000000e

Top of Stack: (sp=0x00007f391cabc410)
0x00007f391cabc410:   00007f39240225e0 0000000015500000
0x00007f391cabc420:   00007f391cabc440 00007f3929121473
0x00007f391cabc430:   0000000054f86e8c 00007f391cabc730
0x00007f391cabc440:   00007f391cabc748 00007f392931cfec
0x00007f391cabc450:   00007f39240225e0 0000000015500000
0x00007f391cabc460:   00007f391cabc490 00007f3928e668f0
0x00007f391cabc470:   00007f391cabc490 0000000006a80000
0x00007f391cabc480:   0000000000000000 0000000000433f6c
0x00007f391cabc490:   00007f391cabc8d0 00007f39291911a0
0x00007f391cabc4a0:   0000000015500000 0000000008c80000
0x00007f391cabc4b0:   0000005b00000000 000000000000000a
0x00007f391cabc4c0:   00007f39240225e0 000000770000006e
0x00007f391cabc4d0:   0000000000000000 00007f391cabc6f0
0x00007f391cabc4e0:   00007f391cabc6b0 00007f391cabc7c0
0x00007f391cabc4f0:   00007f3929753d70 00007f39297478d9
0x00007f391cabc500:   00007f391cabc790 00007f391cabc860
0x00007f391cabc510:   00007f391cabc730 00007f391cabc850
0x00007f391cabc520:   00007f392401fa90 00007f380000000a
0x00007f391cabc530:   00007f3924022790 00007f3924022820
0x00007f391cabc540:   00007f3924024730 00007f3924024150
0x00007f391cabc550:   0000000008c47b20 0000000006acc010
0x00007f391cabc560:   00000000da5ab590 00007f392406f650
0x00007f391cabc570:   0000000008c80000 00007f392402f230
0x00007f391cabc580:   00007f392402f240 00007f392402f618
0x00007f391cabc590:   00007f3924070930 00000000000003d8
0x00007f391cabc5a0:   000000000042f762 00000000004b56b2
0x00007f391cabc5b0:   0000000000000000 0000000000000000
0x00007f391cabc5c0:   0000000000000082 0000000000000015
0x00007f391cabc5d0:   0000000402ba9f5e 0000000000000000
0x00007f391cabc5e0:   00007f391c004347 00007f39291a8606
0x00007f391cabc5f0:   00007f391cabc650 00007f391cabc770
0x00007f391cabc600:   00007f391cabc900 00007f391cabc908 

Instructions: (pc=0x00007f3928e5e825)
0x00007f3928e5e805:   89 e5 41 57 41 56 41 55 49 89 fd 41 54 53 48 83
0x00007f3928e5e815:   ec 28 48 8b 1f 44 8b 57 1c 4c 8b 4a 08 4c 8b 02
0x00007f3928e5e825:   44 8b 23 44 8b 7b 04 45 39 fc 74 5f 41 8d 44 24
0x00007f3928e5e835:   01 89 03 49 63 c4 48 8d 14 c5 00 00 00 00 48 c1 

Register to memory mapping:

RAX=0x00007f39297513a0: <offset 0xe4b3a0> in /usr/lib/jvm/java-7-oracle/jre/lib/amd64/server/libjvm.so at 0x00007f3928906000
RBX=0x0000000000000000 is an unknown value
RCX=0x0000000000000018 is an unknown value
RDX=0x00007f391cabc748 is an unknown value
RSP=0x00007f391cabc410 is an unknown value
RBP=0x00007f391cabc460 is an unknown value
RSI=0x00007f392931cfec: <offset 0xa16fec> in /usr/lib/jvm/java-7-oracle/jre/lib/amd64/server/libjvm.so at 0x00007f3928906000
RDI=0x00007f39297555a8: <offset 0xe4f5a8> in /usr/lib/jvm/java-7-oracle/jre/lib/amd64/server/libjvm.so at 0x00007f3928906000
R8 =0x0000000402babec6 is an unknown value
R9 =0x0000000000000000 is an unknown value
R10=0x0000000000000001 is an unknown value
R11=0x00007f392931cfec: <offset 0xa16fec> in /usr/lib/jvm/java-7-oracle/jre/lib/amd64/server/libjvm.so at 0x00007f3928906000
R12=0x00007f391cabc748 is an unknown value
R13=0x00007f39297555a8: <offset 0xe4f5a8> in /usr/lib/jvm/java-7-oracle/jre/lib/amd64/server/libjvm.so at 0x00007f3928906000
R14=0x00007f39240225e0 is an unknown value
R15=0x0000000015500000 is an unknown value


Stack: [0x00007f391c9bd000,0x00007f391cabe000],  sp=0x00007f391cabc410,  free space=1021k
Native frames: (J=compiled Java code, j=interpreted, Vv=VM code, C=native code)
V  [libjvm.so+0x558825]